itc2007/comp11.ctt SAT 0.47164683400000007 0
var_ch_c0006_d0h0
var_cd_c0006_0
var_cd_c0006_1
var_ch_c0006_d1h7
var_cd_c0007_2
var_ch_c0007_d2h6
var_cd_c0007_4
var_ch_c0007_d4h1
var_ch_c0008_d2h0
var_cd_c0008_2
var_ch_c0008_d2h1
var_ch_c0008_d2h2
var_ch_c0008_d2h5
var_cd_c0008_3
var_ch_c0008_d3h7
var_ch_c0008_d3h8
var_ch_c0008_d4h0
var_cd_c0008_4
var_ch_c0008_d4h2
var_ch_c0008_d4h5
var_cd_c0009_0
var_ch_c0009_d0h1
var_cd_c0009_1
var_ch_c0009_d1h8
var_cd_c0009_3
var_ch_c0009_d3h6
var_cd_c0009_4
var_ch_c0009_d4h3
var_ch_c0009_d4h4
var_ch_c0009_d4h6
var_ch_c0009_d4h7
var_cd_c0017_0
var_ch_c0017_d0h8
var_cd_c0017_1
var_ch_c0017_d1h1
var_cd_c0017_2
var_ch_c0017_d2h8
var_cd_c0018_0
var_ch_c0018_d0h2
var_ch_c0018_d0h3
var_ch_c0018_d0h4
var_cd_c0018_1
var_ch_c0018_d1h3
var_ch_c0018_d1h4
var_cd_c0018_2
var_ch_c0018_d2h3
var_cd_c0018_3
var_ch_c0018_d3h1
var_ch_c0018_d3h2
var_ch_c0018_d3h4
var_cd_c0019_0
var_ch_c0019_d0h7
var_ch_c0019_d1h0
var_cd_c0019_1
var_ch_c0019_d1h2
var_ch_c0019_d1h5
var_ch_c0019_d1h6
var_cd_c0019_2
var_ch_c0019_d2h4
var_ch_c0019_d2h7
var_cd_c0019_3
var_ch_c0019_d3h5
var_cd_c0079_0
var_ch_c0079_d0h5
var_cd_c0079_1
var_ch_c0079_d1h2
var_cd_c0079_3
var_ch_c0079_d3h7
var_ch_c0079_d3h8
var_cd_c0079_4
var_ch_c0079_d4h7
var_ch_c0079_d4h8
var_cd_c0081_0
var_ch_c0081_d0h5
var_cd_c0081_1
var_ch_c0081_d1h6
var_cd_c0081_3
var_ch_c0081_d3h3
var_ch_c0081_d3h4
var_cd_c0081_4
var_ch_c0081_d4h7
var_ch_c0081_d4h8
var_cd_c0082_1
var_ch_c0082_d1h6
var_cd_c0082_2
var_ch_c0082_d2h6
var_ch_c0082_d3h0
var_cd_c0082_3
var_ch_c0082_d3h1
var_cd_c0082_4
var_ch_c0082_d4h1
var_cd_c0083_1
var_ch_c0083_d1h2
var_cd_c0083_2
var_ch_c0083_d2h6
var_cd_c0083_3
var_ch_c0083_d3h1
var_ch_c0083_d3h2
var_cd_c0083_4
var_ch_c0083_d4h1
var_cd_c0085_0
var_ch_c0085_d0h5
var_cd_c0085_1
var_ch_c0085_d1h6
var_cd_c0085_3
var_ch_c0085_d3h4
var_ch_c0085_d3h5
var_cd_c0085_4
var_ch_c0085_d4h5
var_cd_c0026_0
var_ch_c0026_d0h8
var_cd_c0026_1
var_ch_c0026_d1h5
var_ch_c0026_d2h0
var_cd_c0026_2
var_ch_c0026_d2h1
var_ch_c0026_d2h2
var_cd_c0026_4
var_ch_c0026_d4h4
var_cd_c0027_0
var_ch_c0027_d0h7
var_cd_c0027_1
var_ch_c0027_d1h3
var_cd_c0027_2
var_ch_c0027_d2h3
var_ch_c0027_d2h5
var_cd_c0027_4
var_ch_c0027_d4h2
var_ch_c0027_d4h3
var_cd_c0028_0
var_ch_c0028_d0h6
var_cd_c0028_1
var_ch_c0028_d1h4
var_cd_c0028_2
var_ch_c0028_d2h4
var_cd_c0034_0
var_ch_c0034_d0h8
var_cd_c0034_1
var_ch_c0034_d1h7
var_cd_c0034_2
var_ch_c0034_d2h4
var_ch_c0034_d2h5
var_ch_c0034_d2h8
var_ch_c0034_d3h0
var_cd_c0034_3
var_cd_c0036_0
var_ch_c0036_d0h6
var_ch_c0036_d0h7
var_cd_c0036_1
var_ch_c0036_d1h7
var_ch_c0036_d1h8
var_cd_c0036_2
var_ch_c0036_d2h8
var_ch_c0036_d3h0
var_cd_c0036_3
var_cd_c0038_0
var_ch_c0038_d0h4
var_cd_c0038_1
var_ch_c0038_d1h2
var_cd_c0038_2
var_ch_c0038_d2h7
var_cd_c0038_3
var_ch_c0038_d3h1
var_ch_c0038_d4h0
var_cd_c0038_4
var_ch_c0038_d4h1
var_cd_c0040_0
var_ch_c0040_d0h3
var_cd_c0040_1
var_ch_c0040_d1h1
var_cd_c0040_3
var_ch_c0040_d3h5
var_cd_c0040_4
var_ch_c0040_d4h5
var_ch_c0040_d4h6
var_cd_c0042_0
var_ch_c0042_d0h6
var_ch_c0042_d0h7
var_cd_c0042_1
var_ch_c0042_d1h8
var_cd_c0042_2
var_ch_c0042_d2h3
var_cd_c0042_3
var_ch_c0042_d3h3
var_cd_c0044_1
var_ch_c0044_d1h7
var_ch_c0044_d1h8
var_cd_c0044_2
var_ch_c0044_d2h6
var_ch_c0044_d3h0
var_cd_c0044_3
var_cd_c0044_4
var_ch_c0044_d4h8
var_ch_c0045_d0h0
var_cd_c0045_0
var_ch_c0045_d0h1
var_cd_c0045_1
var_ch_c0045_d1h6
var_cd_c0045_3
var_ch_c0045_d3h2
var_ch_c0045_d3h6
var_cd_c0045_4
var_ch_c0045_d4h7
var_cd_c0107_0
var_ch_c0107_d0h3
var_cd_c0107_1
var_ch_c0107_d1h5
var_ch_c0107_d2h0
var_cd_c0107_2
var_cd_c0107_3
var_ch_c0107_d3h5
var_ch_c0107_d3h6
var_ch_c0107_d3h7
var_cd_c0108_0
var_ch_c0108_d0h4
var_cd_c0108_1
var_ch_c0108_d1h3
var_ch_c0108_d1h4
var_cd_c0108_2
var_ch_c0108_d2h1
var_cd_c0108_4
var_ch_c0108_d4h3
var_ch_c0108_d4h4
var_ch_c0108_d4h6
var_ch_c0108_d4h7
var_ch_c0108_d4h8
var_cd_c0109_0
var_ch_c0109_d0h1
var_cd_c0109_1
var_ch_c0109_d1h3
var_cd_c0109_2
var_ch_c0109_d2h4
var_ch_c0109_d2h5
var_cd_c0110_0
var_ch_c0110_d0h4
var_cd_c0110_1
var_ch_c0110_d1h1
var_cd_c0110_2
var_ch_c0110_d2h1
var_ch_c0110_d2h2
var_ch_c0110_d2h7
var_cd_c0110_4
var_ch_c0110_d4h2
var_ch_c0110_d4h3
var_ch_c0111_d1h0
var_cd_c0111_1
var_cd_c0111_3
var_ch_c0111_d3h3
var_cd_c0113_0
var_ch_c0113_d0h5
var_cd_c0113_2
var_ch_c0113_d2h8
var_cd_c0113_3
var_ch_c0113_d3h4
var_ch_c0115_d0h0
var_cd_c0115_0
var_cd_c0115_1
var_ch_c0115_d1h2
var_cd_c0115_2
var_ch_c0115_d2h2
var_ch_c0115_d2h6
var_cd_c0115_3
var_ch_c0115_d3h1
var_ch_c0115_d3h2
var_cd_c0116_0
var_ch_c0116_d0h2
var_cd_c0116_2
var_ch_c0116_d2h3
var_cd_c0116_4
var_ch_c0116_d4h5
var_ch_c0116_d4h6
var_kh_q000_d0h0
var_kh_q000_d0h1
var_kh_q000_d1h7
var_kh_q000_d1h8
var_kh_q000_d2h0
var_kh_q000_d2h1
var_kh_q000_d2h2
var_kh_q000_d2h5
var_kh_q000_d2h6
var_kh_q000_d3h6
var_kh_q000_d3h7
var_kh_q000_d3h8
var_kh_q000_d4h0
var_kh_q000_d4h1
var_kh_q000_d4h2
var_kh_q000_d4h3
var_kh_q000_d4h4
var_kh_q000_d4h5
var_kh_q000_d4h6
var_kh_q000_d4h7
var_kh_q001_d0h2
var_kh_q001_d0h3
var_kh_q001_d0h4
var_kh_q001_d0h7
var_kh_q001_d0h8
var_kh_q001_d1h0
var_kh_q001_d1h1
var_kh_q001_d1h2
var_kh_q001_d1h3
var_kh_q001_d1h4
var_kh_q001_d1h5
var_kh_q001_d1h6
var_kh_q001_d2h3
var_kh_q001_d2h4
var_kh_q001_d2h7
var_kh_q001_d2h8
var_kh_q001_d3h1
var_kh_q001_d3h2
var_kh_q001_d3h4
var_kh_q001_d3h5
var_kh_q002_d0h5
var_kh_q002_d0h6
var_kh_q002_d0h7
var_kh_q002_d0h8
var_kh_q002_d1h2
var_kh_q002_d1h3
var_kh_q002_d1h4
var_kh_q002_d1h5
var_kh_q002_d2h0
var_kh_q002_d2h1
var_kh_q002_d2h2
var_kh_q002_d2h3
var_kh_q002_d2h4
var_kh_q002_d2h5
var_kh_q002_d3h7
var_kh_q002_d3h8
var_kh_q002_d4h2
var_kh_q002_d4h3
var_kh_q002_d4h4
var_kh_q002_d4h7
var_kh_q002_d4h8
var_kh_q003_d0h5
var_kh_q003_d0h6
var_kh_q003_d0h7
var_kh_q003_d0h8
var_kh_q003_d1h3
var_kh_q003_d1h4
var_kh_q003_d1h5
var_kh_q003_d1h6
var_kh_q003_d2h0
var_kh_q003_d2h1
var_kh_q003_d2h2
var_kh_q003_d2h3
var_kh_q003_d2h4
var_kh_q003_d2h5
var_kh_q003_d3h4
var_kh_q003_d3h5
var_kh_q003_d4h2
var_kh_q003_d4h3
var_kh_q003_d4h4
var_kh_q003_d4h5
var_kh_q004_d0h6
var_kh_q004_d0h7
var_kh_q004_d0h8
var_kh_q004_d1h2
var_kh_q004_d1h3
var_kh_q004_d1h4
var_kh_q004_d1h5
var_kh_q004_d2h0
var_kh_q004_d2h1
var_kh_q004_d2h2
var_kh_q004_d2h3
var_kh_q004_d2h4
var_kh_q004_d2h5
var_kh_q004_d2h6
var_kh_q004_d3h1
var_kh_q004_d3h2
var_kh_q004_d4h1
var_kh_q004_d4h2
var_kh_q004_d4h3
var_kh_q004_d4h4
var_kh_q005_d0h5
var_kh_q005_d0h6
var_kh_q005_d0h7
var_kh_q005_d0h8
var_kh_q005_d1h3
var_kh_q005_d1h4
var_kh_q005_d1h5
var_kh_q005_d1h6
var_kh_q005_d2h0
var_kh_q005_d2h1
var_kh_q005_d2h2
var_kh_q005_d2h3
var_kh_q005_d2h4
var_kh_q005_d2h5
var_kh_q005_d3h3
var_kh_q005_d3h4
var_kh_q005_d4h2
var_kh_q005_d4h3
var_kh_q005_d4h4
var_kh_q005_d4h7
var_kh_q005_d4h8
var_kh_q006_d0h6
var_kh_q006_d0h7
var_kh_q006_d0h8
var_kh_q006_d1h3
var_kh_q006_d1h4
var_kh_q006_d1h5
var_kh_q006_d1h6
var_kh_q006_d2h0
var_kh_q006_d2h1
var_kh_q006_d2h2
var_kh_q006_d2h3
var_kh_q006_d2h4
var_kh_q006_d2h5
var_kh_q006_d2h6
var_kh_q006_d3h0
var_kh_q006_d3h1
var_kh_q006_d4h1
var_kh_q006_d4h2
var_kh_q006_d4h3
var_kh_q006_d4h4
var_kh_q007_d0h0
var_kh_q007_d0h1
var_kh_q007_d0h3
var_kh_q007_d0h4
var_kh_q007_d1h1
var_kh_q007_d1h2
var_kh_q007_d1h6
var_kh_q007_d1h7
var_kh_q007_d1h8
var_kh_q007_d2h6
var_kh_q007_d2h7
var_kh_q007_d3h0
var_kh_q007_d3h1
var_kh_q007_d3h2
var_kh_q007_d3h5
var_kh_q007_d3h6
var_kh_q007_d4h0
var_kh_q007_d4h1
var_kh_q007_d4h5
var_kh_q007_d4h6
var_kh_q007_d4h7
var_kh_q007_d4h8
var_kh_q008_d0h0
var_kh_q008_d0h1
var_kh_q008_d0h3
var_kh_q008_d0h4
var_kh_q008_d0h6
var_kh_q008_d0h7
var_kh_q008_d0h8
var_kh_q008_d1h1
var_kh_q008_d1h2
var_kh_q008_d1h6
var_kh_q008_d1h7
var_kh_q008_d1h8
var_kh_q008_d2h3
var_kh_q008_d2h4
var_kh_q008_d2h5
var_kh_q008_d2h7
var_kh_q008_d2h8
var_kh_q008_d3h0
var_kh_q008_d3h1
var_kh_q008_d3h2
var_kh_q008_d3h3
var_kh_q008_d3h5
var_kh_q008_d3h6
var_kh_q008_d4h0
var_kh_q008_d4h1
var_kh_q008_d4h5
var_kh_q008_d4h6
var_kh_q008_d4h7
var_kh_q009_d0h0
var_kh_q009_d0h1
var_kh_q009_d0h3
var_kh_q009_d0h4
var_kh_q009_d0h6
var_kh_q009_d0h7
var_kh_q009_d1h1
var_kh_q009_d1h2
var_kh_q009_d1h6
var_kh_q009_d1h7
var_kh_q009_d1h8
var_kh_q009_d2h7
var_kh_q009_d2h8
var_kh_q009_d3h0
var_kh_q009_d3h1
var_kh_q009_d3h2
var_kh_q009_d3h5
var_kh_q009_d3h6
var_kh_q009_d4h0
var_kh_q009_d4h1
var_kh_q009_d4h5
var_kh_q009_d4h6
var_kh_q009_d4h7
var_kh_q010_d0h3
var_kh_q010_d0h4
var_kh_q010_d1h3
var_kh_q010_d1h4
var_kh_q010_d1h5
var_kh_q010_d2h0
var_kh_q010_d2h1
var_kh_q010_d3h5
var_kh_q010_d3h6
var_kh_q010_d3h7
var_kh_q010_d4h3
var_kh_q010_d4h4
var_kh_q010_d4h6
var_kh_q010_d4h7
var_kh_q010_d4h8
var_kh_q011_d0h0
var_kh_q011_d0h1
var_kh_q011_d0h2
var_kh_q011_d1h2
var_kh_q011_d1h3
var_kh_q011_d2h2
var_kh_q011_d2h3
var_kh_q011_d2h4
var_kh_q011_d2h5
var_kh_q011_d2h6
var_kh_q011_d3h1
var_kh_q011_d3h2
var_kh_q011_d4h5
var_kh_q011_d4h6
var_kh_q012_d0h4
var_kh_q012_d0h5
var_kh_q012_d1h0
var_kh_q012_d1h1
var_kh_q012_d2h1
var_kh_q012_d2h2
var_kh_q012_d2h7
var_kh_q012_d2h8
var_kh_q012_d3h3
var_kh_q012_d3h4
var_kh_q012_d4h2
var_kh_q012_d4h3
var_cr_c0006_C
var_cr_c0007_C
var_cr_c0008_C
var_cr_c0009_C
var_cr_c0017_C
var_cr_c0018_C
var_cr_c0019_C
var_cr_c0081_F
var_cr_c0083_F
var_cr_c0036_F
var_cr_c0107_F
var_cr_c0109_F
var_cr_c0110_F
var_cr_c0116_F
var_cr_c0085_G
var_cr_c0034_G
var_cr_c0042_G
var_cr_c0108_G
var_cr_c0115_G
var_cr_c0079_O
var_cr_c0082_O
var_cr_c0026_LUF2
var_cr_c0027_LUF2
var_cr_c0028_LUF2
var_cr_c0038_LUF2
var_cr_c0040_LUF2
var_cr_c0044_LUF2
var_cr_c0045_LUF2
var_cr_c0111_LUF2
var_cr_c0113_LUF2
