itc2007/comp02.ctt SAT 136.280721986 24
var_cd_c0131_2
var_ch_c0131_d2h3
var_cd_c0131_4
var_ch_c0131_d4h1
var_ch_c0131_d4h4
var_ch_c0211_d0h0
var_cd_c0211_0
var_ch_c0211_d1h0
var_cd_c0211_1
var_ch_c0211_d2h0
var_cd_c0211_2
var_cd_c0095_0
var_ch_c0095_d0h1
var_cd_c0095_1
var_ch_c0095_d1h1
var_cd_c0095_2
var_ch_c0095_d2h1
var_cd_c0152_1
var_ch_c0152_d1h2
var_ch_c0152_d3h0
var_cd_c0152_3
var_cd_c0152_4
var_ch_c0152_d4h3
var_cd_c0103_0
var_ch_c0103_d0h4
var_cd_c0103_1
var_ch_c0103_d1h3
var_cd_c0103_3
var_ch_c0103_d3h4
var_cd_c0111_0
var_ch_c0111_d0h3
var_cd_c0111_2
var_ch_c0111_d2h4
var_cd_c0111_3
var_ch_c0111_d3h2
var_cd_c0113_1
var_ch_c0113_d1h4
var_cd_c0113_2
var_ch_c0113_d2h2
var_cd_c0113_3
var_ch_c0113_d3h1
var_cd_c0115_0
var_ch_c0115_d0h2
var_cd_c0115_1
var_ch_c0115_d1h2
var_cd_c0115_2
var_ch_c0115_d2h3
var_cd_c0119_0
var_ch_c0119_d0h3
var_cd_c0119_1
var_ch_c0119_d1h3
var_cd_c0119_3
var_ch_c0119_d3h3
var_ch_c0127_d1h0
var_cd_c0127_1
var_ch_c0127_d3h0
var_cd_c0127_3
var_cd_c0127_4
var_ch_c0127_d4h1
var_cd_c0007_1
var_ch_c0007_d1h3
var_cd_c0007_2
var_ch_c0007_d2h3
var_cd_c0007_4
var_ch_c0007_d4h2
var_cd_c0015_0
var_ch_c0015_d0h2
var_ch_c0015_d3h0
var_cd_c0015_3
var_ch_c0015_d4h0
var_cd_c0015_4
var_cd_c0019_2
var_ch_c0019_d2h2
var_cd_c0019_3
var_ch_c0019_d3h4
var_cd_c0019_4
var_ch_c0019_d4h3
var_cd_c0020_0
var_ch_c0020_d0h3
var_cd_c0020_3
var_ch_c0020_d3h3
var_cd_c0020_4
var_ch_c0020_d4h2
var_cd_c0023_1
var_ch_c0023_d1h2
var_cd_c0023_3
var_ch_c0023_d3h4
var_cd_c0023_4
var_ch_c0023_d4h1
var_cd_c0080_0
var_ch_c0080_d0h1
var_cd_c0080_1
var_ch_c0080_d1h2
var_cd_c0080_4
var_ch_c0080_d4h1
var_cd_c0088_0
var_ch_c0088_d0h2
var_ch_c0088_d0h3
var_cd_c0088_1
var_ch_c0088_d1h1
var_cd_c0088_2
var_ch_c0088_d2h1
var_cd_c0088_4
var_ch_c0088_d4h2
var_cd_c0044_0
var_ch_c0044_d0h1
var_ch_c0044_d1h0
var_cd_c0044_1
var_ch_c0044_d2h0
var_cd_c0044_2
var_cd_c0110_1
var_ch_c0110_d1h2
var_cd_c0110_2
var_ch_c0110_d2h3
var_cd_c0110_3
var_ch_c0110_d3h3
var_cd_c0058_1
var_ch_c0058_d1h1
var_cd_c0058_2
var_ch_c0058_d2h2
var_cd_c0058_3
var_ch_c0058_d3h2
var_cd_c0061_1
var_ch_c0061_d1h3
var_cd_c0061_2
var_ch_c0061_d2h4
var_ch_c0061_d4h0
var_cd_c0061_4
var_ch_c0066_d2h0
var_cd_c0066_2
var_ch_c0066_d3h0
var_cd_c0066_3
var_cd_c0066_4
var_ch_c0066_d4h3
var_ch_c0074_d1h0
var_cd_c0074_1
var_ch_c0074_d2h0
var_cd_c0074_2
var_ch_c0074_d3h0
var_cd_c0074_3
var_cd_c0213_2
var_ch_c0213_d2h1
var_ch_c0213_d3h0
var_cd_c0213_3
var_cd_c0213_4
var_ch_c0213_d4h1
var_cd_c0219_1
var_ch_c0219_d1h1
var_cd_c0219_2
var_ch_c0219_d2h1
var_ch_c0219_d2h2
var_cd_c0178_1
var_ch_c0178_d1h1
var_ch_c0178_d2h0
var_cd_c0178_2
var_cd_c0178_3
var_ch_c0178_d3h1
var_cd_c0186_2
var_ch_c0186_d2h3
var_cd_c0186_3
var_ch_c0186_d3h1
var_cd_c0186_4
var_ch_c0186_d4h1
var_ch_c0193_d1h0
var_cd_c0193_1
var_cd_c0193_2
var_ch_c0193_d2h4
var_cd_c0193_3
var_ch_c0193_d3h4
var_ch_c0108_d0h0
var_cd_c0108_0
var_ch_c0108_d2h0
var_cd_c0108_2
var_ch_c0108_d4h0
var_cd_c0108_4
var_cd_c0056_1
var_ch_c0056_d1h1
var_cd_c0056_2
var_ch_c0056_d2h1
var_cd_c0056_3
var_ch_c0056_d3h1
var_cd_c0195_0
var_ch_c0195_d0h1
var_cd_c0195_2
var_ch_c0195_d2h2
var_cd_c0195_3
var_ch_c0195_d3h2
var_ch_c0206_d0h0
var_cd_c0206_0
var_ch_c0206_d1h0
var_cd_c0206_1
var_cd_c0206_2
var_ch_c0206_d2h1
var_cd_c0467_0
var_ch_c0467_d0h1
var_cd_c0467_1
var_ch_c0467_d1h1
var_cd_c0467_3
var_ch_c0467_d3h2
var_cd_c0129_2
var_ch_c0129_d2h2
var_cd_c0129_3
var_ch_c0129_d3h2
var_ch_c0129_d4h0
var_cd_c0129_4
var_cd_c0155_0
var_ch_c0155_d0h2
var_ch_c0155_d0h3
var_cd_c0155_1
var_ch_c0155_d1h1
var_cd_c0155_2
var_ch_c0155_d2h1
var_ch_c0155_d2h4
var_cd_c0155_3
var_ch_c0155_d3h1
var_ch_c0155_d3h3
var_cd_c0156_0
var_ch_c0156_d0h1
var_ch_c0156_d0h2
var_cd_c0156_1
var_ch_c0156_d1h3
var_cd_c0156_3
var_ch_c0156_d3h1
var_ch_c0156_d3h3
var_ch_c0156_d3h4
var_cd_c0156_4
var_ch_c0156_d4h2
var_ch_c0157_d0h0
var_cd_c0157_0
var_ch_c0157_d0h1
var_ch_c0157_d0h2
var_cd_c0157_1
var_ch_c0157_d1h3
var_ch_c0157_d1h4
var_cd_c0157_2
var_ch_c0157_d2h1
var_cd_c0157_3
var_ch_c0157_d3h1
var_cd_c0252_0
var_ch_c0252_d0h2
var_cd_c0252_2
var_ch_c0252_d2h1
var_ch_c0252_d3h0
var_cd_c0252_3
var_cd_c0266_0
var_ch_c0266_d0h3
var_cd_c0266_1
var_ch_c0266_d1h3
var_ch_c0266_d1h4
var_cd_c0238_1
var_ch_c0238_d1h1
var_cd_c0238_3
var_ch_c0238_d3h1
var_ch_c0238_d4h0
var_cd_c0238_4
var_ch_c0279_d0h0
var_cd_c0279_0
var_cd_c0279_3
var_ch_c0279_d3h3
var_cd_c0279_4
var_ch_c0279_d4h3
var_cd_c0076_2
var_ch_c0076_d2h2
var_cd_c0076_3
var_ch_c0076_d3h2
var_cd_c0076_4
var_ch_c0076_d4h2
var_cd_c0470_2
var_ch_c0470_d2h1
var_cd_c0470_3
var_ch_c0470_d3h3
var_cd_c0470_4
var_ch_c0470_d4h3
var_cd_c0009_0
var_ch_c0009_d0h2
var_cd_c0009_1
var_ch_c0009_d1h1
var_cd_c0009_2
var_ch_c0009_d2h2
var_cd_c0217_0
var_ch_c0217_d0h4
var_cd_c0217_1
var_ch_c0217_d1h3
var_cd_c0217_4
var_ch_c0217_d4h2
var_cd_c0230_0
var_ch_c0230_d0h3
var_cd_c0230_1
var_ch_c0230_d1h4
var_cd_c0230_3
var_ch_c0230_d3h3
var_cd_c0201_2
var_ch_c0201_d2h4
var_ch_c0201_d3h0
var_cd_c0201_3
var_ch_c0201_d4h0
var_cd_c0201_4
var_ch_c0552_d0h0
var_cd_c0552_0
var_cd_c0552_2
var_ch_c0552_d2h4
var_cd_c0552_3
var_ch_c0552_d3h3
var_cd_c0480_0
var_ch_c0480_d0h1
var_cd_c0480_3
var_ch_c0480_d3h4
var_cd_c0480_4
var_ch_c0480_d4h4
var_cd_c0054_0
var_ch_c0054_d0h4
var_ch_c0054_d1h0
var_cd_c0054_1
var_cd_c0054_2
var_ch_c0054_d2h3
var_ch_c0054_d2h4
var_cd_c0054_3
var_ch_c0054_d3h1
var_cd_c0455_2
var_ch_c0455_d2h2
var_cd_c0455_3
var_ch_c0455_d3h4
var_cd_c0455_4
var_ch_c0455_d4h4
var_cd_c0602_0
var_ch_c0602_d0h1
var_ch_c0602_d1h0
var_cd_c0602_1
var_cd_c0602_2
var_ch_c0602_d2h3
var_cd_c0559_1
var_ch_c0559_d1h3
var_cd_c0559_2
var_ch_c0559_d2h2
var_cd_c0559_3
var_ch_c0559_d3h1
var_ch_c0069_d0h0
var_cd_c0069_0
var_ch_c0069_d3h0
var_cd_c0069_3
var_ch_c0069_d4h0
var_cd_c0069_4
var_cd_c0295_0
var_ch_c0295_d0h4
var_ch_c0295_d2h0
var_cd_c0295_2
var_cd_c0295_3
var_ch_c0295_d3h2
var_ch_c0295_d4h0
var_cd_c0295_4
var_ch_c0295_d4h4
var_cd_c0288_2
var_ch_c0288_d2h2
var_cd_c0288_3
var_ch_c0288_d3h3
var_cd_c0288_4
var_ch_c0288_d4h3
var_ch_c0297_d1h0
var_cd_c0297_1
var_ch_c0297_d2h0
var_cd_c0297_2
var_cd_c0297_3
var_ch_c0297_d3h1
var_ch_c0297_d3h2
var_cd_c0297_4
var_ch_c0297_d4h4
var_ch_c0302_d1h0
var_cd_c0302_1
var_ch_c0302_d2h0
var_cd_c0302_2
var_cd_c0302_3
var_ch_c0302_d3h4
var_cd_c0311_1
var_ch_c0311_d1h2
var_cd_c0311_2
var_ch_c0311_d2h3
var_cd_c0311_3
var_ch_c0311_d3h2
var_cd_c0313_0
var_ch_c0313_d0h4
var_cd_c0313_3
var_ch_c0313_d3h2
var_cd_c0313_4
var_ch_c0313_d4h4
var_ch_c0314_d1h0
var_cd_c0314_1
var_ch_c0314_d2h0
var_cd_c0314_2
var_ch_c0314_d4h0
var_cd_c0314_4
var_ch_c0310_d0h0
var_cd_c0310_0
var_cd_c0310_3
var_ch_c0310_d3h3
var_ch_c0310_d4h0
var_cd_c0310_4
var_cd_c0315_1
var_ch_c0315_d1h2
var_cd_c0315_3
var_ch_c0315_d3h4
var_cd_c0315_4
var_ch_c0315_d4h1
var_ch_c0316_d1h0
var_cd_c0316_1
var_cd_c0316_3
var_ch_c0316_d3h4
var_cd_c0316_4
var_ch_c0316_d4h1
var_cd_c0298_0
var_ch_c0298_d0h3
var_ch_c0298_d0h4
var_cd_c0298_1
var_ch_c0298_d1h2
var_cd_c0298_2
var_ch_c0298_d2h3
var_cd_c0298_3
var_ch_c0298_d3h2
var_ch_c0304_d1h0
var_cd_c0304_1
var_ch_c0304_d1h1
var_cd_c0304_2
var_ch_c0304_d2h1
var_cd_c0304_3
var_ch_c0304_d3h2
var_cd_c0304_4
var_ch_c0304_d4h2
var_cd_c0346_0
var_ch_c0346_d0h1
var_cd_c0346_1
var_ch_c0346_d1h1
var_cd_c0346_2
var_ch_c0346_d2h2
var_cd_c0346_3
var_ch_c0346_d3h1
var_ch_c0346_d3h2
var_cd_c0379_1
var_ch_c0379_d1h3
var_cd_c0379_2
var_ch_c0379_d2h2
var_cd_c0379_4
var_ch_c0379_d4h2
var_cd_c0366_0
var_ch_c0366_d0h3
var_ch_c0366_d0h4
var_cd_c0366_1
var_ch_c0366_d1h4
var_cd_c0366_2
var_ch_c0366_d2h3
var_ch_c0366_d3h0
var_cd_c0366_3
var_cd_c0391_1
var_ch_c0391_d1h3
var_cd_c0391_2
var_ch_c0391_d2h1
var_ch_c0391_d3h0
var_cd_c0391_3
var_cd_c0386_0
var_ch_c0386_d0h1
var_cd_c0386_1
var_ch_c0386_d1h1
var_cd_c0386_3
var_ch_c0386_d3h2
var_cd_c0638_0
var_ch_c0638_d0h2
var_cd_c0638_1
var_ch_c0638_d1h2
var_ch_c0638_d2h0
var_cd_c0638_2
var_ch_c0638_d2h1
var_cd_c0322_0
var_ch_c0322_d0h4
var_cd_c0322_1
var_ch_c0322_d1h4
var_cd_c0322_2
var_ch_c0322_d2h2
var_ch_c0322_d2h3
var_cd_c0322_3
var_ch_c0322_d3h2
var_cd_c0323_1
var_ch_c0323_d1h1
var_cd_c0323_2
var_ch_c0323_d2h1
var_cd_c0323_3
var_ch_c0323_d3h1
var_cd_c0326_2
var_ch_c0326_d2h2
var_cd_c0326_3
var_ch_c0326_d3h2
var_cd_c0326_4
var_ch_c0326_d4h2
var_cd_c0327_1
var_ch_c0327_d1h2
var_cd_c0327_2
var_ch_c0327_d2h3
var_cd_c0327_4
var_ch_c0327_d4h1
var_cd_c0336_0
var_ch_c0336_d0h2
var_ch_c0336_d0h3
var_cd_c0336_1
var_ch_c0336_d1h1
var_cd_c0337_1
var_ch_c0337_d1h2
var_cd_c0337_2
var_ch_c0337_d2h1
var_cd_c0337_3
var_ch_c0337_d3h3
var_cd_c0307_0
var_ch_c0307_d0h3
var_ch_c0307_d0h4
var_cd_c0307_1
var_ch_c0307_d1h2
var_cd_c0307_2
var_ch_c0307_d2h3
var_cd_c0307_3
var_ch_c0307_d3h4
var_cd_c0633_0
var_ch_c0633_d0h1
var_cd_c0633_1
var_ch_c0633_d1h3
var_ch_c0633_d1h4
var_cd_c0633_2
var_ch_c0633_d2h2
var_cd_c0633_4
var_ch_c0633_d4h1
var_cd_c0368_2
var_ch_c0368_d2h3
var_cd_c0368_3
var_ch_c0368_d3h1
var_cd_c0368_4
var_ch_c0368_d4h1
var_ch_c0388_d0h0
var_cd_c0388_0
var_cd_c0388_1
var_ch_c0388_d1h3
var_cd_c0388_3
var_ch_c0388_d3h3
var_cd_c0388_4
var_ch_c0388_d4h2
var_ch_c0388_d4h3
var_kh_q000_d0h0
var_kh_q000_d0h1
var_kh_q000_d0h2
var_kh_q000_d1h2
var_kh_q000_d1h3
var_kh_q000_d1h4
var_kh_q000_d2h1
var_kh_q000_d2h2
var_kh_q000_d2h3
var_kh_q000_d3h0
var_kh_q000_d3h1
var_kh_q000_d3h2
var_kh_q000_d4h0
var_kh_q000_d4h1
var_kh_q000_d4h3
var_kh_q000_d4h4
var_kh_q001_d0h2
var_kh_q001_d0h3
var_kh_q001_d1h1
var_kh_q001_d1h2
var_kh_q001_d2h1
var_kh_q001_d2h2
var_kh_q001_d2h3
var_kh_q001_d2h4
var_kh_q001_d3h0
var_kh_q001_d3h1
var_kh_q001_d3h2
var_kh_q001_d3h3
var_kh_q001_d4h0
var_kh_q001_d4h1
var_kh_q001_d4h3
var_kh_q001_d4h4
var_kh_q002_d0h1
var_kh_q002_d0h2
var_kh_q002_d1h2
var_kh_q002_d1h3
var_kh_q002_d2h2
var_kh_q002_d2h3
var_kh_q002_d3h0
var_kh_q002_d3h1
var_kh_q002_d3h2
var_kh_q002_d3h3
var_kh_q002_d3h4
var_kh_q002_d4h0
var_kh_q002_d4h1
var_kh_q002_d4h2
var_kh_q002_d4h3
var_kh_q002_d4h4
var_kh_q003_d0h0
var_kh_q003_d1h0
var_kh_q003_d1h1
var_kh_q003_d2h0
var_kh_q003_d2h1
var_kh_q003_d3h0
var_kh_q003_d3h1
var_kh_q003_d4h0
var_kh_q003_d4h1
var_kh_q004_d0h3
var_kh_q004_d0h4
var_kh_q004_d1h2
var_kh_q004_d1h3
var_kh_q004_d1h4
var_kh_q004_d3h3
var_kh_q004_d3h4
var_kh_q004_d4h1
var_kh_q004_d4h2
var_kh_q005_d0h2
var_kh_q005_d0h3
var_kh_q005_d1h1
var_kh_q005_d1h2
var_kh_q005_d1h3
var_kh_q005_d1h4
var_kh_q005_d2h2
var_kh_q005_d2h3
var_kh_q005_d3h3
var_kh_q005_d3h4
var_kh_q005_d4h1
var_kh_q005_d4h2
var_kh_q006_d0h0
var_kh_q006_d0h1
var_kh_q006_d0h2
var_kh_q006_d0h3
var_kh_q006_d1h1
var_kh_q006_d1h2
var_kh_q006_d2h1
var_kh_q006_d2h2
var_kh_q006_d3h3
var_kh_q006_d3h4
var_kh_q006_d4h0
var_kh_q006_d4h1
var_kh_q006_d4h2
var_kh_q006_d4h3
var_kh_q007_d0h2
var_kh_q007_d0h3
var_kh_q007_d2h2
var_kh_q007_d2h3
var_kh_q007_d3h0
var_kh_q007_d3h1
var_kh_q007_d3h3
var_kh_q007_d3h4
var_kh_q007_d4h0
var_kh_q007_d4h1
var_kh_q007_d4h2
var_kh_q007_d4h3
var_kh_q009_d0h3
var_kh_q009_d0h4
var_kh_q009_d1h1
var_kh_q009_d1h2
var_kh_q009_d1h3
var_kh_q009_d1h4
var_kh_q009_d2h1
var_kh_q009_d2h2
var_kh_q009_d3h3
var_kh_q009_d3h4
var_kh_q009_d4h1
var_kh_q009_d4h2
var_kh_q010_d0h0
var_kh_q010_d0h1
var_kh_q010_d0h2
var_kh_q010_d0h3
var_kh_q010_d1h0
var_kh_q010_d1h1
var_kh_q010_d1h3
var_kh_q010_d1h4
var_kh_q010_d2h0
var_kh_q010_d2h1
var_kh_q010_d2h2
var_kh_q010_d3h3
var_kh_q010_d3h4
var_kh_q010_d4h0
var_kh_q010_d4h1
var_kh_q010_d4h2
var_kh_q011_d0h0
var_kh_q011_d0h1
var_kh_q011_d0h3
var_kh_q011_d0h4
var_kh_q011_d1h2
var_kh_q011_d1h3
var_kh_q011_d1h4
var_kh_q011_d2h2
var_kh_q011_d2h3
var_kh_q011_d3h2
var_kh_q011_d3h3
var_kh_q011_d4h0
var_kh_q011_d4h1
var_kh_q012_d0h0
var_kh_q012_d0h1
var_kh_q012_d1h0
var_kh_q012_d1h1
var_kh_q012_d2h0
var_kh_q012_d2h1
var_kh_q012_d3h0
var_kh_q012_d3h1
var_kh_q012_d4h0
var_kh_q013_d0h3
var_kh_q013_d0h4
var_kh_q013_d1h0
var_kh_q013_d1h1
var_kh_q013_d1h3
var_kh_q013_d1h4
var_kh_q013_d2h2
var_kh_q013_d2h3
var_kh_q013_d2h4
var_kh_q013_d3h1
var_kh_q013_d3h2
var_kh_q014_d1h1
var_kh_q014_d1h2
var_kh_q014_d1h3
var_kh_q014_d2h0
var_kh_q014_d2h1
var_kh_q014_d2h3
var_kh_q014_d2h4
var_kh_q014_d3h0
var_kh_q014_d3h1
var_kh_q014_d4h0
var_kh_q014_d4h1
var_kh_q014_d4h3
var_kh_q015_d1h0
var_kh_q015_d1h1
var_kh_q015_d1h2
var_kh_q015_d1h3
var_kh_q015_d2h0
var_kh_q015_d2h1
var_kh_q015_d2h3
var_kh_q015_d2h4
var_kh_q015_d3h0
var_kh_q015_d3h1
var_kh_q015_d4h0
var_kh_q015_d4h1
var_kh_q016_d1h1
var_kh_q016_d1h2
var_kh_q016_d1h3
var_kh_q016_d2h1
var_kh_q016_d2h2
var_kh_q016_d2h3
var_kh_q016_d2h4
var_kh_q016_d3h1
var_kh_q016_d3h2
var_kh_q016_d4h0
var_kh_q016_d4h1
var_kh_q016_d4h2
var_kh_q017_d1h1
var_kh_q017_d1h2
var_kh_q017_d1h3
var_kh_q017_d2h1
var_kh_q017_d2h2
var_kh_q017_d2h3
var_kh_q017_d2h4
var_kh_q017_d3h1
var_kh_q017_d3h2
var_kh_q017_d4h0
var_kh_q017_d4h1
var_kh_q017_d4h2
var_kh_q018_d0h0
var_kh_q018_d0h1
var_kh_q018_d1h0
var_kh_q018_d1h1
var_kh_q018_d2h0
var_kh_q018_d2h1
var_kh_q018_d2h2
var_kh_q018_d3h1
var_kh_q018_d3h2
var_kh_q019_d0h1
var_kh_q019_d0h2
var_kh_q019_d1h0
var_kh_q019_d1h1
var_kh_q019_d1h2
var_kh_q019_d2h1
var_kh_q019_d2h2
var_kh_q019_d2h3
var_kh_q019_d2h4
var_kh_q019_d3h0
var_kh_q019_d3h1
var_kh_q019_d3h2
var_kh_q019_d3h3
var_kh_q019_d3h4
var_kh_q020_d0h2
var_kh_q020_d1h2
var_kh_q020_d2h0
var_kh_q020_d2h1
var_kh_q020_d2h3
var_kh_q020_d2h4
var_kh_q020_d3h0
var_kh_q020_d3h1
var_kh_q020_d4h0
var_kh_q020_d4h1
var_kh_q021_d0h1
var_kh_q021_d0h2
var_kh_q021_d1h1
var_kh_q021_d1h2
var_kh_q021_d2h0
var_kh_q021_d2h1
var_kh_q021_d2h3
var_kh_q021_d2h4
var_kh_q021_d3h0
var_kh_q021_d3h1
var_kh_q021_d3h2
var_kh_q021_d4h0
var_kh_q021_d4h1
var_kh_q022_d0h1
var_kh_q022_d0h2
var_kh_q022_d1h1
var_kh_q022_d1h2
var_kh_q022_d2h0
var_kh_q022_d2h1
var_kh_q022_d2h3
var_kh_q022_d2h4
var_kh_q022_d3h0
var_kh_q022_d3h1
var_kh_q022_d3h2
var_kh_q022_d4h0
var_kh_q022_d4h1
var_kh_q024_d0h2
var_kh_q024_d0h3
var_kh_q024_d0h4
var_kh_q024_d1h0
var_kh_q024_d1h1
var_kh_q024_d1h3
var_kh_q024_d1h4
var_kh_q024_d2h1
var_kh_q024_d2h2
var_kh_q024_d2h3
var_kh_q024_d2h4
var_kh_q024_d3h0
var_kh_q024_d3h1
var_kh_q024_d3h2
var_kh_q025_d2h2
var_kh_q025_d2h3
var_kh_q025_d2h4
var_kh_q025_d3h0
var_kh_q025_d3h1
var_kh_q025_d3h2
var_kh_q025_d4h0
var_kh_q025_d4h1
var_kh_q025_d4h2
var_kh_q026_d2h1
var_kh_q026_d2h2
var_kh_q026_d2h3
var_kh_q026_d2h4
var_kh_q026_d3h0
var_kh_q026_d3h1
var_kh_q026_d3h2
var_kh_q026_d3h3
var_kh_q026_d4h0
var_kh_q026_d4h1
var_kh_q026_d4h2
var_kh_q026_d4h3
var_kh_q027_d0h0
var_kh_q027_d2h2
var_kh_q027_d2h3
var_kh_q027_d2h4
var_kh_q027_d3h0
var_kh_q027_d3h1
var_kh_q027_d3h2
var_kh_q027_d3h3
var_kh_q027_d4h0
var_kh_q027_d4h1
var_kh_q027_d4h2
var_kh_q027_d4h3
var_kh_q028_d0h0
var_kh_q028_d0h1
var_kh_q028_d1h0
var_kh_q028_d1h1
var_kh_q028_d2h0
var_kh_q028_d2h1
var_kh_q028_d3h0
var_kh_q028_d4h0
var_kh_q028_d4h1
var_kh_q029_d0h3
var_kh_q029_d0h4
var_kh_q029_d1h2
var_kh_q029_d1h3
var_kh_q029_d1h4
var_kh_q029_d2h2
var_kh_q029_d2h3
var_kh_q029_d2h4
var_kh_q029_d3h1
var_kh_q029_d3h2
var_kh_q029_d3h3
var_kh_q029_d3h4
var_kh_q030_d0h1
var_kh_q030_d0h2
var_kh_q030_d1h1
var_kh_q030_d1h2
var_kh_q030_d1h3
var_kh_q030_d1h4
var_kh_q030_d2h1
var_kh_q030_d2h2
var_kh_q030_d2h3
var_kh_q030_d3h0
var_kh_q030_d3h1
var_kh_q030_d3h2
var_kh_q031_d0h1
var_kh_q031_d0h2
var_kh_q031_d0h3
var_kh_q031_d1h1
var_kh_q031_d1h2
var_kh_q031_d1h3
var_kh_q031_d1h4
var_kh_q031_d2h2
var_kh_q031_d2h3
var_kh_q031_d3h1
var_kh_q031_d3h2
var_kh_q031_d3h3
var_kh_q033_d0h0
var_kh_q033_d0h1
var_kh_q033_d1h0
var_kh_q033_d1h1
var_kh_q033_d1h3
var_kh_q033_d1h4
var_kh_q033_d2h1
var_kh_q033_d2h2
var_kh_q033_d3h2
var_kh_q033_d3h3
var_kh_q033_d4h0
var_kh_q033_d4h1
var_kh_q033_d4h2
var_kh_q034_d0h0
var_kh_q034_d0h1
var_kh_q034_d0h3
var_kh_q034_d0h4
var_kh_q034_d1h2
var_kh_q034_d1h3
var_kh_q034_d1h4
var_kh_q034_d2h2
var_kh_q034_d2h3
var_kh_q034_d3h3
var_kh_q034_d3h4
var_kh_q034_d4h0
var_kh_q034_d4h1
var_kh_q035_d0h0
var_kh_q035_d0h1
var_kh_q035_d1h2
var_kh_q035_d1h3
var_kh_q035_d1h4
var_kh_q035_d2h2
var_kh_q035_d2h3
var_kh_q035_d3h2
var_kh_q035_d3h3
var_kh_q035_d4h0
var_kh_q035_d4h1
var_kh_q036_d0h2
var_kh_q036_d0h3
var_kh_q036_d0h4
var_kh_q036_d1h0
var_kh_q036_d1h1
var_kh_q036_d2h0
var_kh_q036_d2h1
var_kh_q036_d2h2
var_kh_q036_d3h2
var_kh_q036_d3h3
var_kh_q036_d3h4
var_kh_q036_d4h2
var_kh_q036_d4h3
var_kh_q036_d4h4
var_kh_q037_d0h2
var_kh_q037_d0h3
var_kh_q037_d0h4
var_kh_q037_d1h0
var_kh_q037_d1h1
var_kh_q037_d2h1
var_kh_q037_d2h2
var_kh_q037_d3h2
var_kh_q037_d3h3
var_kh_q037_d3h4
var_kh_q037_d4h1
var_kh_q037_d4h2
var_kh_q037_d4h3
var_kh_q037_d4h4
var_kh_q038_d0h2
var_kh_q038_d0h3
var_kh_q038_d1h1
var_kh_q038_d1h2
var_kh_q038_d2h1
var_kh_q038_d2h2
var_kh_q038_d3h3
var_kh_q038_d3h4
var_kh_q038_d4h1
var_kh_q038_d4h2
var_kh_q038_d4h3
var_kh_q039_d0h2
var_kh_q039_d0h3
var_kh_q039_d1h0
var_kh_q039_d1h1
var_kh_q039_d2h0
var_kh_q039_d2h1
var_kh_q039_d2h2
var_kh_q039_d3h1
var_kh_q039_d3h2
var_kh_q039_d3h3
var_kh_q039_d4h2
var_kh_q039_d4h3
var_kh_q039_d4h4
var_kh_q040_d0h2
var_kh_q040_d0h3
var_kh_q040_d1h0
var_kh_q040_d1h1
var_kh_q040_d2h1
var_kh_q040_d2h2
var_kh_q040_d3h3
var_kh_q040_d3h4
var_kh_q040_d4h1
var_kh_q040_d4h2
var_kh_q040_d4h3
var_kh_q041_d0h2
var_kh_q041_d0h3
var_kh_q041_d0h4
var_kh_q041_d1h1
var_kh_q041_d1h2
var_kh_q041_d2h0
var_kh_q041_d2h1
var_kh_q041_d2h2
var_kh_q041_d3h2
var_kh_q041_d3h3
var_kh_q041_d3h4
var_kh_q041_d4h0
var_kh_q041_d4h1
var_kh_q041_d4h2
var_kh_q041_d4h3
var_kh_q041_d4h4
var_kh_q042_d0h2
var_kh_q042_d0h3
var_kh_q042_d1h0
var_kh_q042_d1h1
var_kh_q042_d1h2
var_kh_q042_d2h0
var_kh_q042_d2h1
var_kh_q042_d2h2
var_kh_q042_d3h1
var_kh_q042_d3h2
var_kh_q042_d3h3
var_kh_q042_d3h4
var_kh_q042_d4h1
var_kh_q042_d4h2
var_kh_q042_d4h3
var_kh_q042_d4h4
var_kh_q043_d0h2
var_kh_q043_d0h3
var_kh_q043_d0h4
var_kh_q043_d1h1
var_kh_q043_d1h2
var_kh_q043_d2h1
var_kh_q043_d2h2
var_kh_q043_d3h2
var_kh_q043_d3h3
var_kh_q043_d3h4
var_kh_q043_d4h1
var_kh_q043_d4h2
var_kh_q043_d4h3
var_kh_q043_d4h4
var_kh_q044_d0h2
var_kh_q044_d0h3
var_kh_q044_d1h0
var_kh_q044_d1h1
var_kh_q044_d1h2
var_kh_q044_d2h0
var_kh_q044_d2h1
var_kh_q044_d2h2
var_kh_q044_d3h3
var_kh_q044_d3h4
var_kh_q044_d4h0
var_kh_q044_d4h1
var_kh_q044_d4h2
var_kh_q044_d4h3
var_kh_q045_d0h2
var_kh_q045_d0h3
var_kh_q045_d0h4
var_kh_q045_d1h1
var_kh_q045_d1h2
var_kh_q045_d1h3
var_kh_q045_d1h4
var_kh_q045_d2h1
var_kh_q045_d2h2
var_kh_q045_d2h3
var_kh_q045_d2h4
var_kh_q045_d3h2
var_kh_q045_d3h3
var_kh_q045_d4h0
var_kh_q046_d1h0
var_kh_q046_d1h1
var_kh_q046_d1h2
var_kh_q046_d2h0
var_kh_q046_d2h1
var_kh_q046_d2h2
var_kh_q046_d2h3
var_kh_q046_d3h0
var_kh_q046_d3h1
var_kh_q046_d3h2
var_kh_q046_d4h1
var_kh_q046_d4h2
var_kh_q047_d0h0
var_kh_q047_d0h1
var_kh_q047_d1h0
var_kh_q047_d1h1
var_kh_q047_d2h0
var_kh_q047_d2h1
var_kh_q047_d3h0
var_kh_q047_d3h1
var_kh_q047_d3h3
var_kh_q047_d3h4
var_kh_q047_d4h3
var_kh_q047_d4h4
var_kh_q048_d0h0
var_kh_q048_d0h1
var_kh_q048_d1h0
var_kh_q048_d1h1
var_kh_q048_d1h2
var_kh_q048_d2h0
var_kh_q048_d2h1
var_kh_q048_d2h2
var_kh_q048_d2h3
var_kh_q048_d3h0
var_kh_q048_d3h1
var_kh_q048_d3h2
var_kh_q048_d3h3
var_kh_q048_d3h4
var_kh_q048_d4h1
var_kh_q048_d4h2
var_kh_q048_d4h3
var_kh_q048_d4h4
var_kh_q049_d0h1
var_kh_q049_d0h2
var_kh_q049_d1h1
var_kh_q049_d1h2
var_kh_q049_d2h2
var_kh_q049_d2h3
var_kh_q049_d3h1
var_kh_q049_d3h2
var_kh_q050_d0h1
var_kh_q050_d0h2
var_kh_q050_d1h1
var_kh_q050_d1h2
var_kh_q050_d1h3
var_kh_q050_d2h2
var_kh_q050_d2h3
var_kh_q050_d2h4
var_kh_q050_d3h1
var_kh_q050_d3h2
var_kh_q050_d4h0
var_kh_q051_d0h1
var_kh_q051_d0h2
var_kh_q051_d1h1
var_kh_q051_d1h2
var_kh_q051_d1h3
var_kh_q051_d2h1
var_kh_q051_d2h2
var_kh_q051_d2h3
var_kh_q051_d3h0
var_kh_q051_d3h1
var_kh_q051_d3h2
var_kh_q052_d0h0
var_kh_q052_d0h1
var_kh_q052_d0h2
var_kh_q052_d1h1
var_kh_q052_d1h2
var_kh_q052_d1h3
var_kh_q052_d2h0
var_kh_q052_d2h1
var_kh_q052_d2h2
var_kh_q052_d3h2
var_kh_q052_d3h3
var_kh_q052_d4h2
var_kh_q052_d4h3
var_kh_q053_d0h0
var_kh_q053_d0h1
var_kh_q053_d0h2
var_kh_q053_d0h4
var_kh_q053_d1h0
var_kh_q053_d1h1
var_kh_q053_d1h2
var_kh_q053_d1h3
var_kh_q053_d2h0
var_kh_q053_d2h1
var_kh_q053_d2h2
var_kh_q053_d2h3
var_kh_q053_d2h4
var_kh_q053_d3h1
var_kh_q053_d3h2
var_kh_q053_d3h3
var_kh_q053_d4h2
var_kh_q053_d4h3
var_kh_q054_d0h0
var_kh_q054_d0h1
var_kh_q054_d0h2
var_kh_q054_d1h1
var_kh_q054_d1h2
var_kh_q054_d1h3
var_kh_q054_d2h0
var_kh_q054_d2h1
var_kh_q054_d2h2
var_kh_q054_d2h3
var_kh_q054_d3h1
var_kh_q054_d3h2
var_kh_q054_d3h3
var_kh_q054_d4h1
var_kh_q054_d4h2
var_kh_q054_d4h3
var_kh_q055_d0h0
var_kh_q055_d0h1
var_kh_q055_d0h2
var_kh_q055_d1h0
var_kh_q055_d1h1
var_kh_q055_d1h2
var_kh_q055_d1h3
var_kh_q055_d2h0
var_kh_q055_d2h1
var_kh_q055_d2h2
var_kh_q055_d3h2
var_kh_q055_d3h3
var_kh_q055_d3h4
var_kh_q055_d4h1
var_kh_q055_d4h2
var_kh_q055_d4h3
var_kh_q056_d0h0
var_kh_q056_d0h1
var_kh_q056_d0h2
var_kh_q056_d0h3
var_kh_q056_d0h4
var_kh_q056_d1h1
var_kh_q056_d1h2
var_kh_q056_d1h3
var_kh_q056_d1h4
var_kh_q056_d2h0
var_kh_q056_d2h1
var_kh_q056_d2h2
var_kh_q056_d2h3
var_kh_q056_d3h0
var_kh_q056_d3h2
var_kh_q056_d3h3
var_kh_q056_d4h2
var_kh_q056_d4h3
var_kh_q057_d0h1
var_kh_q057_d0h2
var_kh_q057_d0h3
var_kh_q057_d1h1
var_kh_q057_d1h2
var_kh_q057_d1h3
var_kh_q057_d1h4
var_kh_q057_d2h2
var_kh_q057_d2h3
var_kh_q057_d3h1
var_kh_q057_d3h2
var_kh_q060_d0h0
var_kh_q060_d0h1
var_kh_q060_d0h2
var_kh_q060_d1h1
var_kh_q060_d1h2
var_kh_q060_d1h3
var_kh_q060_d2h0
var_kh_q060_d2h1
var_kh_q060_d3h2
var_kh_q060_d3h3
var_kh_q060_d4h2
var_kh_q060_d4h3
var_kh_q061_d0h0
var_kh_q061_d0h1
var_kh_q061_d0h2
var_kh_q061_d1h0
var_kh_q061_d1h1
var_kh_q061_d1h2
var_kh_q061_d1h3
var_kh_q061_d2h0
var_kh_q061_d2h1
var_kh_q061_d3h2
var_kh_q061_d3h3
var_kh_q061_d3h4
var_kh_q061_d4h1
var_kh_q061_d4h2
var_kh_q061_d4h3
var_kh_q062_d0h2
var_kh_q062_d0h3
var_kh_q062_d0h4
var_kh_q062_d1h0
var_kh_q062_d1h1
var_kh_q062_d1h2
var_kh_q062_d2h0
var_kh_q062_d2h1
var_kh_q062_d2h2
var_kh_q062_d2h3
var_kh_q062_d2h4
var_kh_q062_d3h0
var_kh_q062_d3h1
var_kh_q062_d3h2
var_kh_q062_d3h3
var_kh_q062_d4h2
var_kh_q062_d4h3
var_kh_q063_d0h1
var_kh_q063_d0h2
var_kh_q063_d0h3
var_kh_q063_d0h4
var_kh_q063_d1h0
var_kh_q063_d1h1
var_kh_q063_d1h2
var_kh_q063_d2h0
var_kh_q063_d2h1
var_kh_q063_d2h3
var_kh_q063_d2h4
var_kh_q063_d3h0
var_kh_q063_d3h1
var_kh_q063_d3h3
var_kh_q063_d3h4
var_kh_q063_d4h3
var_kh_q063_d4h4
var_kh_q064_d0h2
var_kh_q064_d0h3
var_kh_q064_d0h4
var_kh_q064_d1h0
var_kh_q064_d1h1
var_kh_q064_d1h2
var_kh_q064_d2h0
var_kh_q064_d2h1
var_kh_q064_d2h2
var_kh_q064_d2h3
var_kh_q064_d2h4
var_kh_q064_d3h0
var_kh_q064_d3h1
var_kh_q064_d3h2
var_kh_q064_d3h3
var_kh_q064_d4h2
var_kh_q064_d4h3
var_kh_q065_d0h0
var_kh_q065_d0h1
var_kh_q065_d0h2
var_kh_q065_d0h3
var_kh_q065_d0h4
var_kh_q065_d1h0
var_kh_q065_d1h1
var_kh_q065_d1h2
var_kh_q065_d1h3
var_kh_q065_d1h4
var_kh_q065_d2h0
var_kh_q065_d2h1
var_kh_q065_d2h2
var_kh_q065_d2h3
var_kh_q065_d2h4
var_kh_q065_d3h0
var_kh_q065_d3h1
var_kh_q065_d3h2
var_kh_q065_d3h3
var_kh_q065_d3h4
var_kh_q065_d4h2
var_kh_q065_d4h3
var_kh_q066_d0h0
var_kh_q066_d0h1
var_kh_q066_d0h3
var_kh_q066_d0h4
var_kh_q066_d1h0
var_kh_q066_d1h1
var_kh_q066_d1h3
var_kh_q066_d1h4
var_kh_q066_d2h2
var_kh_q066_d2h3
var_kh_q066_d3h0
var_kh_q066_d3h1
var_kh_q066_d3h2
var_kh_q066_d3h3
var_kh_q066_d3h4
var_kh_q066_d4h1
var_kh_q066_d4h2
var_kh_q066_d4h3
var_kh_q067_d0h0
var_kh_q067_d0h1
var_kh_q067_d0h3
var_kh_q067_d0h4
var_kh_q067_d1h1
var_kh_q067_d1h3
var_kh_q067_d1h4
var_kh_q067_d2h2
var_kh_q067_d2h3
var_kh_q067_d3h0
var_kh_q067_d3h1
var_kh_q067_d3h2
var_kh_q067_d3h3
var_kh_q067_d4h2
var_kh_q067_d4h3
var_kh_q068_d1h0
var_kh_q068_d1h1
var_kh_q068_d2h1
var_kh_q068_d2h2
var_kh_q068_d3h2
var_kh_q068_d3h3
var_kh_q068_d4h2
var_kh_q068_d4h3
var_kh_q069_d0h0
var_kh_q069_d0h1
var_kh_q069_d0h3
var_kh_q069_d0h4
var_kh_q069_d1h1
var_kh_q069_d1h2
var_kh_q069_d1h3
var_kh_q069_d2h2
var_kh_q069_d2h3
var_kh_q069_d2h4
var_kh_q069_d3h1
var_kh_q069_d3h2
var_kh_q069_d3h3
var_kh_q069_d3h4
var_kh_q070_d0h3
var_kh_q070_d0h4
var_kh_q070_d1h0
var_kh_q070_d1h1
var_kh_q070_d1h2
var_kh_q070_d2h1
var_kh_q070_d2h2
var_kh_q070_d2h3
var_kh_q070_d3h2
var_kh_q070_d3h3
var_kh_q070_d3h4
var_kh_q070_d4h2
var_kh_q070_d4h3
var_kh_q071_d0h0
var_kh_q071_d0h1
var_kh_q071_d0h2
var_kh_q071_d1h1
var_kh_q071_d1h2
var_kh_q071_d2h2
var_kh_q071_d2h3
var_kh_q071_d3h2
var_kh_q071_d3h3
var_kh_q071_d3h4
var_kh_q071_d4h3
var_kh_q071_d4h4
var_kh_q072_d0h0
var_kh_q072_d0h1
var_kh_q072_d0h2
var_kh_q072_d1h1
var_kh_q072_d1h2
var_kh_q072_d2h2
var_kh_q072_d2h3
var_kh_q072_d3h2
var_kh_q072_d3h3
var_kh_q072_d3h4
var_kh_q072_d4h3
var_kh_q072_d4h4
var_kh_q073_d0h1
var_kh_q073_d0h2
var_kh_q073_d0h3
var_kh_q073_d1h0
var_kh_q073_d1h1
var_kh_q073_d2h1
var_kh_q073_d2h2
var_kh_q073_d2h3
var_kh_q073_d3h3
var_kh_q073_d3h4
var_kh_q073_d4h3
var_kh_q073_d4h4
var_kh_q074_d0h0
var_kh_q074_d0h1
var_kh_q074_d0h2
var_kh_q074_d0h3
var_kh_q074_d1h0
var_kh_q074_d1h1
var_kh_q074_d2h2
var_kh_q074_d2h3
var_kh_q074_d3h3
var_kh_q074_d3h4
var_kh_q074_d4h3
var_kh_q074_d4h4
var_cr_c0015_36
var_cr_c0020_36
var_cr_c0467_36
var_cr_c0455_36
var_cr_c0368_36
var_cr_c0552_37
var_cr_c0480_37
var_cr_c0559_37
var_cr_c0304_37
var_cr_c0366_37
var_cr_c0470_38
var_cr_c0009_38
var_cr_c0311_38
var_cr_c0316_38
var_cr_c0007_31
var_cr_c0019_31
var_cr_c0080_31
var_cr_c0155_31
var_cr_c0313_31
var_cr_c0314_31
var_cr_c0095_27
var_cr_c0297_27
var_cr_c0379_27
var_cr_c0307_27
var_cr_c0211_B
var_cr_c0110_B
var_cr_c0266_B
var_cr_c0201_B
var_cr_c0323_B
var_cr_c0326_B
var_cr_c0023_D
var_cr_c0058_D
var_cr_c0108_D
var_cr_c0230_D
var_cr_c0054_D
var_cr_c0391_D
var_cr_c0152_E
var_cr_c0111_E
var_cr_c0206_E
var_cr_c0238_E
var_cr_c0633_E
var_cr_c0178_F
var_cr_c0193_F
var_cr_c0195_F
var_cr_c0252_F
var_cr_c0327_F
var_cr_c0388_F
var_cr_c0103_G
var_cr_c0088_G
var_cr_c0074_G
var_cr_c0186_G
var_cr_c0129_G
var_cr_c0279_G
var_cr_c0115_A
var_cr_c0213_A
var_cr_c0217_A
var_cr_c0310_A
var_cr_c0346_A
var_cr_c0131_L
var_cr_c0113_L
var_cr_c0061_L
var_cr_c0386_L
var_cr_c0638_L
var_cr_c0066_50
var_cr_c0076_50
var_cr_c0602_50
var_cr_c0336_50
var_cr_c0337_50
var_cr_c0127_52
var_cr_c0219_52
var_cr_c0156_52
var_cr_c0295_52
var_cr_c0157_DS1
var_cr_c0288_DS1
var_cr_c0302_DS1
var_cr_c0298_DS1
var_cr_c0119_DS2
var_cr_c0044_DS2
var_cr_c0056_DS2
var_cr_c0069_DS2
var_cr_c0315_DS2
var_cr_c0322_DS2
