itc2007/comp10.ctt SAT 187.608049134 4
var_ch_c1001_d0h0
var_cd_c1001_0
var_ch_c1001_d0h1
var_ch_c1001_d3h0
var_cd_c1001_3
var_cd_c1022_0
var_ch_c1022_d0h2
var_cd_c1022_2
var_ch_c1022_d2h2
var_cd_c1022_4
var_ch_c1022_d4h4
var_cd_c0103_1
var_ch_c0103_d1h3
var_cd_c0103_3
var_ch_c0103_d3h4
var_ch_c0103_d4h0
var_cd_c0103_4
var_cd_c1053_1
var_ch_c1053_d1h3
var_cd_c1053_2
var_ch_c1053_d2h2
var_ch_c1053_d2h3
var_cd_c0106_2
var_ch_c0106_d2h3
var_cd_c0106_3
var_ch_c0106_d3h4
var_cd_c0106_4
var_ch_c0106_d4h3
var_cd_c0108_0
var_ch_c0108_d0h4
var_cd_c0108_1
var_ch_c0108_d1h1
var_cd_c0108_3
var_ch_c0108_d3h1
var_cd_c0110_0
var_ch_c0110_d0h3
var_cd_c0110_1
var_ch_c0110_d1h2
var_cd_c0110_4
var_ch_c0110_d4h2
var_cd_c0113_1
var_ch_c0113_d1h4
var_cd_c0113_3
var_ch_c0113_d3h3
var_cd_c0113_4
var_ch_c0113_d4h1
var_cd_c0115_1
var_ch_c0115_d1h2
var_cd_c0115_2
var_ch_c0115_d2h2
var_cd_c0115_4
var_ch_c0115_d4h4
var_cd_c0118_1
var_ch_c0118_d1h4
var_ch_c0118_d2h0
var_cd_c0118_2
var_cd_c0118_3
var_ch_c0118_d3h2
var_cd_c0119_1
var_ch_c0119_d1h1
var_cd_c0119_3
var_ch_c0119_d3h2
var_cd_c0119_4
var_ch_c0119_d4h2
var_cd_c0127_0
var_ch_c0127_d0h3
var_ch_c0127_d2h0
var_cd_c0127_2
var_ch_c0127_d3h0
var_cd_c0127_3
var_ch_c0129_d2h0
var_cd_c0129_2
var_ch_c0129_d2h3
var_cd_c0129_3
var_ch_c0129_d3h3
var_cd_c0131_1
var_ch_c0131_d1h3
var_cd_c0131_2
var_ch_c0131_d2h4
var_cd_c0131_3
var_ch_c0131_d3h2
var_cd_c0132_0
var_ch_c0132_d0h4
var_cd_c0132_1
var_ch_c0132_d1h4
var_ch_c0132_d2h0
var_cd_c0132_2
var_cd_c0133_0
var_ch_c0133_d0h3
var_cd_c0133_2
var_ch_c0133_d2h1
var_ch_c0133_d2h3
var_cd_c015a_0
var_ch_c015a_d0h3
var_ch_c015a_d2h0
var_cd_c015a_2
var_ch_c0152_d0h0
var_cd_c0152_0
var_cd_c0152_2
var_ch_c0152_d2h1
var_cd_c0152_3
var_ch_c0152_d3h1
var_cd_c0153_0
var_ch_c0153_d0h2
var_cd_c0153_1
var_ch_c0153_d1h3
var_cd_c0153_2
var_ch_c0153_d2h2
var_cd_c0019_2
var_ch_c0019_d2h1
var_cd_c0019_3
var_ch_c0019_d3h3
var_cd_c0019_4
var_ch_c0019_d4h1
var_cd_c0191_0
var_ch_c0191_d0h4
var_cd_c0191_1
var_ch_c0191_d1h4
var_cd_c0191_2
var_ch_c0191_d2h4
var_cd_c0193_1
var_ch_c0193_d1h3
var_cd_c0193_2
var_ch_c0193_d2h3
var_cd_c0193_3
var_ch_c0193_d3h1
var_cd_c0195_0
var_ch_c0195_d0h3
var_cd_c0195_1
var_ch_c0195_d1h1
var_cd_c0195_4
var_ch_c0195_d4h2
var_cd_c0020_1
var_ch_c0020_d1h2
var_cd_c0020_3
var_ch_c0020_d3h2
var_cd_c0020_4
var_ch_c0020_d4h2
var_cd_c0201_0
var_ch_c0201_d0h3
var_ch_c0201_d0h4
var_cd_c0201_4
var_ch_c0201_d4h2
var_cd_c0203_0
var_ch_c0203_d0h2
var_cd_c0203_1
var_ch_c0203_d1h3
var_cd_c0203_3
var_ch_c0203_d3h2
var_cd_c0206_0
var_ch_c0206_d0h2
var_ch_c0206_d1h0
var_cd_c0206_1
var_cd_c0206_4
var_ch_c0206_d4h3
var_cd_c0211_1
var_ch_c0211_d1h1
var_cd_c0211_2
var_ch_c0211_d2h4
var_cd_c0211_3
var_ch_c0211_d3h3
var_cd_c0213_0
var_ch_c0213_d0h1
var_ch_c0213_d1h0
var_cd_c0213_1
var_cd_c0213_2
var_ch_c0213_d2h2
var_ch_c0217_d1h0
var_cd_c0217_1
var_cd_c0217_2
var_ch_c0217_d2h2
var_cd_c0217_4
var_ch_c0217_d4h3
var_cd_c0219_0
var_ch_c0219_d0h3
var_ch_c0219_d0h4
var_cd_c0219_2
var_ch_c0219_d2h3
var_cd_c0221_0
var_ch_c0221_d0h3
var_ch_c0221_d2h0
var_cd_c0221_2
var_ch_c0221_d4h0
var_cd_c0221_4
var_cd_c0225_2
var_ch_c0225_d2h2
var_cd_c0225_3
var_ch_c0225_d3h2
var_cd_c0225_4
var_ch_c0225_d4h1
var_cd_c0023_1
var_ch_c0023_d1h1
var_ch_c0023_d2h0
var_cd_c0023_2
var_cd_c0023_3
var_ch_c0023_d3h1
var_cd_c0230_2
var_ch_c0230_d2h1
var_ch_c0230_d3h0
var_cd_c0230_3
var_cd_c0230_4
var_ch_c0230_d4h4
var_ch_c0232_d1h0
var_cd_c0232_1
var_cd_c0232_2
var_ch_c0232_d2h1
var_cd_c0232_3
var_ch_c0232_d3h3
var_ch_c0238_d0h0
var_cd_c0238_0
var_cd_c0238_2
var_ch_c0238_d2h3
var_cd_c0238_3
var_ch_c0238_d3h2
var_cd_c0024_0
var_ch_c0024_d0h4
var_cd_c0024_1
var_ch_c0024_d1h1
var_cd_c0024_2
var_ch_c0024_d2h3
var_cd_c0252_3
var_ch_c0252_d3h2
var_ch_c0252_d4h0
var_cd_c0252_4
var_ch_c0252_d4h1
var_cd_c0253_0
var_ch_c0253_d0h2
var_cd_c0253_1
var_ch_c0253_d1h2
var_cd_c0253_4
var_ch_c0253_d4h2
var_cd_c0257_1
var_ch_c0257_d1h2
var_cd_c0257_2
var_ch_c0257_d2h2
var_cd_c0257_3
var_ch_c0257_d3h3
var_cd_c0279_1
var_ch_c0279_d1h1
var_cd_c0279_2
var_ch_c0279_d2h1
var_cd_c0279_4
var_ch_c0279_d4h1
var_cd_c0411_2
var_ch_c0411_d2h2
var_cd_c0411_3
var_ch_c0411_d3h1
var_cd_c0411_4
var_ch_c0411_d4h2
var_cd_c0412_1
var_ch_c0412_d1h2
var_ch_c0412_d2h0
var_cd_c0412_2
var_cd_c0412_4
var_ch_c0412_d4h3
var_cd_c0418_0
var_ch_c0418_d0h3
var_cd_c0418_1
var_ch_c0418_d1h4
var_ch_c0418_d3h0
var_cd_c0418_3
var_cd_c0423_2
var_ch_c0423_d2h1
var_ch_c0423_d3h0
var_cd_c0423_3
var_ch_c0423_d4h0
var_cd_c0423_4
var_ch_c0428_d0h0
var_cd_c0428_0
var_cd_c0428_1
var_ch_c0428_d1h1
var_cd_c0428_4
var_ch_c0428_d4h4
var_cd_c0430_0
var_ch_c0430_d0h1
var_cd_c0430_3
var_ch_c0430_d3h1
var_cd_c0430_4
var_ch_c0430_d4h1
var_cd_c0432_0
var_ch_c0432_d0h3
var_ch_c0432_d2h0
var_cd_c0432_2
var_cd_c0432_4
var_ch_c0432_d4h3
var_cd_c0044_0
var_ch_c0044_d0h1
var_cd_c0044_1
var_ch_c0044_d1h2
var_cd_c0044_3
var_ch_c0044_d3h1
var_cd_c0443_1
var_ch_c0443_d1h2
var_ch_c0443_d3h0
var_cd_c0443_3
var_cd_c0443_4
var_ch_c0443_d4h1
var_ch_c0444_d0h0
var_cd_c0444_0
var_cd_c0444_3
var_ch_c0444_d3h3
var_cd_c0444_4
var_ch_c0444_d4h4
var_cd_c0449_2
var_ch_c0449_d2h2
var_cd_c0449_3
var_ch_c0449_d3h4
var_cd_c0449_4
var_ch_c0449_d4h3
var_cd_c0455_0
var_ch_c0455_d0h1
var_cd_c0455_3
var_ch_c0455_d3h3
var_cd_c0455_4
var_ch_c0455_d4h2
var_cd_c0464_1
var_ch_c0464_d1h2
var_cd_c0464_2
var_ch_c0464_d2h2
var_cd_c0464_4
var_ch_c0464_d4h2
var_ch_c0467_d2h0
var_cd_c0467_2
var_cd_c0467_3
var_ch_c0467_d3h4
var_cd_c0467_4
var_ch_c0467_d4h3
var_cd_c0047_1
var_ch_c0047_d1h2
var_cd_c0047_3
var_ch_c0047_d3h3
var_cd_c0047_4
var_ch_c0047_d4h2
var_cd_c0478_1
var_ch_c0478_d1h2
var_ch_c0478_d3h0
var_cd_c0478_3
var_cd_c0478_4
var_ch_c0478_d4h4
var_cd_c0479_2
var_ch_c0479_d2h1
var_cd_c0479_3
var_ch_c0479_d3h3
var_cd_c0479_4
var_ch_c0479_d4h1
var_cd_c0487_3
var_ch_c0487_d3h3
var_ch_c0487_d3h4
var_cd_c0487_4
var_ch_c0487_d4h2
var_ch_c0049_d1h0
var_cd_c0049_1
var_cd_c0049_2
var_ch_c0049_d2h2
var_cd_c0049_3
var_ch_c0049_d3h2
var_cd_c0497_2
var_ch_c0497_d2h2
var_cd_c0497_3
var_ch_c0497_d3h2
var_cd_c0497_4
var_ch_c0497_d4h2
var_cd_c0503_2
var_ch_c0503_d2h2
var_cd_c0503_3
var_ch_c0503_d3h1
var_cd_c0503_4
var_ch_c0503_d4h3
var_cd_c0504_1
var_ch_c0504_d1h3
var_cd_c0504_2
var_ch_c0504_d2h4
var_cd_c0504_3
var_ch_c0504_d3h2
var_cd_c0512_1
var_ch_c0512_d1h4
var_cd_c0512_2
var_ch_c0512_d2h2
var_cd_c0512_4
var_ch_c0512_d4h4
var_ch_c0515_d1h0
var_cd_c0515_1
var_ch_c0515_d1h1
var_cd_c0515_2
var_ch_c0515_d2h1
var_cd_c0515_4
var_ch_c0515_d4h1
var_cd_c0520_1
var_ch_c0520_d1h3
var_cd_c0520_2
var_ch_c0520_d2h4
var_cd_c0520_3
var_ch_c0520_d3h2
var_cd_c0526_1
var_ch_c0526_d1h1
var_cd_c0526_3
var_ch_c0526_d3h1
var_cd_c0526_4
var_ch_c0526_d4h2
var_cd_c0530_1
var_ch_c0530_d1h3
var_cd_c0530_2
var_ch_c0530_d2h3
var_ch_c0530_d4h0
var_cd_c0530_4
var_cd_c0532_0
var_ch_c0532_d0h3
var_cd_c0532_2
var_ch_c0532_d2h1
var_cd_c0532_3
var_ch_c0532_d3h1
var_ch_c0534_d1h0
var_cd_c0534_1
var_cd_c0534_2
var_ch_c0534_d2h2
var_cd_c0534_3
var_ch_c0534_d3h1
var_cd_c0535_0
var_ch_c0535_d0h1
var_cd_c0535_1
var_ch_c0535_d1h3
var_cd_c0535_3
var_ch_c0535_d3h1
var_cd_c0537_0
var_ch_c0537_d0h2
var_cd_c0537_1
var_ch_c0537_d1h1
var_cd_c0537_4
var_ch_c0537_d4h2
var_cd_c0538_1
var_ch_c0538_d1h4
var_cd_c0538_2
var_ch_c0538_d2h3
var_cd_c0538_4
var_ch_c0538_d4h1
var_cd_c0539_0
var_ch_c0539_d0h4
var_cd_c0539_2
var_ch_c0539_d2h3
var_cd_c0539_4
var_ch_c0539_d4h1
var_cd_c0554_1
var_ch_c0554_d1h3
var_cd_c0554_2
var_ch_c0554_d2h3
var_cd_c0554_4
var_ch_c0554_d4h1
var_cd_c0056_0
var_ch_c0056_d0h2
var_ch_c0056_d3h0
var_cd_c0056_3
var_cd_c0056_4
var_ch_c0056_d4h1
var_cd_c0058_0
var_ch_c0058_d0h1
var_cd_c0058_1
var_ch_c0058_d1h1
var_cd_c0058_4
var_ch_c0058_d4h3
var_cd_c0602_0
var_ch_c0602_d0h3
var_cd_c0602_1
var_ch_c0602_d1h4
var_cd_c0602_2
var_ch_c0602_d2h3
var_cd_c0061_1
var_ch_c0061_d1h1
var_cd_c0061_3
var_ch_c0061_d3h3
var_cd_c0061_4
var_ch_c0061_d4h1
var_cd_c0062_1
var_ch_c0062_d1h2
var_cd_c0062_2
var_ch_c0062_d2h1
var_cd_c0062_4
var_ch_c0062_d4h2
var_ch_c0069_d0h0
var_cd_c0069_0
var_cd_c0069_1
var_ch_c0069_d1h3
var_ch_c0069_d4h0
var_cd_c0069_4
var_ch_c0007_d1h0
var_cd_c0007_1
var_cd_c0007_3
var_ch_c0007_d3h3
var_cd_c0007_4
var_ch_c0007_d4h3
var_cd_c0072_2
var_ch_c0072_d2h3
var_cd_c0072_3
var_ch_c0072_d3h4
var_cd_c0072_4
var_ch_c0072_d4h3
var_cd_c0723_2
var_ch_c0723_d2h4
var_cd_c0723_3
var_ch_c0723_d3h2
var_cd_c0723_4
var_ch_c0723_d4h2
var_cd_c0730_1
var_ch_c0730_d1h4
var_cd_c0730_2
var_ch_c0730_d2h1
var_cd_c0730_4
var_ch_c0730_d4h1
var_cd_c0737_1
var_ch_c0737_d1h2
var_ch_c0737_d2h0
var_cd_c0737_2
var_cd_c0737_3
var_ch_c0737_d3h2
var_cd_c0074_1
var_ch_c0074_d1h3
var_cd_c0074_3
var_ch_c0074_d3h4
var_cd_c0074_4
var_ch_c0074_d4h3
var_ch_c0742_d2h0
var_cd_c0742_2
var_cd_c0742_3
var_ch_c0742_d3h1
var_ch_c0742_d4h0
var_cd_c0742_4
var_ch_c0746_d0h0
var_cd_c0746_0
var_cd_c0746_3
var_ch_c0746_d3h4
var_cd_c0746_4
var_ch_c0746_d4h4
var_cd_c0076_1
var_ch_c0076_d1h3
var_cd_c0076_2
var_ch_c0076_d2h3
var_cd_c0076_4
var_ch_c0076_d4h3
var_cd_c0785_0
var_ch_c0785_d0h2
var_cd_c0785_3
var_ch_c0785_d3h2
var_cd_c0785_4
var_ch_c0785_d4h3
var_cd_c0789_0
var_ch_c0789_d0h2
var_cd_c0789_2
var_ch_c0789_d2h2
var_cd_c0789_3
var_ch_c0789_d3h4
var_cd_c0794_1
var_ch_c0794_d1h3
var_cd_c0794_3
var_ch_c0794_d3h1
var_ch_c0794_d4h0
var_cd_c0794_4
var_cd_c0795_0
var_ch_c0795_d0h4
var_cd_c0795_2
var_ch_c0795_d2h1
var_cd_c0795_3
var_ch_c0795_d3h2
var_cd_c0804_0
var_ch_c0804_d0h1
var_ch_c0804_d2h0
var_cd_c0804_2
var_ch_c0804_d2h4
var_cd_c0807_0
var_ch_c0807_d0h2
var_cd_c0807_2
var_ch_c0807_d2h1
var_cd_c0807_3
var_ch_c0807_d3h4
var_cd_c0808_0
var_ch_c0808_d0h3
var_cd_c0808_2
var_ch_c0808_d2h3
var_cd_c0808_3
var_ch_c0808_d3h3
var_cd_c0812_0
var_ch_c0812_d0h2
var_cd_c0812_1
var_ch_c0812_d1h3
var_ch_c0812_d3h0
var_cd_c0812_3
var_ch_c0812_d3h4
var_ch_c0812_d4h0
var_cd_c0812_4
var_cd_c0822_0
var_ch_c0822_d0h4
var_cd_c0822_2
var_ch_c0822_d2h4
var_cd_c0822_3
var_ch_c0822_d3h4
var_cd_c0835_2
var_ch_c0835_d2h4
var_cd_c0835_3
var_ch_c0835_d3h3
var_cd_c0835_4
var_ch_c0835_d4h1
var_cd_c088a_0
var_ch_c088a_d0h4
var_cd_c088a_1
var_ch_c088a_d1h1
var_cd_c088a_2
var_ch_c088a_d2h3
var_cd_c088a_3
var_ch_c088a_d3h4
var_cd_c088b_2
var_ch_c088b_d2h4
var_cd_c0897_1
var_ch_c0897_d1h1
var_cd_c0897_2
var_ch_c0897_d2h4
var_cd_c0897_3
var_ch_c0897_d3h1
var_cd_c0009_1
var_ch_c0009_d1h2
var_cd_c0009_3
var_ch_c0009_d3h2
var_cd_c0009_4
var_ch_c0009_d4h2
var_cd_c0932_1
var_ch_c0932_d1h3
var_cd_c0932_2
var_ch_c0932_d2h1
var_cd_c0932_3
var_ch_c0932_d3h3
var_cd_c0936_0
var_ch_c0936_d0h3
var_ch_c0936_d3h0
var_cd_c0936_3
var_ch_c0936_d4h0
var_cd_c0936_4
var_cd_c0095_0
var_ch_c0095_d0h2
var_ch_c0095_d1h0
var_cd_c0095_1
var_cd_c0095_2
var_ch_c0095_d2h1
var_cd_c0955_0
var_ch_c0955_d0h1
var_ch_c0955_d0h2
var_ch_c0955_d0h3
var_ch_c0955_d0h4
var_cd_c0955_1
var_ch_c0955_d1h4
var_cd_c0955_2
var_ch_c0955_d2h2
var_cd_c0955_3
var_ch_c0955_d3h4
var_ch_c0963_d0h0
var_cd_c0963_0
var_ch_c0963_d0h1
var_cd_c0963_1
var_ch_c0963_d1h2
var_cd_c0963_3
var_ch_c0963_d3h2
var_ch_c0963_d3h3
var_ch_c0963_d4h0
var_cd_c0963_4
var_ch_c0963_d4h1
var_ch_c0883_d1h0
var_cd_c0883_1
var_ch_c0883_d1h1
var_ch_c0883_d1h2
var_ch_c0883_d3h0
var_cd_c0883_3
var_ch_c0883_d3h1
var_ch_c0883_d4h0
var_cd_c0883_4
var_ch_c0883_d4h1
var_cd_c0975_0
var_ch_c0975_d0h1
var_ch_c0975_d0h2
var_ch_c0975_d0h3
var_ch_c0975_d0h4
var_cd_c0975_1
var_ch_c0975_d1h4
var_ch_c0975_d3h0
var_cd_c0975_3
var_ch_c0975_d3h4
var_ch_c0980_d1h0
var_cd_c0980_1
var_ch_c0980_d1h1
var_cd_c0980_2
var_ch_c0980_d2h4
var_ch_c0980_d3h0
var_cd_c0980_3
var_ch_c0980_d3h1
var_cd_c0980_4
var_ch_c0980_d4h3
var_ch_c0980_d4h4
var_cd_c0983_0
var_ch_c0983_d0h1
var_ch_c0983_d0h2
var_cd_c0983_1
var_ch_c0983_d1h2
var_ch_c0983_d3h0
var_cd_c0983_3
var_ch_c0983_d3h4
var_cd_c0983_4
var_ch_c0983_d4h3
var_ch_c0983_d4h4
var_cd_c0998_1
var_ch_c0998_d1h3
var_cd_c0998_2
var_ch_c0998_d2h1
var_cd_c0998_3
var_ch_c0998_d3h3
var_kh_q000_d0h2
var_kh_q000_d0h3
var_kh_q000_d0h4
var_kh_q000_d1h0
var_kh_q000_d1h1
var_kh_q000_d2h0
var_kh_q000_d2h1
var_kh_q000_d3h0
var_kh_q000_d3h1
var_kh_q001_d0h2
var_kh_q001_d0h3
var_kh_q001_d1h2
var_kh_q001_d1h3
var_kh_q001_d1h4
var_kh_q001_d3h2
var_kh_q001_d3h3
var_kh_q001_d3h4
var_kh_q001_d4h0
var_kh_q001_d4h1
var_kh_q001_d4h2
var_kh_q001_d4h3
var_kh_q002_d1h2
var_kh_q002_d1h3
var_kh_q002_d1h4
var_kh_q002_d2h0
var_kh_q002_d2h1
var_kh_q002_d2h2
var_kh_q002_d2h3
var_kh_q002_d3h2
var_kh_q002_d3h3
var_kh_q002_d3h4
var_kh_q002_d4h3
var_kh_q002_d4h4
var_kh_q003_d1h1
var_kh_q003_d1h2
var_kh_q003_d1h3
var_kh_q003_d2h1
var_kh_q003_d2h2
var_kh_q003_d2h3
var_kh_q003_d3h2
var_kh_q003_d3h3
var_kh_q003_d3h4
var_kh_q003_d4h2
var_kh_q003_d4h3
var_kh_q003_d4h4
var_kh_q005_d1h2
var_kh_q005_d1h3
var_kh_q005_d2h1
var_kh_q005_d2h2
var_kh_q005_d2h3
var_kh_q005_d2h4
var_kh_q005_d3h2
var_kh_q005_d3h3
var_kh_q005_d3h4
var_kh_q005_d4h2
var_kh_q005_d4h3
var_kh_q005_d4h4
var_kh_q006_d0h0
var_kh_q006_d0h1
var_kh_q006_d1h0
var_kh_q006_d1h1
var_kh_q006_d2h2
var_kh_q006_d2h3
var_kh_q006_d2h4
var_kh_q006_d3h2
var_kh_q006_d3h3
var_kh_q007_d1h0
var_kh_q007_d1h1
var_kh_q007_d1h2
var_kh_q007_d2h0
var_kh_q007_d2h1
var_kh_q007_d3h0
var_kh_q007_d3h1
var_kh_q007_d3h2
var_kh_q007_d3h3
var_kh_q007_d4h2
var_kh_q007_d4h3
var_kh_q007_d4h4
var_kh_q008_d1h0
var_kh_q008_d1h1
var_kh_q008_d2h0
var_kh_q008_d2h1
var_kh_q008_d2h2
var_kh_q008_d3h0
var_kh_q008_d3h1
var_kh_q008_d4h3
var_kh_q008_d4h4
var_kh_q009_d1h1
var_kh_q009_d1h2
var_kh_q009_d2h0
var_kh_q009_d2h1
var_kh_q009_d3h1
var_kh_q009_d3h2
var_kh_q009_d3h3
var_kh_q009_d4h1
var_kh_q009_d4h2
var_kh_q010_d0h3
var_kh_q010_d0h4
var_kh_q010_d1h1
var_kh_q010_d1h2
var_kh_q010_d2h0
var_kh_q010_d2h1
var_kh_q010_d2h3
var_kh_q010_d2h4
var_kh_q010_d3h2
var_kh_q010_d3h3
var_kh_q010_d4h1
var_kh_q010_d4h2
var_kh_q011_d0h2
var_kh_q011_d0h3
var_kh_q011_d0h4
var_kh_q011_d1h1
var_kh_q011_d1h2
var_kh_q011_d2h0
var_kh_q011_d2h1
var_kh_q011_d2h3
var_kh_q011_d2h4
var_kh_q011_d3h3
var_kh_q011_d3h4
var_kh_q011_d4h0
var_kh_q011_d4h1
var_kh_q011_d4h2
var_kh_q012_d0h0
var_kh_q012_d0h1
var_kh_q012_d0h2
var_kh_q012_d1h2
var_kh_q012_d1h3
var_kh_q012_d3h0
var_kh_q012_d3h1
var_kh_q012_d4h0
var_kh_q012_d4h1
var_kh_q013_d0h0
var_kh_q013_d0h1
var_kh_q013_d1h1
var_kh_q013_d1h2
var_kh_q013_d3h3
var_kh_q013_d3h4
var_kh_q013_d4h2
var_kh_q013_d4h3
var_kh_q013_d4h4
var_kh_q014_d1h0
var_kh_q014_d1h1
var_kh_q014_d1h2
var_kh_q014_d2h0
var_kh_q014_d2h1
var_kh_q014_d2h2
var_kh_q014_d3h1
var_kh_q014_d3h2
var_kh_q014_d3h3
var_kh_q014_d4h0
var_kh_q014_d4h1
var_kh_q014_d4h2
var_kh_q015_d1h0
var_kh_q015_d1h1
var_kh_q015_d1h2
var_kh_q015_d1h3
var_kh_q015_d2h1
var_kh_q015_d2h2
var_kh_q015_d3h2
var_kh_q015_d3h3
var_kh_q015_d3h4
var_kh_q015_d4h1
var_kh_q015_d4h2
var_kh_q015_d4h3
var_kh_q016_d1h0
var_kh_q016_d1h1
var_kh_q016_d1h2
var_kh_q016_d1h3
var_kh_q016_d2h1
var_kh_q016_d2h2
var_kh_q016_d2h3
var_kh_q016_d3h2
var_kh_q016_d3h3
var_kh_q016_d4h1
var_kh_q016_d4h2
var_kh_q016_d4h3
var_kh_q017_d1h0
var_kh_q017_d1h1
var_kh_q017_d1h2
var_kh_q017_d2h1
var_kh_q017_d2h2
var_kh_q017_d2h3
var_kh_q017_d3h2
var_kh_q017_d3h3
var_kh_q017_d3h4
var_kh_q017_d4h1
var_kh_q017_d4h2
var_kh_q017_d4h3
var_kh_q019_d0h3
var_kh_q019_d0h4
var_kh_q019_d1h0
var_kh_q019_d1h1
var_kh_q019_d2h0
var_kh_q019_d2h1
var_kh_q019_d2h2
var_kh_q019_d2h3
var_kh_q019_d3h0
var_kh_q019_d3h1
var_kh_q019_d4h3
var_kh_q019_d4h4
var_kh_q020_d0h3
var_kh_q020_d0h4
var_kh_q020_d1h0
var_kh_q020_d1h1
var_kh_q020_d2h1
var_kh_q020_d2h2
var_kh_q020_d2h3
var_kh_q020_d2h4
var_kh_q020_d3h0
var_kh_q020_d3h1
var_kh_q020_d4h3
var_kh_q020_d4h4
var_kh_q021_d0h3
var_kh_q021_d0h4
var_kh_q021_d1h0
var_kh_q021_d1h1
var_kh_q021_d2h0
var_kh_q021_d2h1
var_kh_q021_d2h2
var_kh_q021_d2h3
var_kh_q021_d2h4
var_kh_q021_d3h2
var_kh_q021_d3h3
var_kh_q021_d3h4
var_kh_q021_d4h0
var_kh_q021_d4h1
var_kh_q022_d0h2
var_kh_q022_d0h3
var_kh_q022_d1h2
var_kh_q022_d1h3
var_kh_q022_d2h0
var_kh_q022_d2h1
var_kh_q022_d2h2
var_kh_q022_d3h2
var_kh_q022_d3h3
var_kh_q022_d4h0
var_kh_q022_d4h1
var_kh_q022_d4h2
var_kh_q023_d0h1
var_kh_q023_d0h2
var_kh_q023_d0h3
var_kh_q023_d1h0
var_kh_q023_d1h1
var_kh_q023_d1h2
var_kh_q023_d3h1
var_kh_q023_d4h2
var_kh_q023_d4h3
var_kh_q024_d0h3
var_kh_q024_d0h4
var_kh_q024_d1h2
var_kh_q024_d1h3
var_kh_q024_d1h4
var_kh_q024_d2h3
var_kh_q024_d2h4
var_kh_q024_d3h1
var_kh_q024_d3h2
var_kh_q024_d4h0
var_kh_q024_d4h1
var_kh_q024_d4h2
var_kh_q025_d0h2
var_kh_q025_d0h3
var_kh_q025_d0h4
var_kh_q025_d1h0
var_kh_q025_d1h1
var_kh_q025_d1h2
var_kh_q025_d1h3
var_kh_q025_d2h1
var_kh_q025_d2h2
var_kh_q025_d3h2
var_kh_q025_d3h3
var_kh_q025_d4h1
var_kh_q025_d4h2
var_kh_q026_d0h3
var_kh_q026_d0h4
var_kh_q026_d1h0
var_kh_q026_d1h1
var_kh_q026_d1h2
var_kh_q026_d2h0
var_kh_q026_d2h1
var_kh_q026_d2h2
var_kh_q026_d3h3
var_kh_q026_d3h4
var_kh_q026_d4h1
var_kh_q026_d4h2
var_kh_q026_d4h3
var_kh_q027_d0h3
var_kh_q027_d0h4
var_kh_q027_d1h0
var_kh_q027_d1h1
var_kh_q027_d1h2
var_kh_q027_d2h1
var_kh_q027_d2h2
var_kh_q027_d2h3
var_kh_q027_d3h3
var_kh_q027_d3h4
var_kh_q027_d4h1
var_kh_q027_d4h2
var_kh_q027_d4h3
var_kh_q028_d0h0
var_kh_q028_d0h1
var_kh_q028_d0h2
var_kh_q028_d0h3
var_kh_q028_d0h4
var_kh_q028_d1h3
var_kh_q028_d1h4
var_kh_q028_d2h0
var_kh_q028_d2h1
var_kh_q028_d2h3
var_kh_q028_d2h4
var_kh_q028_d3h0
var_kh_q028_d3h1
var_kh_q028_d3h2
var_kh_q028_d3h3
var_kh_q028_d3h4
var_kh_q029_d0h0
var_kh_q029_d0h1
var_kh_q029_d0h2
var_kh_q029_d0h3
var_kh_q029_d0h4
var_kh_q029_d1h3
var_kh_q029_d1h4
var_kh_q029_d2h0
var_kh_q029_d2h1
var_kh_q029_d2h2
var_kh_q029_d2h3
var_kh_q029_d2h4
var_kh_q029_d3h1
var_kh_q029_d3h2
var_kh_q029_d3h3
var_kh_q029_d3h4
var_kh_q030_d0h0
var_kh_q030_d0h1
var_kh_q030_d0h2
var_kh_q030_d1h2
var_kh_q030_d1h3
var_kh_q030_d2h0
var_kh_q030_d2h1
var_kh_q030_d2h3
var_kh_q030_d2h4
var_kh_q030_d3h0
var_kh_q030_d3h1
var_kh_q030_d3h2
var_kh_q030_d3h3
var_kh_q030_d3h4
var_kh_q030_d4h3
var_kh_q030_d4h4
var_kh_q031_d0h2
var_kh_q031_d0h3
var_kh_q031_d0h4
var_kh_q031_d1h0
var_kh_q031_d1h1
var_kh_q031_d1h2
var_kh_q031_d1h3
var_kh_q031_d1h4
var_kh_q031_d2h0
var_kh_q031_d2h1
var_kh_q031_d2h2
var_kh_q031_d2h3
var_kh_q031_d3h0
var_kh_q031_d3h1
var_kh_q031_d4h0
var_kh_q031_d4h1
var_kh_q032_d0h2
var_kh_q032_d0h3
var_kh_q032_d0h4
var_kh_q032_d1h0
var_kh_q032_d1h1
var_kh_q032_d1h3
var_kh_q032_d1h4
var_kh_q032_d2h0
var_kh_q032_d2h1
var_kh_q032_d2h2
var_kh_q032_d2h3
var_kh_q032_d2h4
var_kh_q032_d3h0
var_kh_q032_d3h1
var_kh_q032_d4h3
var_kh_q032_d4h4
var_kh_q033_d0h0
var_kh_q033_d0h1
var_kh_q033_d0h2
var_kh_q033_d0h3
var_kh_q033_d0h4
var_kh_q033_d1h1
var_kh_q033_d1h2
var_kh_q033_d1h3
var_kh_q033_d1h4
var_kh_q033_d2h0
var_kh_q033_d2h1
var_kh_q033_d2h2
var_kh_q033_d2h3
var_kh_q033_d2h4
var_kh_q033_d3h1
var_kh_q033_d3h2
var_kh_q033_d3h3
var_kh_q033_d4h0
var_kh_q033_d4h1
var_kh_q034_d0h0
var_kh_q034_d0h1
var_kh_q034_d0h2
var_kh_q034_d0h3
var_kh_q034_d0h4
var_kh_q034_d1h2
var_kh_q034_d1h3
var_kh_q034_d1h4
var_kh_q034_d2h0
var_kh_q034_d2h1
var_kh_q034_d2h2
var_kh_q034_d2h3
var_kh_q034_d3h2
var_kh_q034_d3h3
var_kh_q034_d4h0
var_kh_q034_d4h1
var_kh_q036_d0h0
var_kh_q036_d0h1
var_kh_q036_d1h1
var_kh_q036_d1h2
var_kh_q036_d3h2
var_kh_q036_d3h3
var_kh_q036_d3h4
var_kh_q036_d4h0
var_kh_q036_d4h1
var_kh_q036_d4h2
var_kh_q036_d4h3
var_kh_q036_d4h4
var_kh_q037_d0h2
var_kh_q037_d0h3
var_kh_q037_d0h4
var_kh_q037_d1h2
var_kh_q037_d1h3
var_kh_q037_d2h2
var_kh_q037_d2h3
var_kh_q037_d3h2
var_kh_q037_d3h3
var_kh_q037_d3h4
var_kh_q037_d4h2
var_kh_q037_d4h3
var_kh_q038_d0h3
var_kh_q038_d0h4
var_kh_q038_d1h2
var_kh_q038_d2h2
var_kh_q038_d2h3
var_kh_q038_d3h3
var_kh_q038_d3h4
var_kh_q038_d4h2
var_kh_q038_d4h3
var_kh_q039_d0h3
var_kh_q039_d0h4
var_kh_q039_d1h1
var_kh_q039_d1h2
var_kh_q039_d2h1
var_kh_q039_d2h2
var_kh_q039_d2h3
var_kh_q039_d3h3
var_kh_q039_d3h4
var_kh_q039_d4h1
var_kh_q039_d4h2
var_kh_q039_d4h3
var_kh_q040_d0h1
var_kh_q040_d0h2
var_kh_q040_d0h3
var_kh_q040_d1h2
var_kh_q040_d1h3
var_kh_q040_d1h4
var_kh_q040_d2h2
var_kh_q040_d2h3
var_kh_q040_d3h0
var_kh_q040_d3h1
var_kh_q040_d3h2
var_kh_q040_d3h3
var_kh_q040_d4h2
var_kh_q040_d4h3
var_kh_q040_d4h4
var_kh_q041_d0h1
var_kh_q041_d0h2
var_kh_q041_d0h3
var_kh_q041_d1h1
var_kh_q041_d1h2
var_kh_q041_d1h3
var_kh_q041_d1h4
var_kh_q041_d2h1
var_kh_q041_d2h2
var_kh_q041_d2h3
var_kh_q041_d3h0
var_kh_q041_d3h1
var_kh_q041_d3h2
var_kh_q041_d3h3
var_kh_q041_d4h1
var_kh_q041_d4h2
var_kh_q041_d4h3
var_kh_q041_d4h4
var_kh_q042_d0h1
var_kh_q042_d0h2
var_kh_q042_d1h1
var_kh_q042_d1h2
var_kh_q042_d1h3
var_kh_q042_d2h1
var_kh_q042_d2h2
var_kh_q042_d2h3
var_kh_q042_d3h2
var_kh_q042_d3h3
var_kh_q042_d3h4
var_kh_q042_d4h1
var_kh_q042_d4h2
var_kh_q042_d4h3
var_kh_q042_d4h4
var_kh_q043_d0h1
var_kh_q043_d0h2
var_kh_q043_d1h1
var_kh_q043_d1h2
var_kh_q043_d1h3
var_kh_q043_d2h0
var_kh_q043_d2h1
var_kh_q043_d2h2
var_kh_q043_d3h2
var_kh_q043_d3h3
var_kh_q043_d3h4
var_kh_q043_d4h1
var_kh_q043_d4h2
var_kh_q043_d4h3
var_kh_q043_d4h4
var_kh_q044_d1h1
var_kh_q044_d1h2
var_kh_q044_d1h3
var_kh_q044_d2h1
var_kh_q044_d2h2
var_kh_q044_d2h3
var_kh_q044_d4h1
var_kh_q044_d4h2
var_kh_q044_d4h3
var_kh_q045_d1h2
var_kh_q045_d1h3
var_kh_q045_d2h2
var_kh_q045_d2h3
var_kh_q045_d4h2
var_kh_q045_d4h3
var_kh_q046_d1h2
var_kh_q046_d1h3
var_kh_q046_d1h4
var_kh_q046_d2h2
var_kh_q046_d2h3
var_kh_q046_d2h4
var_kh_q046_d3h2
var_kh_q046_d3h3
var_kh_q046_d3h4
var_kh_q046_d4h1
var_kh_q046_d4h2
var_kh_q046_d4h3
var_kh_q047_d1h2
var_kh_q047_d1h3
var_kh_q047_d2h2
var_kh_q047_d2h3
var_kh_q047_d4h1
var_kh_q047_d4h2
var_kh_q048_d0h3
var_kh_q048_d0h4
var_kh_q048_d1h1
var_kh_q048_d1h2
var_kh_q048_d1h3
var_kh_q048_d1h4
var_kh_q048_d2h0
var_kh_q048_d2h1
var_kh_q048_d2h2
var_kh_q048_d2h3
var_kh_q048_d2h4
var_kh_q048_d3h0
var_kh_q048_d3h1
var_kh_q048_d3h3
var_kh_q048_d3h4
var_kh_q048_d4h2
var_kh_q048_d4h3
var_kh_q049_d0h3
var_kh_q049_d0h4
var_kh_q049_d1h0
var_kh_q049_d1h1
var_kh_q049_d1h2
var_kh_q049_d2h0
var_kh_q049_d2h1
var_kh_q049_d2h2
var_kh_q049_d2h3
var_kh_q049_d2h4
var_kh_q049_d3h0
var_kh_q049_d3h1
var_kh_q049_d3h3
var_kh_q049_d3h4
var_kh_q049_d4h1
var_kh_q049_d4h2
var_kh_q049_d4h3
var_kh_q050_d0h0
var_kh_q050_d0h1
var_kh_q050_d0h2
var_kh_q050_d0h3
var_kh_q050_d1h1
var_kh_q050_d1h2
var_kh_q050_d2h0
var_kh_q050_d2h1
var_kh_q050_d3h0
var_kh_q050_d3h1
var_kh_q050_d4h0
var_kh_q050_d4h1
var_kh_q050_d4h2
var_kh_q050_d4h3
var_kh_q050_d4h4
var_kh_q051_d0h0
var_kh_q051_d0h1
var_kh_q051_d2h1
var_kh_q051_d2h2
var_kh_q051_d3h0
var_kh_q051_d3h1
var_kh_q051_d3h3
var_kh_q051_d3h4
var_kh_q051_d4h0
var_kh_q051_d4h1
var_kh_q051_d4h3
var_kh_q051_d4h4
var_kh_q052_d1h2
var_kh_q052_d1h3
var_kh_q052_d2h0
var_kh_q052_d2h1
var_kh_q052_d3h0
var_kh_q052_d3h1
var_kh_q052_d3h3
var_kh_q052_d3h4
var_kh_q052_d4h0
var_kh_q052_d4h1
var_kh_q052_d4h3
var_kh_q052_d4h4
var_kh_q053_d1h2
var_kh_q053_d1h3
var_kh_q053_d2h0
var_kh_q053_d2h1
var_kh_q053_d2h2
var_kh_q053_d2h3
var_kh_q053_d3h0
var_kh_q053_d3h1
var_kh_q053_d3h2
var_kh_q053_d3h3
var_kh_q053_d4h0
var_kh_q053_d4h1
var_kh_q053_d4h2
var_kh_q053_d4h3
var_kh_q053_d4h4
var_kh_q054_d1h2
var_kh_q054_d1h3
var_kh_q054_d2h0
var_kh_q054_d2h1
var_kh_q054_d2h3
var_kh_q054_d2h4
var_kh_q054_d3h0
var_kh_q054_d3h1
var_kh_q054_d3h2
var_kh_q054_d3h3
var_kh_q054_d3h4
var_kh_q054_d4h0
var_kh_q054_d4h1
var_kh_q054_d4h3
var_kh_q054_d4h4
var_kh_q055_d1h2
var_kh_q055_d1h3
var_kh_q055_d1h4
var_kh_q055_d2h0
var_kh_q055_d2h1
var_kh_q055_d2h2
var_kh_q055_d2h3
var_kh_q055_d3h2
var_kh_q055_d3h3
var_kh_q055_d3h4
var_kh_q055_d4h1
var_kh_q055_d4h2
var_kh_q056_d1h1
var_kh_q056_d1h2
var_kh_q056_d1h3
var_kh_q056_d2h0
var_kh_q056_d2h1
var_kh_q056_d2h2
var_kh_q056_d2h3
var_kh_q056_d3h2
var_kh_q056_d3h3
var_kh_q056_d3h4
var_kh_q056_d4h1
var_kh_q056_d4h2
var_kh_q057_d1h1
var_kh_q057_d1h2
var_kh_q057_d2h0
var_kh_q057_d2h1
var_kh_q057_d2h2
var_kh_q057_d3h1
var_kh_q057_d3h2
var_kh_q057_d3h3
var_kh_q057_d3h4
var_kh_q057_d4h1
var_kh_q057_d4h2
var_kh_q057_d4h3
var_kh_q058_d0h2
var_kh_q058_d0h3
var_kh_q058_d1h0
var_kh_q058_d1h1
var_kh_q058_d1h3
var_kh_q058_d1h4
var_kh_q058_d2h1
var_kh_q058_d2h2
var_kh_q058_d2h3
var_kh_q058_d3h0
var_kh_q058_d3h1
var_kh_q058_d3h2
var_kh_q058_d4h0
var_kh_q058_d4h1
var_kh_q058_d4h3
var_kh_q058_d4h4
var_kh_q059_d0h1
var_kh_q059_d0h2
var_kh_q059_d1h3
var_kh_q059_d1h4
var_kh_q059_d2h2
var_kh_q059_d2h3
var_kh_q059_d3h1
var_kh_q059_d3h2
var_kh_q059_d4h0
var_kh_q059_d4h1
var_kh_q059_d4h3
var_kh_q059_d4h4
var_kh_q060_d0h1
var_kh_q060_d0h2
var_kh_q060_d0h3
var_kh_q060_d0h4
var_kh_q060_d1h3
var_kh_q060_d1h4
var_kh_q060_d2h2
var_kh_q060_d2h3
var_kh_q060_d3h0
var_kh_q060_d3h1
var_kh_q060_d3h2
var_kh_q060_d4h0
var_kh_q060_d4h1
var_kh_q060_d4h3
var_kh_q060_d4h4
var_kh_q061_d0h0
var_kh_q061_d0h1
var_kh_q061_d1h1
var_kh_q061_d1h2
var_kh_q061_d1h3
var_kh_q061_d2h2
var_kh_q061_d2h3
var_kh_q061_d2h4
var_kh_q061_d3h0
var_kh_q061_d3h1
var_kh_q061_d3h2
var_kh_q061_d3h3
var_kh_q061_d3h4
var_kh_q061_d4h2
var_kh_q061_d4h3
var_kh_q062_d0h0
var_kh_q062_d0h1
var_kh_q062_d0h3
var_kh_q062_d0h4
var_kh_q062_d1h1
var_kh_q062_d1h2
var_kh_q062_d1h3
var_kh_q062_d2h1
var_kh_q062_d2h2
var_kh_q062_d2h3
var_kh_q062_d2h4
var_kh_q062_d3h0
var_kh_q062_d3h1
var_kh_q062_d3h2
var_kh_q062_d3h3
var_kh_q063_d0h0
var_kh_q063_d0h1
var_kh_q063_d0h2
var_kh_q063_d1h0
var_kh_q063_d1h1
var_kh_q063_d1h3
var_kh_q063_d1h4
var_kh_q063_d2h2
var_kh_q063_d2h3
var_kh_q063_d2h4
var_kh_q063_d3h0
var_kh_q063_d3h1
var_kh_q063_d3h2
var_kh_q063_d4h1
var_kh_q063_d4h2
var_kh_q064_d0h2
var_kh_q064_d0h3
var_kh_q064_d0h4
var_kh_q064_d1h3
var_kh_q064_d1h4
var_kh_q064_d2h0
var_kh_q064_d2h1
var_kh_q064_d2h2
var_kh_q064_d2h3
var_kh_q064_d2h4
var_kh_q064_d3h1
var_kh_q064_d3h2
var_kh_q064_d3h3
var_kh_q064_d3h4
var_kh_q064_d4h0
var_kh_q064_d4h1
var_kh_q064_d4h3
var_kh_q064_d4h4
var_kh_q065_d0h2
var_kh_q065_d0h3
var_kh_q065_d1h3
var_kh_q065_d1h4
var_kh_q065_d2h2
var_kh_q065_d2h3
var_kh_q065_d2h4
var_kh_q065_d3h0
var_kh_q065_d3h1
var_kh_q065_d3h3
var_kh_q065_d3h4
var_kh_q065_d4h0
var_kh_q065_d4h1
var_kh_q065_d4h2
var_kh_q066_d0h2
var_kh_q066_d0h3
var_kh_q066_d0h4
var_kh_q066_d1h3
var_kh_q066_d1h4
var_kh_q066_d2h1
var_kh_q066_d2h2
var_kh_q066_d2h3
var_kh_q066_d2h4
var_kh_q066_d3h0
var_kh_q066_d3h1
var_kh_q066_d3h2
var_kh_q066_d3h3
var_kh_q066_d3h4
var_kh_q066_d4h0
var_kh_q066_d4h1
var_kh_q066_d4h2
var_kh_q067_d0h1
var_kh_q067_d0h2
var_kh_q067_d0h3
var_kh_q067_d2h0
var_kh_q067_d2h1
var_kh_q067_d2h3
var_kh_q067_d2h4
var_kh_q067_d3h3
var_kh_q067_d3h4
var_kh_q068_d0h3
var_kh_q068_d0h4
var_kh_q068_d2h3
var_kh_q068_d2h4
var_kh_q068_d3h3
var_kh_q068_d3h4
var_kh_q069_d0h2
var_kh_q069_d0h3
var_kh_q069_d2h2
var_kh_q069_d2h3
var_kh_q069_d3h3
var_kh_q069_d3h4
var_cr_c0024_25
var_cr_c0432_25
var_cr_c0444_25
var_cr_c0534_25
var_cr_c0730_25
var_cr_c0812_25
var_cr_c0009_25
var_cr_c0423_36
var_cr_c0449_36
var_cr_c0535_36
var_cr_c0537_36
var_cr_c0602_36
var_cr_c0737_36
var_cr_c0835_36
var_cr_c0119_37
var_cr_c0532_37
var_cr_c0554_37
var_cr_c0007_37
var_cr_c0789_37
var_cr_c0804_37
var_cr_c0428_38
var_cr_c0443_38
var_cr_c0503_38
var_cr_c0504_38
var_cr_c0807_38
var_cr_c0808_38
var_cr_c0019_31
var_cr_c0020_31
var_cr_c0530_31
var_cr_c0955_31
var_cr_c0980_31
var_cr_c0232_27
var_cr_c0464_27
var_cr_c0520_27
var_cr_c0056_27
var_cr_c0742_27
var_cr_c088a_27
var_cr_c0219_51
var_cr_c0225_51
var_cr_c0047_51
var_cr_c0058_51
var_cr_c0746_51
var_cr_c0794_51
var_cr_c0095_51
var_cr_c0129_B
var_cr_c0201_B
var_cr_c0203_B
var_cr_c0217_B
var_cr_c0279_B
var_cr_c0044_B
var_cr_c1001_D
var_cr_c0115_D
var_cr_c0193_D
var_cr_c0221_D
var_cr_c0487_D
var_cr_c0515_D
var_cr_c0785_D
var_cr_c088b_D
var_cr_c0106_F
var_cr_c0110_F
var_cr_c0132_F
var_cr_c0152_F
var_cr_c0153_F
var_cr_c0211_F
var_cr_c0252_F
var_cr_c0118_G
var_cr_c0133_G
var_cr_c0411_G
var_cr_c0061_G
var_cr_c0069_G
var_cr_c0983_G
var_cr_c0103_A
var_cr_c0191_A
var_cr_c0195_A
var_cr_c0206_A
var_cr_c0230_A
var_cr_c0238_A
var_cr_c0257_A
var_cr_c0430_A
var_cr_c0113_L
var_cr_c0131_L
var_cr_c0213_L
var_cr_c0023_L
var_cr_c0062_L
var_cr_c0072_L
var_cr_c0936_L
var_cr_c0467_50
var_cr_c0478_50
var_cr_c0497_50
var_cr_c0539_50
var_cr_c0897_50
var_cr_c0932_50
var_cr_c015a_52
var_cr_c0455_52
var_cr_c0512_52
var_cr_c0074_52
var_cr_c0795_52
var_cr_c0883_52
var_cr_c0108_DS1
var_cr_c0127_DS1
var_cr_c0253_DS1
var_cr_c0049_DS1
var_cr_c0538_DS1
var_cr_c0998_DS1
var_cr_c1022_DS2
var_cr_c0418_DS2
var_cr_c0526_DS2
var_cr_c0076_DS2
var_cr_c0822_DS2
var_cr_c0963_DS2
var_cr_c1053_N
var_cr_c0412_N
var_cr_c0479_N
var_cr_c0723_N
var_cr_c0975_N
