itc2007/comp13.ctt SAT 1.4076593799999984 62
var_cd_c0012_1
var_ch_c0012_d1h4
var_cd_c0012_2
var_ch_c0012_d2h2
var_cd_c0012_3
var_ch_c0012_d3h2
var_cd_c0013_0
var_ch_c0013_d0h4
var_ch_c0013_d1h0
var_cd_c0013_1
var_ch_c0013_d3h0
var_cd_c0013_3
var_cd_c0014_0
var_ch_c0014_d0h3
var_cd_c0014_1
var_ch_c0014_d1h1
var_cd_c0014_2
var_ch_c0014_d2h1
var_cd_c0035_1
var_ch_c0035_d1h3
var_cd_c0035_2
var_ch_c0035_d2h1
var_ch_c0035_d3h0
var_cd_c0035_3
var_cd_c0036_1
var_ch_c0036_d1h2
var_cd_c0036_2
var_ch_c0036_d2h2
var_cd_c0036_3
var_ch_c0036_d3h1
var_cd_c0045_1
var_ch_c0045_d1h3
var_cd_c0045_2
var_ch_c0045_d2h3
var_cd_c0045_3
var_ch_c0045_d3h4
var_cd_c0052_0
var_ch_c0052_d0h2
var_cd_c0052_2
var_ch_c0052_d2h3
var_cd_c0052_4
var_ch_c0052_d4h2
var_ch_c0053_d1h0
var_cd_c0053_1
var_cd_c0053_2
var_ch_c0053_d2h1
var_cd_c0053_3
var_ch_c0053_d3h3
var_cd_c0055_0
var_ch_c0055_d0h1
var_cd_c0055_2
var_ch_c0055_d2h2
var_cd_c0055_4
var_ch_c0055_d4h3
var_cd_c0057_0
var_ch_c0057_d0h2
var_cd_c0057_2
var_ch_c0057_d2h2
var_cd_c0057_3
var_ch_c0057_d3h2
var_cd_c0060_0
var_ch_c0060_d0h3
var_cd_c0060_1
var_ch_c0060_d1h1
var_cd_c0060_3
var_ch_c0060_d3h2
var_cd_c0094_1
var_ch_c0094_d1h3
var_cd_c0094_3
var_ch_c0094_d3h3
var_ch_c0094_d4h0
var_cd_c0094_4
var_cd_c0098_2
var_ch_c0098_d2h3
var_cd_c0098_3
var_ch_c0098_d3h4
var_cd_c0098_4
var_ch_c0098_d4h4
var_cd_c0104_0
var_ch_c0104_d0h2
var_cd_c0104_3
var_ch_c0104_d3h3
var_cd_c0104_4
var_ch_c0104_d4h2
var_cd_c0107_2
var_ch_c0107_d2h3
var_cd_c0107_3
var_ch_c0107_d3h2
var_cd_c0107_4
var_ch_c0107_d4h1
var_cd_c0112_0
var_ch_c0112_d0h4
var_cd_c0112_1
var_ch_c0112_d1h4
var_cd_c0112_2
var_ch_c0112_d2h4
var_cd_c0114_0
var_ch_c0114_d0h3
var_cd_c0114_2
var_ch_c0114_d2h4
var_cd_c0114_4
var_ch_c0114_d4h3
var_cd_c0116_2
var_ch_c0116_d2h1
var_ch_c0116_d3h0
var_cd_c0116_3
var_ch_c0116_d4h0
var_cd_c0116_4
var_ch_c0117_d2h0
var_cd_c0117_2
var_cd_c0117_3
var_ch_c0117_d3h1
var_cd_c0117_4
var_ch_c0117_d4h1
var_ch_c0130_d3h0
var_cd_c0130_3
var_ch_c0130_d3h1
var_ch_c0130_d4h0
var_cd_c0130_4
var_cd_c0148_0
var_ch_c0148_d0h3
var_ch_c0148_d2h0
var_cd_c0148_2
var_cd_c0148_4
var_ch_c0148_d4h2
var_cd_c0149_0
var_ch_c0149_d0h4
var_ch_c0149_d1h0
var_cd_c0149_1
var_cd_c0149_3
var_ch_c0149_d3h2
var_cd_c0150_3
var_ch_c0150_d3h1
var_cd_c0150_4
var_ch_c0150_d4h3
var_ch_c0150_d4h4
var_cd_c0162_0
var_ch_c0162_d0h2
var_cd_c0162_1
var_ch_c0162_d1h3
var_cd_c0162_4
var_ch_c0162_d4h1
var_cd_c0163_2
var_ch_c0163_d2h4
var_ch_c0163_d3h0
var_cd_c0163_3
var_ch_c0163_d3h4
var_ch_c0177_d1h0
var_cd_c0177_1
var_cd_c0177_2
var_ch_c0177_d2h3
var_cd_c0177_3
var_ch_c0177_d3h2
var_cd_c0179_0
var_ch_c0179_d0h2
var_cd_c0179_1
var_ch_c0179_d1h1
var_ch_c0179_d3h0
var_cd_c0179_3
var_cd_c0181_0
var_ch_c0181_d0h3
var_cd_c0181_2
var_ch_c0181_d2h4
var_cd_c0181_3
var_ch_c0181_d3h1
var_cd_c0198_1
var_ch_c0198_d1h1
var_ch_c0198_d2h0
var_cd_c0198_2
var_cd_c0198_4
var_ch_c0198_d4h4
var_cd_c0210_1
var_ch_c0210_d1h3
var_cd_c0210_2
var_ch_c0210_d2h3
var_cd_c0210_3
var_ch_c0210_d3h3
var_cd_c0214_1
var_ch_c0214_d1h4
var_cd_c0214_2
var_ch_c0214_d2h2
var_cd_c0214_3
var_ch_c0214_d3h1
var_cd_c0218_1
var_ch_c0218_d1h2
var_ch_c0218_d3h0
var_cd_c0218_3
var_cd_c0218_4
var_ch_c0218_d4h4
var_cd_c0223_1
var_ch_c0223_d1h1
var_cd_c0223_2
var_ch_c0223_d2h1
var_cd_c0223_4
var_ch_c0223_d4h3
var_cd_c0224_1
var_ch_c0224_d1h3
var_ch_c0224_d2h0
var_cd_c0224_2
var_cd_c0224_3
var_ch_c0224_d3h1
var_cd_c0226_1
var_ch_c0226_d1h2
var_cd_c0226_2
var_ch_c0226_d2h4
var_cd_c0226_3
var_ch_c0226_d3h2
var_cd_c0227_0
var_ch_c0227_d0h4
var_cd_c0227_1
var_ch_c0227_d1h2
var_cd_c0227_2
var_ch_c0227_d2h2
var_cd_c0233_0
var_ch_c0233_d0h3
var_cd_c0233_1
var_ch_c0233_d1h1
var_cd_c0233_2
var_ch_c0233_d2h1
var_cd_c0249_1
var_ch_c0249_d1h3
var_ch_c0249_d3h0
var_cd_c0249_3
var_cd_c0249_4
var_ch_c0249_d4h2
var_cd_c0254_1
var_ch_c0254_d1h2
var_cd_c0254_2
var_ch_c0254_d2h2
var_ch_c0254_d3h0
var_cd_c0254_3
var_cd_c0271_2
var_ch_c0271_d2h1
var_cd_c0271_3
var_ch_c0271_d3h1
var_cd_c0271_4
var_ch_c0271_d4h3
var_ch_c0409_d0h0
var_cd_c0409_0
var_cd_c0409_3
var_ch_c0409_d3h3
var_ch_c0409_d4h0
var_cd_c0409_4
var_cd_c0416_0
var_ch_c0416_d0h2
var_cd_c0416_1
var_ch_c0416_d1h2
var_cd_c0416_2
var_ch_c0416_d2h2
var_cd_c0420_2
var_ch_c0420_d2h3
var_cd_c0420_3
var_ch_c0420_d3h1
var_cd_c0420_4
var_ch_c0420_d4h3
var_cd_c0441_0
var_ch_c0441_d0h4
var_cd_c0441_1
var_ch_c0441_d1h2
var_ch_c0441_d2h0
var_cd_c0441_2
var_ch_c0441_d4h0
var_cd_c0441_4
var_ch_c0441_d4h1
var_ch_c0456_d1h0
var_cd_c0456_1
var_cd_c0456_2
var_ch_c0456_d2h3
var_cd_c0456_3
var_ch_c0456_d3h2
var_cd_c0457_0
var_ch_c0457_d0h3
var_cd_c0457_1
var_ch_c0457_d1h1
var_cd_c0457_3
var_ch_c0457_d3h1
var_cd_c0465_1
var_ch_c0465_d1h1
var_cd_c0465_2
var_ch_c0465_d2h1
var_cd_c0465_3
var_ch_c0465_d3h4
var_cd_c0486_1
var_ch_c0486_d1h3
var_ch_c0486_d1h4
var_cd_c0486_2
var_ch_c0486_d2h3
var_cd_c0491_0
var_ch_c0491_d0h2
var_ch_c0491_d1h0
var_cd_c0491_1
var_cd_c0491_3
var_ch_c0491_d3h2
var_cd_c0498_1
var_ch_c0498_d1h2
var_cd_c0498_2
var_ch_c0498_d2h2
var_cd_c0498_3
var_ch_c0498_d3h3
var_cd_c0501_0
var_ch_c0501_d0h4
var_ch_c0501_d1h0
var_cd_c0501_1
var_cd_c0501_3
var_ch_c0501_d3h2
var_ch_c0506_d2h0
var_cd_c0506_2
var_ch_c0506_d2h1
var_cd_c0506_3
var_ch_c0506_d3h4
var_cd_c0510_0
var_ch_c0510_d0h1
var_ch_c0510_d1h0
var_cd_c0510_1
var_ch_c0510_d1h1
var_ch_c0510_d1h2
var_cd_c0510_2
var_ch_c0510_d2h4
var_cd_c0510_4
var_ch_c0510_d4h3
var_cd_c0527_1
var_ch_c0527_d1h3
var_cd_c0527_2
var_ch_c0527_d2h2
var_cd_c0527_4
var_ch_c0527_d4h1
var_cd_c0670_0
var_ch_c0670_d0h1
var_cd_c0670_3
var_ch_c0670_d3h4
var_cd_c0670_4
var_ch_c0670_d4h1
var_ch_c0738_d2h0
var_cd_c0738_2
var_ch_c0738_d2h1
var_cd_c0738_3
var_ch_c0738_d3h4
var_cd_c0745_1
var_ch_c0745_d1h2
var_cd_c0745_2
var_ch_c0745_d2h4
var_cd_c0745_3
var_ch_c0745_d3h3
var_cd_c0773_0
var_ch_c0773_d0h1
var_ch_c0773_d0h2
var_cd_c0773_1
var_ch_c0773_d1h2
var_ch_c0814_d1h0
var_cd_c0814_1
var_cd_c0814_2
var_ch_c0814_d2h2
var_ch_c0814_d3h0
var_cd_c0814_3
var_ch_c0814_d3h1
var_cd_c0814_4
var_ch_c0814_d4h2
var_cd_c0825_0
var_ch_c0825_d0h3
var_cd_c0825_1
var_ch_c0825_d1h1
var_cd_c0825_2
var_ch_c0825_d2h1
var_cd_c0828_0
var_ch_c0828_d0h2
var_ch_c0828_d1h0
var_cd_c0828_1
var_cd_c0828_2
var_ch_c0828_d2h2
var_cd_c0845_0
var_ch_c0845_d0h3
var_cd_c0845_3
var_ch_c0845_d3h1
var_cd_c0845_4
var_ch_c0845_d4h4
var_ch_c0850_d1h0
var_cd_c0850_1
var_cd_c0850_3
var_ch_c0850_d3h2
var_cd_c0850_4
var_ch_c0850_d4h3
var_cd_c0856_0
var_ch_c0856_d0h1
var_ch_c0856_d0h2
var_ch_c0856_d0h4
var_cd_c0856_1
var_ch_c0856_d1h2
var_ch_c0856_d2h0
var_cd_c0856_2
var_cd_c0856_4
var_ch_c0856_d4h1
var_ch_c0856_d4h2
var_cd_c0866_0
var_ch_c0866_d0h4
var_cd_c0866_2
var_ch_c0866_d2h2
var_ch_c0866_d2h3
var_ch_c0866_d2h4
var_cd_c0866_3
var_ch_c0866_d3h3
var_cd_c0866_4
var_ch_c0866_d4h1
var_ch_c0866_d4h2
var_ch_c0869_d0h0
var_cd_c0869_0
var_ch_c0869_d0h1
var_ch_c0869_d0h2
var_cd_c0869_1
var_ch_c0869_d1h2
var_ch_c0869_d2h0
var_cd_c0869_2
var_ch_c0869_d2h3
var_ch_c0869_d2h4
var_cd_c0882_0
var_ch_c0882_d0h2
var_cd_c0882_1
var_ch_c0882_d1h1
var_ch_c0882_d1h2
var_ch_c0882_d1h3
var_cd_c0882_2
var_ch_c0882_d2h1
var_ch_c0882_d2h2
var_cd_c0882_4
var_ch_c0882_d4h1
var_ch_c0884_d0h0
var_cd_c0884_0
var_ch_c0884_d0h1
var_ch_c0884_d0h2
var_cd_c0884_1
var_ch_c0884_d1h1
var_ch_c0884_d1h2
var_cd_c0884_2
var_ch_c0884_d2h1
var_cd_c0884_3
var_ch_c0884_d3h3
var_cd_c0899_1
var_ch_c0899_d1h1
var_cd_c0899_2
var_ch_c0899_d2h1
var_ch_c0899_d3h0
var_cd_c0899_3
var_cd_c0901_0
var_ch_c0901_d0h4
var_cd_c0901_1
var_ch_c0901_d1h3
var_cd_c0901_4
var_ch_c0901_d4h1
var_cd_c0933_2
var_ch_c0933_d2h4
var_cd_c0933_3
var_ch_c0933_d3h2
var_cd_c0933_4
var_ch_c0933_d4h4
var_cd_c0947_0
var_ch_c0947_d0h1
var_cd_c0947_1
var_ch_c0947_d1h4
var_cd_c0947_2
var_ch_c0947_d2h3
var_cd_c0947_3
var_ch_c0947_d3h1
var_ch_c0947_d3h2
var_ch_c0947_d3h3
var_ch_c0947_d4h0
var_cd_c0947_4
var_ch_c0953_d0h0
var_cd_c0953_0
var_ch_c0953_d0h1
var_ch_c0953_d0h3
var_cd_c0953_1
var_ch_c0953_d1h2
var_ch_c0953_d2h0
var_cd_c0953_2
var_ch_c0953_d2h1
var_cd_c0953_3
var_ch_c0953_d3h2
var_cd_c0969_0
var_ch_c0969_d0h1
var_ch_c0969_d0h2
var_cd_c0969_1
var_ch_c0969_d1h1
var_ch_c0969_d1h3
var_ch_c0969_d1h4
var_cd_c0969_2
var_ch_c0969_d2h1
var_cd_c0969_4
var_ch_c0969_d4h1
var_cd_c0972_0
var_ch_c0972_d0h2
var_ch_c0972_d0h3
var_cd_c0972_1
var_ch_c0972_d1h2
var_ch_c0972_d2h0
var_cd_c0972_2
var_ch_c0972_d2h1
var_ch_c0972_d2h3
var_ch_c0972_d2h4
var_cd_c0978_0
var_ch_c0978_d0h3
var_cd_c0978_1
var_ch_c0978_d1h4
var_cd_c0978_2
var_ch_c0978_d2h2
var_ch_c0978_d2h3
var_ch_c0978_d2h4
var_cd_c0978_3
var_ch_c0978_d3h2
var_ch_c0978_d3h3
var_cd_c0985_0
var_ch_c0985_d0h1
var_cd_c0985_1
var_ch_c0985_d1h4
var_cd_c0985_2
var_ch_c0985_d2h3
var_cd_c0985_3
var_ch_c0985_d3h1
var_ch_c0985_d3h3
var_cd_c0985_4
var_ch_c0985_d4h2
var_ch_c0985_d4h3
var_cd_c1007_0
var_ch_c1007_d0h3
var_cd_c1007_1
var_ch_c1007_d1h4
var_cd_c1007_3
var_ch_c1007_d3h3
var_cd_c1044_0
var_ch_c1044_d0h3
var_cd_c1044_1
var_ch_c1044_d1h2
var_cd_c1044_2
var_ch_c1044_d2h3
var_cd_c1044_3
var_ch_c1044_d3h1
var_ch_c1044_d3h3
var_cd_c1044_4
var_ch_c1044_d4h2
var_ch_c1044_d4h3
var_cd_c0798_0
var_ch_c0798_d0h3
var_ch_c0798_d0h4
var_cd_c0798_1
var_ch_c0798_d1h1
var_cd_c0798_2
var_ch_c0798_d2h3
var_cd_c0798_3
var_ch_c0798_d3h2
var_cd_c0741_0
var_ch_c0741_d0h1
var_ch_c0741_d0h2
var_cd_c0741_1
var_ch_c0741_d1h1
var_cd_c0741_2
var_ch_c0741_d2h2
var_ch_c0741_d4h0
var_cd_c0741_4
var_ch_c0741_d4h1
var_cd_c0196_0
var_ch_c0196_d0h4
var_cd_c0196_1
var_ch_c0196_d1h2
var_cd_c0196_2
var_ch_c0196_d2h1
var_ch_c0196_d2h2
var_cd_c0196_3
var_ch_c0196_d3h3
var_kh_q000_d0h4
var_kh_q000_d1h3
var_kh_q000_d1h4
var_kh_q000_d2h3
var_kh_q000_d2h4
var_kh_q000_d3h2
var_kh_q000_d3h3
var_kh_q000_d4h0
var_kh_q000_d4h1
var_kh_q001_d0h2
var_kh_q001_d0h3
var_kh_q001_d2h3
var_kh_q001_d2h4
var_kh_q001_d3h3
var_kh_q001_d3h4
var_kh_q001_d4h2
var_kh_q001_d4h3
var_kh_q001_d4h4
var_kh_q002_d2h0
var_kh_q002_d2h1
var_kh_q002_d3h0
var_kh_q002_d3h1
var_kh_q002_d4h0
var_kh_q002_d4h1
var_kh_q003_d1h2
var_kh_q003_d1h3
var_kh_q003_d1h4
var_kh_q003_d2h2
var_kh_q003_d2h3
var_kh_q003_d2h4
var_kh_q003_d3h1
var_kh_q003_d3h2
var_kh_q003_d3h3
var_kh_q004_d1h3
var_kh_q004_d1h4
var_kh_q004_d2h2
var_kh_q004_d2h3
var_kh_q004_d2h4
var_kh_q004_d3h0
var_kh_q004_d3h1
var_kh_q004_d3h3
var_kh_q004_d3h4
var_kh_q005_d0h3
var_kh_q005_d0h4
var_kh_q005_d1h0
var_kh_q005_d1h1
var_kh_q005_d1h3
var_kh_q005_d1h4
var_kh_q005_d2h0
var_kh_q005_d2h1
var_kh_q005_d2h2
var_kh_q005_d3h0
var_kh_q005_d3h1
var_kh_q005_d3h2
var_kh_q006_d1h1
var_kh_q006_d1h2
var_kh_q006_d1h3
var_kh_q006_d1h4
var_kh_q006_d2h0
var_kh_q006_d2h1
var_kh_q006_d2h2
var_kh_q006_d3h0
var_kh_q006_d3h1
var_kh_q006_d3h2
var_kh_q006_d4h3
var_kh_q006_d4h4
var_kh_q007_d0h1
var_kh_q007_d0h2
var_kh_q007_d0h3
var_kh_q007_d0h4
var_kh_q007_d1h0
var_kh_q007_d1h1
var_kh_q007_d1h2
var_kh_q007_d1h3
var_kh_q007_d2h0
var_kh_q007_d2h1
var_kh_q007_d3h0
var_kh_q007_d3h1
var_kh_q008_d1h2
var_kh_q008_d1h3
var_kh_q008_d2h1
var_kh_q008_d2h2
var_kh_q008_d3h0
var_kh_q008_d3h1
var_kh_q009_d0h3
var_kh_q009_d0h4
var_kh_q009_d1h1
var_kh_q009_d1h2
var_kh_q009_d2h0
var_kh_q009_d2h1
var_kh_q009_d4h0
var_kh_q009_d4h1
var_kh_q010_d1h1
var_kh_q010_d1h2
var_kh_q010_d2h1
var_kh_q010_d2h2
var_kh_q010_d3h0
var_kh_q010_d3h1
var_kh_q011_d0h2
var_kh_q011_d0h3
var_kh_q011_d1h3
var_kh_q011_d1h4
var_kh_q011_d2h2
var_kh_q011_d2h3
var_kh_q011_d3h2
var_kh_q011_d3h3
var_kh_q011_d3h4
var_kh_q012_d0h1
var_kh_q012_d0h2
var_kh_q012_d0h3
var_kh_q012_d1h0
var_kh_q012_d1h1
var_kh_q012_d2h1
var_kh_q012_d2h2
var_kh_q012_d2h3
var_kh_q012_d3h2
var_kh_q012_d3h3
var_kh_q012_d4h2
var_kh_q012_d4h3
var_kh_q013_d0h1
var_kh_q013_d0h2
var_kh_q013_d1h1
var_kh_q013_d2h2
var_kh_q013_d4h0
var_kh_q013_d4h1
var_kh_q016_d1h1
var_kh_q016_d1h2
var_kh_q016_d1h3
var_kh_q016_d2h0
var_kh_q016_d2h1
var_kh_q016_d3h0
var_kh_q016_d3h1
var_kh_q016_d4h3
var_kh_q016_d4h4
var_kh_q017_d0h1
var_kh_q017_d0h2
var_kh_q017_d1h1
var_kh_q017_d1h2
var_kh_q017_d1h3
var_kh_q017_d2h0
var_kh_q017_d2h1
var_kh_q017_d3h0
var_kh_q017_d3h1
var_kh_q018_d0h3
var_kh_q018_d0h4
var_kh_q018_d1h1
var_kh_q018_d1h2
var_kh_q018_d2h1
var_kh_q018_d2h2
var_kh_q019_d0h4
var_kh_q019_d1h2
var_kh_q019_d1h3
var_kh_q019_d2h2
var_kh_q019_d3h0
var_kh_q019_d4h2
var_kh_q020_d0h2
var_kh_q020_d0h3
var_kh_q020_d1h0
var_kh_q020_d1h1
var_kh_q020_d2h3
var_kh_q020_d2h4
var_kh_q020_d3h0
var_kh_q020_d3h1
var_kh_q020_d3h2
var_kh_q021_d1h1
var_kh_q021_d1h2
var_kh_q021_d2h0
var_kh_q021_d2h1
var_kh_q021_d2h2
var_kh_q021_d3h0
var_kh_q021_d3h1
var_kh_q021_d4h3
var_kh_q021_d4h4
var_kh_q022_d0h4
var_kh_q022_d1h2
var_kh_q022_d2h1
var_kh_q022_d2h2
var_kh_q022_d3h3
var_kh_q023_d0h2
var_kh_q023_d0h3
var_kh_q023_d0h4
var_kh_q023_d1h2
var_kh_q023_d1h3
var_kh_q023_d2h0
var_kh_q023_d2h1
var_kh_q023_d2h3
var_kh_q023_d2h4
var_kh_q023_d3h0
var_kh_q023_d3h1
var_kh_q023_d4h0
var_kh_q023_d4h1
var_kh_q024_d0h0
var_kh_q024_d0h1
var_kh_q024_d0h3
var_kh_q024_d0h4
var_kh_q024_d1h2
var_kh_q024_d1h3
var_kh_q024_d2h0
var_kh_q024_d2h1
var_kh_q024_d3h0
var_kh_q024_d3h1
var_kh_q024_d3h2
var_kh_q024_d4h0
var_kh_q024_d4h1
var_kh_q025_d0h3
var_kh_q025_d0h4
var_kh_q025_d1h3
var_kh_q025_d1h4
var_kh_q025_d2h2
var_kh_q025_d2h3
var_kh_q025_d2h4
var_kh_q025_d3h0
var_kh_q025_d3h1
var_kh_q025_d3h2
var_kh_q025_d3h3
var_kh_q025_d4h0
var_kh_q025_d4h1
var_kh_q026_d0h2
var_kh_q026_d0h3
var_kh_q026_d0h4
var_kh_q026_d1h0
var_kh_q026_d1h1
var_kh_q026_d1h2
var_kh_q026_d1h3
var_kh_q026_d2h0
var_kh_q026_d2h1
var_kh_q026_d2h2
var_kh_q026_d3h1
var_kh_q026_d3h2
var_kh_q026_d4h1
var_kh_q026_d4h2
var_kh_q026_d4h3
var_kh_q026_d4h4
var_kh_q027_d0h1
var_kh_q027_d0h2
var_kh_q027_d0h3
var_kh_q027_d0h4
var_kh_q027_d1h0
var_kh_q027_d1h1
var_kh_q027_d1h3
var_kh_q027_d1h4
var_kh_q027_d2h0
var_kh_q027_d2h1
var_kh_q027_d3h1
var_kh_q027_d3h2
var_kh_q027_d4h1
var_kh_q027_d4h2
var_kh_q027_d4h3
var_kh_q027_d4h4
var_kh_q028_d0h3
var_kh_q028_d0h4
var_kh_q028_d1h0
var_kh_q028_d1h1
var_kh_q028_d2h0
var_kh_q028_d2h1
var_kh_q028_d3h0
var_kh_q028_d3h1
var_kh_q028_d3h2
var_kh_q028_d4h2
var_kh_q028_d4h3
var_kh_q028_d4h4
var_kh_q029_d0h0
var_kh_q029_d0h1
var_kh_q029_d0h2
var_kh_q029_d0h3
var_kh_q029_d0h4
var_kh_q029_d1h0
var_kh_q029_d1h1
var_kh_q029_d1h2
var_kh_q029_d2h0
var_kh_q029_d2h1
var_kh_q029_d3h1
var_kh_q029_d3h2
var_kh_q029_d3h3
var_kh_q029_d4h2
var_kh_q029_d4h3
var_kh_q029_d4h4
var_kh_q030_d0h1
var_kh_q030_d0h2
var_kh_q030_d1h3
var_kh_q030_d1h4
var_kh_q030_d2h3
var_kh_q030_d2h4
var_kh_q030_d3h0
var_kh_q030_d3h1
var_kh_q030_d3h2
var_kh_q030_d3h3
var_kh_q030_d3h4
var_kh_q030_d4h0
var_kh_q030_d4h1
var_kh_q031_d0h1
var_kh_q031_d0h2
var_kh_q031_d1h3
var_kh_q031_d1h4
var_kh_q031_d2h3
var_kh_q031_d2h4
var_kh_q031_d3h0
var_kh_q031_d3h1
var_kh_q031_d3h3
var_kh_q031_d3h4
var_kh_q031_d4h1
var_kh_q031_d4h2
var_kh_q031_d4h3
var_kh_q032_d0h2
var_kh_q032_d0h3
var_kh_q032_d1h2
var_kh_q032_d1h3
var_kh_q032_d2h3
var_kh_q032_d2h4
var_kh_q032_d3h0
var_kh_q032_d3h1
var_kh_q032_d3h3
var_kh_q032_d3h4
var_kh_q032_d4h1
var_kh_q032_d4h2
var_kh_q032_d4h3
var_kh_q034_d0h2
var_kh_q034_d0h3
var_kh_q034_d1h1
var_kh_q034_d1h2
var_kh_q034_d2h1
var_kh_q034_d2h2
var_kh_q034_d2h3
var_kh_q034_d3h0
var_kh_q034_d3h1
var_kh_q034_d3h2
var_kh_q034_d4h2
var_kh_q034_d4h3
var_kh_q036_d1h2
var_kh_q036_d2h4
var_kh_q036_d3h3
var_kh_q037_d0h1
var_kh_q037_d0h2
var_kh_q037_d1h0
var_kh_q037_d1h1
var_kh_q037_d1h2
var_kh_q037_d2h2
var_kh_q037_d2h3
var_kh_q037_d2h4
var_kh_q037_d3h2
var_kh_q037_d3h3
var_kh_q037_d4h0
var_kh_q037_d4h1
var_kh_q038_d0h1
var_kh_q038_d0h2
var_kh_q038_d1h0
var_kh_q038_d1h1
var_kh_q038_d2h2
var_kh_q038_d2h3
var_kh_q038_d3h2
var_kh_q038_d4h0
var_kh_q038_d4h1
var_kh_q039_d1h0
var_kh_q039_d1h1
var_kh_q039_d1h2
var_kh_q039_d2h1
var_kh_q039_d2h2
var_kh_q039_d2h3
var_kh_q039_d3h2
var_kh_q039_d3h3
var_kh_q039_d3h4
var_kh_q040_d0h3
var_kh_q040_d0h4
var_kh_q040_d1h0
var_kh_q040_d1h1
var_kh_q040_d1h2
var_kh_q040_d2h1
var_kh_q040_d2h2
var_kh_q040_d2h3
var_kh_q040_d3h1
var_kh_q040_d3h2
var_kh_q040_d3h3
var_kh_q041_d1h1
var_kh_q041_d2h1
var_kh_q041_d3h4
var_kh_q042_d1h1
var_kh_q042_d1h2
var_kh_q042_d2h1
var_kh_q042_d2h2
var_kh_q042_d3h3
var_kh_q042_d3h4
var_kh_q044_d0h0
var_kh_q044_d0h1
var_kh_q044_d0h2
var_kh_q044_d1h2
var_kh_q044_d1h3
var_kh_q044_d2h2
var_kh_q044_d2h3
var_kh_q044_d3h0
var_kh_q044_d3h1
var_kh_q044_d3h3
var_kh_q044_d3h4
var_kh_q044_d4h0
var_kh_q044_d4h1
var_kh_q044_d4h2
var_kh_q044_d4h3
var_kh_q045_d0h0
var_kh_q045_d0h1
var_kh_q045_d0h3
var_kh_q045_d0h4
var_kh_q045_d1h1
var_kh_q045_d1h2
var_kh_q045_d2h1
var_kh_q045_d2h2
var_kh_q045_d3h3
var_kh_q045_d3h4
var_kh_q045_d4h0
var_kh_q045_d4h1
var_kh_q046_d0h3
var_kh_q046_d0h4
var_kh_q046_d1h1
var_kh_q046_d1h2
var_kh_q046_d1h3
var_kh_q046_d2h0
var_kh_q046_d2h1
var_kh_q046_d2h3
var_kh_q046_d2h4
var_kh_q046_d3h0
var_kh_q046_d3h1
var_kh_q046_d3h2
var_kh_q046_d4h0
var_kh_q046_d4h1
var_kh_q046_d4h2
var_kh_q046_d4h3
var_kh_q046_d4h4
var_kh_q047_d0h4
var_kh_q047_d1h2
var_kh_q047_d2h2
var_kh_q047_d2h3
var_kh_q047_d2h4
var_kh_q047_d3h1
var_kh_q047_d3h2
var_kh_q047_d4h3
var_kh_q047_d4h4
var_kh_q048_d0h4
var_kh_q048_d1h2
var_kh_q048_d2h0
var_kh_q048_d4h0
var_kh_q048_d4h1
var_kh_q049_d1h2
var_kh_q049_d1h3
var_kh_q049_d1h4
var_kh_q049_d2h0
var_kh_q049_d2h1
var_kh_q049_d2h3
var_kh_q049_d2h4
var_kh_q049_d3h3
var_kh_q049_d3h4
var_kh_q050_d0h1
var_kh_q050_d0h2
var_kh_q050_d1h1
var_kh_q050_d1h2
var_kh_q050_d1h3
var_kh_q050_d1h4
var_kh_q050_d2h0
var_kh_q050_d2h1
var_kh_q050_d2h2
var_kh_q050_d2h3
var_kh_q050_d2h4
var_kh_q050_d3h3
var_kh_q050_d3h4
var_kh_q050_d4h0
var_kh_q050_d4h1
var_kh_q051_d1h2
var_kh_q051_d1h3
var_kh_q051_d1h4
var_kh_q051_d2h3
var_kh_q051_d2h4
var_kh_q051_d3h3
var_kh_q052_d0h1
var_kh_q052_d0h2
var_kh_q052_d1h1
var_kh_q052_d1h2
var_kh_q052_d1h3
var_kh_q052_d1h4
var_kh_q052_d2h2
var_kh_q052_d2h3
var_kh_q052_d2h4
var_kh_q052_d3h3
var_kh_q052_d4h0
var_kh_q052_d4h1
var_kh_q053_d0h1
var_kh_q053_d0h2
var_kh_q053_d1h1
var_kh_q053_d1h2
var_kh_q053_d1h3
var_kh_q053_d1h4
var_kh_q053_d2h0
var_kh_q053_d2h1
var_kh_q053_d2h2
var_kh_q053_d2h3
var_kh_q053_d2h4
var_kh_q053_d3h3
var_kh_q053_d3h4
var_kh_q053_d4h0
var_kh_q053_d4h1
var_kh_q054_d1h2
var_kh_q054_d1h3
var_kh_q054_d1h4
var_kh_q054_d2h0
var_kh_q054_d2h1
var_kh_q054_d2h3
var_kh_q054_d2h4
var_kh_q054_d3h3
var_kh_q054_d3h4
var_kh_q055_d0h2
var_kh_q055_d0h3
var_kh_q055_d1h0
var_kh_q055_d1h1
var_kh_q055_d3h1
var_kh_q055_d3h2
var_kh_q056_d1h2
var_kh_q056_d2h0
var_kh_q056_d2h1
var_kh_q056_d2h2
var_kh_q056_d3h3
var_kh_q056_d3h4
var_kh_q057_d0h4
var_kh_q057_d1h0
var_kh_q057_d3h2
var_kh_q058_d0h3
var_kh_q058_d0h4
var_kh_q058_d1h0
var_kh_q058_d1h1
var_kh_q058_d3h1
var_kh_q058_d3h2
var_kh_q059_d0h1
var_kh_q059_d0h2
var_kh_q059_d1h0
var_kh_q059_d1h1
var_kh_q059_d1h2
var_kh_q059_d2h0
var_kh_q059_d2h1
var_kh_q059_d2h3
var_kh_q059_d2h4
var_kh_q059_d3h0
var_kh_q059_d3h1
var_kh_q059_d4h0
var_kh_q059_d4h1
var_kh_q059_d4h2
var_kh_q059_d4h3
var_kh_q060_d0h1
var_kh_q060_d0h2
var_kh_q060_d1h0
var_kh_q060_d1h1
var_kh_q060_d1h2
var_kh_q060_d1h3
var_kh_q060_d2h2
var_kh_q060_d2h3
var_kh_q060_d2h4
var_kh_q060_d4h1
var_kh_q060_d4h2
var_kh_q060_d4h3
var_kh_q063_d0h3
var_kh_q063_d0h4
var_kh_q063_d1h1
var_kh_q063_d1h2
var_kh_q063_d1h3
var_kh_q063_d2h1
var_kh_q063_d2h2
var_kh_q063_d2h3
var_kh_q063_d3h0
var_kh_q063_d3h1
var_kh_q063_d3h2
var_kh_q064_d0h3
var_kh_q064_d0h4
var_kh_q064_d1h0
var_kh_q064_d1h1
var_kh_q064_d1h2
var_kh_q064_d2h0
var_kh_q064_d2h1
var_kh_q064_d2h2
var_kh_q064_d3h0
var_kh_q064_d3h1
var_kh_q064_d4h0
var_kh_q064_d4h1
var_kh_q064_d4h2
var_kh_q065_d0h2
var_kh_q065_d0h3
var_kh_q065_d0h4
var_kh_q065_d1h0
var_kh_q065_d1h1
var_kh_q065_d1h2
var_kh_q065_d2h0
var_kh_q065_d2h1
var_kh_q065_d2h2
var_kh_q065_d4h0
var_kh_q065_d4h1
var_kh_q066_d0h2
var_kh_q066_d0h3
var_kh_q066_d0h4
var_kh_q066_d1h0
var_kh_q066_d1h1
var_kh_q066_d1h2
var_kh_q066_d2h0
var_kh_q066_d2h1
var_kh_q066_d2h2
var_kh_q066_d4h0
var_kh_q066_d4h1
var_kh_q067_d1h3
var_kh_q067_d2h2
var_kh_q067_d4h1
var_kh_q068_d0h2
var_kh_q068_d0h3
var_kh_q068_d1h0
var_kh_q068_d1h1
var_kh_q068_d2h1
var_kh_q068_d2h2
var_kh_q069_d0h2
var_kh_q069_d0h3
var_kh_q069_d1h1
var_kh_q069_d1h2
var_kh_q069_d2h1
var_kh_q069_d2h2
var_kh_q070_d0h1
var_kh_q070_d0h2
var_kh_q070_d0h3
var_kh_q070_d0h4
var_kh_q070_d1h0
var_kh_q070_d1h1
var_kh_q070_d1h2
var_kh_q070_d2h0
var_kh_q070_d2h1
var_kh_q070_d3h0
var_kh_q070_d3h1
var_kh_q070_d3h2
var_kh_q070_d4h1
var_kh_q070_d4h2
var_kh_q070_d4h3
var_kh_q070_d4h4
var_kh_q071_d0h3
var_kh_q071_d0h4
var_kh_q071_d1h0
var_kh_q071_d1h1
var_kh_q071_d2h1
var_kh_q071_d2h2
var_kh_q071_d2h3
var_kh_q071_d2h4
var_kh_q071_d3h0
var_kh_q071_d3h1
var_kh_q071_d3h2
var_kh_q071_d3h3
var_kh_q071_d4h1
var_kh_q071_d4h2
var_kh_q071_d4h3
var_kh_q071_d4h4
var_kh_q072_d0h0
var_kh_q072_d0h1
var_kh_q072_d0h2
var_kh_q072_d0h3
var_kh_q072_d1h0
var_kh_q072_d1h1
var_kh_q072_d1h2
var_kh_q072_d2h0
var_kh_q072_d2h1
var_kh_q072_d2h3
var_kh_q072_d2h4
var_kh_q072_d3h0
var_kh_q072_d3h1
var_kh_q072_d3h2
var_kh_q072_d4h3
var_kh_q072_d4h4
var_cr_c0013_25
var_cr_c0882_25
var_cr_c0933_25
var_cr_c0985_25
var_cr_c0014_36
var_cr_c0501_36
var_cr_c0527_36
var_cr_c0869_36
var_cr_c0814_37
var_cr_c0884_37
var_cr_c0969_38
var_cr_c1044_38
var_cr_c0420_31
var_cr_c0828_31
var_cr_c0953_31
var_cr_c0012_27
var_cr_c0409_27
var_cr_c0972_27
var_cr_c0233_51
var_cr_c0441_51
var_cr_c0456_51
var_cr_c0045_B
var_cr_c0053_B
var_cr_c0148_B
var_cr_c0150_B
var_cr_c0226_B
var_cr_c0741_B
var_cr_c0060_D
var_cr_c0098_D
var_cr_c0116_D
var_cr_c0214_D
var_cr_c0745_D
var_cr_c0901_D
var_cr_c0104_F
var_cr_c0149_F
var_cr_c0181_F
var_cr_c0223_F
var_cr_c0254_F
var_cr_c0486_F
var_cr_c0162_G
var_cr_c0163_G
var_cr_c0177_G
var_cr_c0198_G
var_cr_c0227_G
var_cr_c0271_G
var_cr_c1007_G
var_cr_c0057_A
var_cr_c0130_A
var_cr_c0210_A
var_cr_c0506_A
var_cr_c0510_A
var_cr_c0052_L
var_cr_c0055_L
var_cr_c0094_L
var_cr_c0112_L
var_cr_c0117_L
var_cr_c0218_L
var_cr_c0465_L
var_cr_c0249_50
var_cr_c0457_50
var_cr_c0491_50
var_cr_c0498_50
var_cr_c0670_50
var_cr_c0856_52
var_cr_c0899_52
var_cr_c0978_52
var_cr_c0107_DS1
var_cr_c0114_DS1
var_cr_c0179_DS1
var_cr_c0224_DS1
var_cr_c0196_DS1
var_cr_c0738_DS2
var_cr_c0773_DS2
var_cr_c0845_DS2
var_cr_c0850_DS2
var_cr_c0866_DS2
var_cr_c0035_N
var_cr_c0036_N
var_cr_c0798_N
var_cr_c0416_R
var_cr_c0825_R
var_cr_c0947_R
