itc2007/comp14.ctt SAT 2.9578671049999983 54
var_cd_c0772_0
var_ch_c0772_d0h4
var_cd_c0772_1
var_ch_c0772_d1h2
var_cd_c0772_4
var_ch_c0772_d4h4
var_ch_c0793_d1h0
var_cd_c0793_1
var_cd_c0793_2
var_ch_c0793_d2h1
var_cd_c0793_4
var_ch_c0793_d4h3
var_cd_c0803_3
var_ch_c0803_d3h3
var_ch_c0803_d3h4
var_ch_c0803_d4h0
var_cd_c0803_4
var_cd_c0806_0
var_ch_c0806_d0h3
var_cd_c0806_1
var_ch_c0806_d1h1
var_cd_c0806_2
var_ch_c0806_d2h2
var_cd_c0816_0
var_ch_c0816_d0h3
var_cd_c0816_2
var_ch_c0816_d2h3
var_ch_c0816_d4h0
var_cd_c0816_4
var_ch_c0820_d0h0
var_cd_c0820_0
var_cd_c0820_2
var_ch_c0820_d2h1
var_cd_c0820_4
var_ch_c0820_d4h1
var_cd_c0821_0
var_ch_c0821_d0h2
var_cd_c0821_1
var_ch_c0821_d1h2
var_cd_c0821_3
var_ch_c0821_d3h1
var_cd_c0823_0
var_ch_c0823_d0h3
var_cd_c0823_2
var_ch_c0823_d2h2
var_ch_c0823_d4h0
var_cd_c0823_4
var_cd_c0824_0
var_ch_c0824_d0h4
var_cd_c0824_2
var_ch_c0824_d2h3
var_cd_c0824_3
var_ch_c0824_d3h2
var_cd_c0826_1
var_ch_c0826_d1h1
var_cd_c0826_3
var_ch_c0826_d3h3
var_cd_c0826_4
var_ch_c0826_d4h1
var_cd_c0830_0
var_ch_c0830_d0h2
var_ch_c0830_d2h0
var_cd_c0830_2
var_cd_c0830_4
var_ch_c0830_d4h2
var_cd_c0836_1
var_ch_c0836_d1h3
var_cd_c0836_2
var_ch_c0836_d2h2
var_ch_c0836_d3h0
var_cd_c0836_3
var_ch_c0935_d0h0
var_cd_c0935_0
var_cd_c0935_1
var_ch_c0935_d1h3
var_ch_c0935_d1h4
var_cd_c0935_2
var_ch_c0935_d2h2
var_ch_c0935_d3h0
var_cd_c0935_3
var_ch_c0935_d3h1
var_ch_c1009_d0h0
var_cd_c1009_0
var_ch_c1009_d0h1
var_cd_c1009_1
var_ch_c1009_d1h1
var_cd_c1013_0
var_ch_c1013_d0h3
var_cd_c1013_1
var_ch_c1013_d1h2
var_cd_c1013_2
var_ch_c1013_d2h1
var_ch_c1027_d0h0
var_cd_c1027_0
var_ch_c1027_d1h0
var_cd_c1027_1
var_ch_c1027_d2h0
var_cd_c1027_2
var_ch_c1027_d3h0
var_cd_c1027_3
var_ch_c1027_d4h0
var_cd_c1027_4
var_ch_c1027_d4h1
var_ch_c1031_d0h0
var_cd_c1031_0
var_ch_c1031_d1h0
var_cd_c1031_1
var_ch_c1031_d1h1
var_cd_c1031_2
var_ch_c1031_d2h1
var_cd_c1031_3
var_ch_c1031_d3h1
var_ch_c1031_d4h0
var_cd_c1031_4
var_ch_c1033_d0h0
var_cd_c1033_0
var_ch_c1033_d0h1
var_ch_c1033_d1h0
var_cd_c1033_1
var_ch_c1033_d2h0
var_cd_c1033_2
var_ch_c1033_d3h0
var_cd_c1033_3
var_cd_c1033_4
var_ch_c1033_d4h1
var_cd_c1057_0
var_ch_c1057_d0h1
var_cd_c1057_1
var_ch_c1057_d1h1
var_cd_c1057_2
var_ch_c1057_d2h1
var_cd_c1067_1
var_ch_c1067_d1h1
var_cd_c1067_2
var_ch_c1067_d2h4
var_cd_c1067_3
var_ch_c1067_d3h2
var_cd_c1068_0
var_ch_c1068_d0h3
var_cd_c1068_2
var_ch_c1068_d2h3
var_cd_c1068_3
var_ch_c1068_d3h3
var_cd_c1074_0
var_ch_c1074_d0h4
var_cd_c1074_2
var_ch_c1074_d2h3
var_cd_c1074_3
var_ch_c1074_d3h4
var_cd_c0006_1
var_ch_c0006_d1h1
var_cd_c0006_3
var_ch_c0006_d3h4
var_cd_c0006_4
var_ch_c0006_d4h4
var_cd_c0011_2
var_ch_c0011_d2h1
var_cd_c0011_3
var_ch_c0011_d3h4
var_cd_c0011_4
var_ch_c0011_d4h3
var_cd_c0018_1
var_ch_c0018_d1h3
var_cd_c0018_3
var_ch_c0018_d3h3
var_cd_c0018_4
var_ch_c0018_d4h2
var_cd_c0026_1
var_ch_c0026_d1h1
var_cd_c0026_3
var_ch_c0026_d3h2
var_cd_c0026_4
var_ch_c0026_d4h1
var_cd_c0027_0
var_ch_c0027_d0h4
var_cd_c0027_1
var_ch_c0027_d1h4
var_ch_c0027_d2h0
var_cd_c0027_2
var_cd_c0046_0
var_ch_c0046_d0h1
var_cd_c0046_1
var_ch_c0046_d1h2
var_cd_c0046_2
var_ch_c0046_d2h1
var_cd_c0050_4
var_ch_c0050_d4h1
var_ch_c0050_d4h3
var_ch_c0050_d4h4
var_cd_c0051_0
var_ch_c0051_d0h2
var_ch_c0051_d2h0
var_cd_c0051_2
var_cd_c0051_4
var_ch_c0051_d4h2
var_cd_c0059_1
var_ch_c0059_d1h3
var_cd_c0059_2
var_ch_c0059_d2h2
var_cd_c0059_4
var_ch_c0059_d4h3
var_cd_c0064_2
var_ch_c0064_d2h2
var_cd_c0064_3
var_ch_c0064_d3h2
var_cd_c0064_4
var_ch_c0064_d4h2
var_cd_c0073_1
var_ch_c0073_d1h4
var_cd_c0073_2
var_ch_c0073_d2h3
var_cd_c0073_3
var_ch_c0073_d3h4
var_ch_c0080_d1h0
var_cd_c0080_1
var_cd_c0080_2
var_ch_c0080_d2h1
var_ch_c0080_d3h0
var_cd_c0080_3
var_cd_c0091_0
var_ch_c0091_d0h2
var_ch_c0091_d2h0
var_cd_c0091_2
var_cd_c0091_3
var_ch_c0091_d3h2
var_ch_c0097_d2h0
var_cd_c0097_2
var_cd_c0097_3
var_ch_c0097_d3h3
var_cd_c0097_4
var_ch_c0097_d4h3
var_cd_c0099_0
var_ch_c0099_d0h1
var_cd_c0099_1
var_ch_c0099_d1h1
var_cd_c0099_4
var_ch_c0099_d4h2
var_cd_c0101_1
var_ch_c0101_d1h3
var_cd_c0101_2
var_ch_c0101_d2h3
var_cd_c0101_3
var_ch_c0101_d3h2
var_cd_c0105_1
var_ch_c0105_d1h2
var_cd_c0105_2
var_ch_c0105_d2h1
var_cd_c0105_4
var_ch_c0105_d4h3
var_cd_c0109_1
var_ch_c0109_d1h4
var_cd_c0109_2
var_ch_c0109_d2h4
var_cd_c0109_4
var_ch_c0109_d4h4
var_cd_c0180_1
var_ch_c0180_d1h2
var_cd_c0180_2
var_ch_c0180_d2h1
var_cd_c0180_3
var_ch_c0180_d3h1
var_ch_c0184_d1h0
var_cd_c0184_1
var_cd_c0184_3
var_ch_c0184_d3h2
var_ch_c0184_d4h0
var_cd_c0184_4
var_cd_c0185_1
var_ch_c0185_d1h1
var_ch_c0185_d2h0
var_cd_c0185_2
var_cd_c0185_4
var_ch_c0185_d4h1
var_cd_c0189_0
var_ch_c0189_d0h4
var_cd_c0189_1
var_ch_c0189_d1h3
var_cd_c0189_2
var_ch_c0189_d2h3
var_cd_c0199_0
var_ch_c0199_d0h3
var_cd_c0199_1
var_ch_c0199_d1h4
var_cd_c0199_2
var_ch_c0199_d2h4
var_cd_c0200_1
var_ch_c0200_d1h1
var_cd_c0200_2
var_ch_c0200_d2h2
var_cd_c0200_3
var_ch_c0200_d3h2
var_cd_c0212_0
var_ch_c0212_d0h3
var_cd_c0212_3
var_ch_c0212_d3h3
var_cd_c0212_4
var_ch_c0212_d4h3
var_cd_c0215_0
var_ch_c0215_d0h1
var_ch_c0215_d3h0
var_cd_c0215_3
var_cd_c0215_4
var_ch_c0215_d4h1
var_cd_c0216_0
var_ch_c0216_d0h2
var_ch_c0216_d1h0
var_cd_c0216_1
var_cd_c0216_3
var_ch_c0216_d3h2
var_cd_c0220_0
var_ch_c0220_d0h3
var_cd_c0220_2
var_ch_c0220_d2h2
var_ch_c0220_d4h0
var_cd_c0220_4
var_cd_c0228_1
var_ch_c0228_d1h1
var_cd_c0228_3
var_ch_c0228_d3h1
var_cd_c0228_4
var_ch_c0228_d4h2
var_cd_c0231_1
var_ch_c0231_d1h1
var_cd_c0231_3
var_ch_c0231_d3h3
var_cd_c0231_4
var_ch_c0231_d4h1
var_cd_c0243_1
var_ch_c0243_d1h2
var_cd_c0243_3
var_ch_c0243_d3h1
var_cd_c0243_4
var_ch_c0243_d4h2
var_cd_c0247_1
var_ch_c0247_d1h1
var_cd_c0247_2
var_ch_c0247_d2h1
var_cd_c0247_4
var_ch_c0247_d4h1
var_cd_c0261_1
var_ch_c0261_d1h2
var_cd_c0261_2
var_ch_c0261_d2h1
var_cd_c0261_3
var_ch_c0261_d3h1
var_cd_c0281_1
var_ch_c0281_d1h3
var_cd_c0281_2
var_ch_c0281_d2h2
var_ch_c0281_d3h0
var_cd_c0281_3
var_cd_c0422_0
var_ch_c0422_d0h2
var_cd_c0422_3
var_ch_c0422_d3h2
var_cd_c0422_4
var_ch_c0422_d4h3
var_cd_c0427_0
var_ch_c0427_d0h1
var_cd_c0427_1
var_ch_c0427_d1h2
var_cd_c0427_3
var_ch_c0427_d3h1
var_cd_c0429_2
var_ch_c0429_d2h2
var_cd_c0429_3
var_ch_c0429_d3h3
var_cd_c0429_4
var_ch_c0429_d4h4
var_cd_c0433_0
var_ch_c0433_d0h4
var_ch_c0433_d2h0
var_cd_c0433_2
var_cd_c0433_3
var_ch_c0433_d3h1
var_cd_c0439_0
var_ch_c0439_d0h3
var_cd_c0439_2
var_ch_c0439_d2h1
var_cd_c0439_4
var_ch_c0439_d4h3
var_cd_c0440_1
var_ch_c0440_d1h4
var_cd_c0440_2
var_ch_c0440_d2h3
var_cd_c0440_4
var_ch_c0440_d4h4
var_ch_c0442_d1h0
var_cd_c0442_1
var_cd_c0442_3
var_ch_c0442_d3h2
var_ch_c0442_d4h0
var_cd_c0442_4
var_ch_c0446_d0h0
var_cd_c0446_0
var_ch_c0446_d0h1
var_ch_c0446_d2h0
var_cd_c0446_2
var_cd_c0450_2
var_ch_c0450_d2h3
var_ch_c0450_d2h4
var_cd_c0450_3
var_ch_c0450_d3h2
var_cd_c0452_1
var_ch_c0452_d1h1
var_ch_c0452_d2h0
var_cd_c0452_2
var_cd_c0452_4
var_ch_c0452_d4h3
var_ch_c1089_d0h0
var_cd_c1089_0
var_ch_c1089_d0h1
var_ch_c1089_d1h0
var_cd_c1089_1
var_ch_c1089_d2h0
var_cd_c1089_2
var_ch_c1089_d3h0
var_cd_c1089_3
var_ch_c1089_d4h0
var_cd_c1089_4
var_cd_c0462_0
var_ch_c0462_d0h3
var_cd_c0462_1
var_ch_c0462_d1h2
var_cd_c0462_2
var_ch_c0462_d2h1
var_cd_c0463_0
var_ch_c0463_d0h2
var_cd_c0463_1
var_ch_c0463_d1h3
var_cd_c0463_2
var_ch_c0463_d2h2
var_cd_c0474_3
var_ch_c0474_d3h3
var_cd_c0474_4
var_ch_c0474_d4h2
var_ch_c0474_d4h3
var_cd_c0484_0
var_ch_c0484_d0h4
var_cd_c0484_2
var_ch_c0484_d2h2
var_cd_c0484_3
var_ch_c0484_d3h4
var_cd_c0495_1
var_ch_c0495_d1h1
var_ch_c0495_d2h0
var_cd_c0495_2
var_cd_c0495_3
var_ch_c0495_d3h2
var_cd_c0516_1
var_ch_c0516_d1h4
var_cd_c0516_2
var_ch_c0516_d2h4
var_cd_c0516_4
var_ch_c0516_d4h4
var_ch_c0519_d0h0
var_cd_c0519_0
var_ch_c0519_d1h0
var_cd_c0519_1
var_ch_c0519_d2h0
var_cd_c0519_2
var_ch_c0519_d3h0
var_cd_c0519_3
var_ch_c0519_d4h0
var_cd_c0519_4
var_cd_c0524_2
var_ch_c0524_d2h1
var_cd_c0524_4
var_ch_c0524_d4h1
var_ch_c0524_d4h2
var_cd_c0533_0
var_ch_c0533_d0h2
var_cd_c0533_3
var_ch_c0533_d3h1
var_cd_c0533_4
var_ch_c0533_d4h1
var_cd_c0536_1
var_ch_c0536_d1h1
var_cd_c0536_2
var_ch_c0536_d2h1
var_cd_c0536_3
var_ch_c0536_d3h1
var_cd_c0600_0
var_ch_c0600_d0h2
var_cd_c0600_1
var_ch_c0600_d1h2
var_cd_c0600_3
var_ch_c0600_d3h1
var_cd_c0718_0
var_ch_c0718_d0h3
var_ch_c0718_d2h0
var_cd_c0718_2
var_ch_c0718_d4h0
var_cd_c0718_4
var_cd_c0513_1
var_ch_c0513_d1h2
var_ch_c0513_d1h3
var_cd_c0513_2
var_ch_c0513_d2h3
var_cd_c0513_3
var_ch_c0513_d3h1
var_ch_c0513_d3h2
var_cd_c0513_4
var_ch_c0513_d4h3
var_cd_c0767_0
var_ch_c0767_d0h2
var_cd_c0767_2
var_ch_c0767_d2h3
var_cd_c0767_3
var_ch_c0767_d3h2
var_cd_c1180_1
var_ch_c1180_d1h3
var_cd_c1180_3
var_ch_c1180_d3h3
var_cd_c1180_4
var_ch_c1180_d4h2
var_cd_c1020_0
var_ch_c1020_d0h3
var_cd_c1020_1
var_ch_c1020_d1h2
var_cd_c1020_3
var_ch_c1020_d3h1
var_cd_c1058_1
var_ch_c1058_d1h3
var_cd_c1058_3
var_ch_c1058_d3h3
var_ch_c1058_d4h0
var_cd_c1058_4
var_ch_c0768_d1h0
var_cd_c0768_1
var_cd_c0768_3
var_ch_c0768_d3h4
var_cd_c0768_4
var_ch_c0768_d4h2
var_kh_q000_d0h0
var_kh_q000_d0h1
var_kh_q000_d1h0
var_kh_q000_d2h0
var_kh_q000_d3h0
var_kh_q000_d4h1
var_kh_q001_d1h2
var_kh_q001_d1h3
var_kh_q001_d1h4
var_kh_q001_d2h0
var_kh_q001_d2h1
var_kh_q001_d2h3
var_kh_q001_d2h4
var_kh_q001_d3h1
var_kh_q001_d3h2
var_kh_q001_d3h3
var_kh_q001_d4h3
var_kh_q001_d4h4
var_kh_q003_d0h0
var_kh_q003_d0h1
var_kh_q003_d1h1
var_kh_q003_d1h2
var_kh_q003_d1h3
var_kh_q003_d1h4
var_kh_q003_d2h1
var_kh_q003_d2h2
var_kh_q003_d3h0
var_kh_q003_d3h1
var_kh_q003_d4h2
var_kh_q003_d4h3
var_kh_q004_d0h0
var_kh_q004_d0h1
var_kh_q004_d1h0
var_kh_q004_d2h0
var_kh_q004_d3h0
var_kh_q004_d4h0
var_kh_q005_d0h2
var_kh_q005_d0h3
var_kh_q005_d1h0
var_kh_q005_d1h1
var_kh_q005_d3h2
var_kh_q005_d3h3
var_kh_q005_d3h4
var_kh_q005_d4h3
var_kh_q005_d4h4
var_kh_q006_d0h1
var_kh_q006_d0h2
var_kh_q006_d0h3
var_kh_q006_d1h0
var_kh_q006_d1h1
var_kh_q006_d1h2
var_kh_q006_d3h1
var_kh_q006_d3h2
var_kh_q006_d3h3
var_kh_q006_d3h4
var_kh_q006_d4h3
var_kh_q006_d4h4
var_kh_q007_d0h3
var_kh_q007_d0h4
var_kh_q007_d1h1
var_kh_q007_d1h2
var_kh_q007_d1h3
var_kh_q007_d1h4
var_kh_q007_d2h0
var_kh_q007_d2h1
var_kh_q007_d3h1
var_kh_q007_d3h2
var_kh_q007_d3h3
var_kh_q007_d3h4
var_kh_q007_d4h1
var_kh_q007_d4h2
var_kh_q007_d4h3
var_kh_q008_d0h1
var_kh_q008_d0h2
var_kh_q008_d0h3
var_kh_q008_d1h0
var_kh_q008_d1h1
var_kh_q008_d1h2
var_kh_q008_d2h0
var_kh_q008_d2h1
var_kh_q008_d2h2
var_kh_q008_d3h0
var_kh_q008_d3h1
var_kh_q008_d3h2
var_kh_q008_d3h3
var_kh_q008_d4h0
var_kh_q008_d4h1
var_kh_q009_d0h2
var_kh_q009_d0h3
var_kh_q009_d0h4
var_kh_q009_d1h1
var_kh_q009_d1h2
var_kh_q009_d2h0
var_kh_q009_d2h1
var_kh_q009_d2h2
var_kh_q009_d3h3
var_kh_q009_d3h4
var_kh_q009_d4h0
var_kh_q009_d4h1
var_kh_q009_d4h2
var_kh_q009_d4h3
var_kh_q009_d4h4
var_kh_q010_d0h0
var_kh_q010_d1h0
var_kh_q010_d2h0
var_kh_q010_d3h0
var_kh_q010_d4h0
var_kh_q010_d4h1
var_kh_q011_d0h0
var_kh_q011_d0h1
var_kh_q011_d0h2
var_kh_q011_d0h3
var_kh_q011_d1h1
var_kh_q011_d1h2
var_kh_q011_d1h3
var_kh_q011_d2h0
var_kh_q011_d2h1
var_kh_q011_d2h2
var_kh_q011_d4h2
var_kh_q011_d4h3
var_kh_q012_d0h1
var_kh_q012_d1h2
var_kh_q012_d1h3
var_kh_q012_d2h1
var_kh_q012_d2h2
var_kh_q012_d3h2
var_kh_q012_d3h3
var_kh_q012_d4h0
var_kh_q012_d4h1
var_kh_q012_d4h2
var_kh_q012_d4h3
var_kh_q012_d4h4
var_kh_q013_d1h3
var_kh_q013_d1h4
var_kh_q013_d2h2
var_kh_q013_d2h3
var_kh_q013_d3h2
var_kh_q013_d3h3
var_kh_q013_d3h4
var_kh_q013_d4h0
var_kh_q013_d4h1
var_kh_q013_d4h2
var_kh_q013_d4h3
var_kh_q013_d4h4
var_kh_q014_d1h2
var_kh_q014_d1h3
var_kh_q014_d2h1
var_kh_q014_d2h2
var_kh_q014_d3h1
var_kh_q014_d3h2
var_kh_q014_d3h3
var_kh_q014_d4h0
var_kh_q014_d4h1
var_kh_q014_d4h2
var_kh_q014_d4h3
var_kh_q014_d4h4
var_kh_q017_d0h1
var_kh_q017_d0h2
var_kh_q017_d0h3
var_kh_q017_d1h0
var_kh_q017_d1h1
var_kh_q017_d3h0
var_kh_q017_d3h1
var_kh_q017_d3h2
var_kh_q017_d3h3
var_kh_q017_d4h1
var_kh_q017_d4h2
var_kh_q017_d4h3
var_kh_q018_d0h1
var_kh_q018_d0h2
var_kh_q018_d0h3
var_kh_q018_d0h4
var_kh_q018_d1h0
var_kh_q018_d1h1
var_kh_q018_d1h2
var_kh_q018_d3h0
var_kh_q018_d3h1
var_kh_q018_d3h2
var_kh_q018_d3h3
var_kh_q018_d4h1
var_kh_q018_d4h2
var_kh_q018_d4h3
var_kh_q018_d4h4
var_kh_q019_d0h2
var_kh_q019_d0h3
var_kh_q019_d1h0
var_kh_q019_d1h1
var_kh_q019_d2h2
var_kh_q019_d2h3
var_kh_q019_d3h2
var_kh_q019_d3h3
var_kh_q019_d3h4
var_kh_q019_d4h0
var_kh_q019_d4h1
var_kh_q019_d4h2
var_kh_q020_d0h2
var_kh_q020_d0h3
var_kh_q020_d1h1
var_kh_q020_d1h2
var_kh_q020_d2h1
var_kh_q020_d2h2
var_kh_q020_d2h3
var_kh_q020_d3h1
var_kh_q020_d3h2
var_kh_q020_d4h0
var_kh_q020_d4h1
var_kh_q020_d4h2
var_kh_q021_d0h1
var_kh_q021_d0h2
var_kh_q021_d0h3
var_kh_q021_d1h1
var_kh_q021_d1h2
var_kh_q021_d2h1
var_kh_q021_d2h2
var_kh_q021_d2h3
var_kh_q021_d3h1
var_kh_q021_d3h2
var_kh_q021_d4h0
var_kh_q021_d4h1
var_kh_q022_d0h0
var_kh_q022_d1h0
var_kh_q022_d1h1
var_kh_q022_d2h1
var_kh_q022_d3h1
var_kh_q022_d4h0
var_kh_q023_d0h3
var_kh_q023_d0h4
var_kh_q023_d1h1
var_kh_q023_d1h2
var_kh_q023_d1h3
var_kh_q023_d1h4
var_kh_q023_d2h1
var_kh_q023_d2h2
var_kh_q023_d2h3
var_kh_q023_d2h4
var_kh_q023_d3h1
var_kh_q023_d3h2
var_kh_q024_d1h0
var_kh_q024_d1h1
var_kh_q024_d1h2
var_kh_q024_d1h3
var_kh_q024_d2h0
var_kh_q024_d2h1
var_kh_q024_d3h2
var_kh_q024_d3h3
var_kh_q024_d4h0
var_kh_q024_d4h1
var_kh_q024_d4h2
var_kh_q024_d4h3
var_kh_q025_d1h0
var_kh_q025_d1h1
var_kh_q025_d1h2
var_kh_q025_d1h3
var_kh_q025_d2h0
var_kh_q025_d2h1
var_kh_q025_d3h2
var_kh_q025_d3h3
var_kh_q025_d4h0
var_kh_q025_d4h1
var_kh_q025_d4h2
var_kh_q025_d4h3
var_kh_q026_d1h0
var_kh_q026_d1h1
var_kh_q026_d1h2
var_kh_q026_d2h0
var_kh_q026_d2h1
var_kh_q026_d2h2
var_kh_q026_d3h2
var_kh_q026_d3h3
var_kh_q026_d4h0
var_kh_q026_d4h1
var_kh_q026_d4h3
var_kh_q026_d4h4
var_kh_q028_d0h1
var_kh_q028_d0h2
var_kh_q028_d1h2
var_kh_q028_d1h3
var_kh_q028_d2h0
var_kh_q028_d2h1
var_kh_q028_d2h2
var_kh_q028_d4h2
var_kh_q028_d4h3
var_kh_q029_d1h0
var_kh_q029_d1h1
var_kh_q029_d1h2
var_kh_q029_d1h3
var_kh_q029_d2h0
var_kh_q029_d2h1
var_kh_q029_d3h1
var_kh_q029_d3h2
var_kh_q029_d3h3
var_kh_q029_d4h0
var_kh_q029_d4h1
var_kh_q029_d4h2
var_kh_q030_d1h0
var_kh_q030_d1h1
var_kh_q030_d1h2
var_kh_q030_d2h0
var_kh_q030_d2h1
var_kh_q030_d3h1
var_kh_q030_d3h2
var_kh_q030_d3h3
var_kh_q030_d4h0
var_kh_q030_d4h1
var_kh_q030_d4h2
var_kh_q030_d4h3
var_kh_q031_d1h0
var_kh_q031_d1h1
var_kh_q031_d1h2
var_kh_q031_d1h3
var_kh_q031_d2h0
var_kh_q031_d2h1
var_kh_q031_d2h2
var_kh_q031_d3h0
var_kh_q031_d3h1
var_kh_q031_d3h2
var_kh_q031_d4h0
var_kh_q031_d4h1
var_kh_q032_d0h0
var_kh_q032_d0h1
var_kh_q032_d0h2
var_kh_q032_d1h1
var_kh_q032_d1h2
var_kh_q032_d2h3
var_kh_q032_d2h4
var_kh_q032_d3h1
var_kh_q032_d3h2
var_kh_q032_d3h3
var_kh_q032_d4h2
var_kh_q032_d4h3
var_kh_q033_d0h0
var_kh_q033_d0h1
var_kh_q033_d0h2
var_kh_q033_d1h1
var_kh_q033_d1h2
var_kh_q033_d1h3
var_kh_q033_d2h2
var_kh_q033_d2h3
var_kh_q033_d2h4
var_kh_q033_d3h0
var_kh_q033_d3h1
var_kh_q033_d3h2
var_kh_q034_d1h1
var_kh_q034_d1h2
var_kh_q034_d2h0
var_kh_q034_d2h1
var_kh_q034_d2h2
var_kh_q034_d2h3
var_kh_q034_d2h4
var_kh_q034_d3h1
var_kh_q034_d3h2
var_kh_q034_d3h3
var_kh_q034_d4h3
var_kh_q034_d4h4
var_kh_q035_d1h1
var_kh_q035_d1h2
var_kh_q035_d1h3
var_kh_q035_d2h0
var_kh_q035_d2h1
var_kh_q035_d2h3
var_kh_q035_d2h4
var_kh_q035_d3h1
var_kh_q035_d3h2
var_kh_q035_d3h3
var_kh_q035_d4h2
var_kh_q035_d4h3
var_kh_q036_d0h2
var_kh_q036_d0h3
var_kh_q036_d1h1
var_kh_q036_d1h2
var_kh_q036_d1h3
var_kh_q036_d1h4
var_kh_q036_d2h0
var_kh_q036_d2h1
var_kh_q036_d2h2
var_kh_q036_d2h3
var_kh_q036_d3h2
var_kh_q036_d3h4
var_kh_q037_d0h2
var_kh_q037_d0h3
var_kh_q037_d1h2
var_kh_q037_d1h3
var_kh_q037_d2h1
var_kh_q037_d2h2
var_kh_q037_d3h3
var_kh_q037_d4h2
var_kh_q037_d4h3
var_kh_q038_d0h1
var_kh_q038_d0h2
var_kh_q038_d0h3
var_kh_q038_d1h1
var_kh_q038_d1h2
var_kh_q038_d1h3
var_kh_q038_d2h1
var_kh_q038_d2h2
var_kh_q038_d4h2
var_kh_q039_d0h2
var_kh_q039_d0h3
var_kh_q039_d0h4
var_kh_q039_d1h1
var_kh_q039_d1h2
var_kh_q039_d1h3
var_kh_q039_d1h4
var_kh_q039_d2h0
var_kh_q039_d2h1
var_kh_q039_d2h2
var_kh_q039_d3h2
var_kh_q039_d3h3
var_kh_q039_d3h4
var_kh_q039_d4h0
var_kh_q039_d4h1
var_kh_q040_d0h3
var_kh_q040_d0h4
var_kh_q040_d1h1
var_kh_q040_d1h2
var_kh_q040_d1h3
var_kh_q040_d2h1
var_kh_q040_d2h2
var_kh_q040_d2h3
var_kh_q040_d3h0
var_kh_q040_d3h1
var_kh_q040_d3h3
var_kh_q040_d3h4
var_kh_q040_d4h1
var_kh_q040_d4h2
var_kh_q040_d4h3
var_kh_q041_d0h3
var_kh_q041_d0h4
var_kh_q041_d1h0
var_kh_q041_d1h1
var_kh_q041_d1h3
var_kh_q041_d1h4
var_kh_q041_d2h0
var_kh_q041_d2h1
var_kh_q041_d2h2
var_kh_q041_d2h3
var_kh_q041_d3h0
var_kh_q041_d3h1
var_kh_q041_d3h2
var_kh_q041_d3h3
var_kh_q041_d4h0
var_kh_q041_d4h1
var_kh_q041_d4h3
var_kh_q041_d4h4
var_kh_q042_d0h1
var_kh_q042_d0h2
var_kh_q042_d0h3
var_kh_q042_d1h1
var_kh_q042_d1h2
var_kh_q042_d2h1
var_kh_q042_d2h2
var_kh_q042_d2h3
var_kh_q042_d3h1
var_kh_q042_d3h2
var_kh_q042_d3h3
var_kh_q042_d4h0
var_kh_q042_d4h1
var_kh_q042_d4h3
var_kh_q042_d4h4
var_kh_q043_d0h0
var_kh_q043_d0h1
var_kh_q043_d0h2
var_kh_q043_d1h0
var_kh_q043_d1h1
var_kh_q043_d2h0
var_kh_q043_d2h1
var_kh_q043_d2h2
var_kh_q043_d3h2
var_kh_q043_d3h3
var_kh_q043_d3h4
var_kh_q043_d4h1
var_kh_q043_d4h2
var_kh_q043_d4h3
var_kh_q043_d4h4
var_kh_q044_d0h2
var_kh_q044_d0h3
var_kh_q044_d1h0
var_kh_q044_d1h1
var_kh_q044_d2h1
var_kh_q044_d2h2
var_kh_q044_d2h3
var_kh_q044_d3h2
var_kh_q044_d3h3
var_kh_q044_d3h4
var_kh_q044_d4h0
var_kh_q044_d4h1
var_kh_q044_d4h2
var_kh_q044_d4h3
var_kh_q044_d4h4
var_kh_q045_d0h2
var_kh_q045_d0h3
var_kh_q045_d1h0
var_kh_q045_d1h1
var_kh_q045_d2h0
var_kh_q045_d2h1
var_kh_q045_d2h2
var_kh_q045_d3h2
var_kh_q045_d3h3
var_kh_q045_d3h4
var_kh_q045_d4h0
var_kh_q045_d4h1
var_kh_q045_d4h2
var_kh_q045_d4h3
var_kh_q045_d4h4
var_kh_q046_d0h1
var_kh_q046_d0h2
var_kh_q046_d1h0
var_kh_q046_d1h1
var_kh_q046_d1h2
var_kh_q046_d2h1
var_kh_q046_d2h2
var_kh_q046_d3h1
var_kh_q046_d3h2
var_kh_q046_d3h3
var_kh_q046_d3h4
var_kh_q046_d4h1
var_kh_q046_d4h2
var_kh_q046_d4h3
var_kh_q046_d4h4
var_kh_q047_d1h2
var_kh_q047_d1h3
var_kh_q047_d1h4
var_kh_q047_d2h1
var_kh_q047_d2h2
var_kh_q047_d2h3
var_kh_q047_d3h0
var_kh_q047_d3h1
var_kh_q047_d3h3
var_kh_q047_d3h4
var_kh_q047_d4h2
var_kh_q047_d4h3
var_kh_q048_d1h1
var_kh_q048_d1h2
var_kh_q048_d1h3
var_kh_q048_d2h0
var_kh_q048_d2h1
var_kh_q048_d2h2
var_kh_q048_d3h0
var_kh_q048_d3h1
var_kh_q048_d3h2
var_kh_q048_d3h3
var_kh_q048_d4h2
var_kh_q048_d4h3
var_kh_q049_d1h3
var_kh_q049_d1h4
var_kh_q049_d2h2
var_kh_q049_d2h3
var_kh_q049_d3h0
var_kh_q049_d3h3
var_kh_q049_d3h4
var_kh_q049_d4h2
var_kh_q049_d4h3
var_kh_q050_d0h3
var_kh_q050_d0h4
var_kh_q050_d2h2
var_kh_q050_d2h3
var_kh_q050_d3h3
var_kh_q050_d3h4
var_kh_q051_d0h2
var_kh_q051_d0h3
var_kh_q051_d0h4
var_kh_q051_d1h1
var_kh_q051_d1h2
var_kh_q051_d2h2
var_kh_q051_d2h3
var_kh_q051_d2h4
var_kh_q051_d3h1
var_kh_q051_d3h2
var_kh_q051_d3h3
var_kh_q051_d3h4
var_kh_q052_d0h3
var_kh_q052_d0h4
var_kh_q052_d2h1
var_kh_q052_d2h2
var_kh_q052_d2h3
var_kh_q052_d3h3
var_kh_q052_d3h4
var_kh_q052_d4h1
var_kh_q052_d4h2
var_kh_q053_d1h2
var_kh_q053_d1h3
var_kh_q053_d1h4
var_kh_q053_d2h3
var_kh_q053_d2h4
var_kh_q053_d3h1
var_kh_q053_d3h2
var_kh_q053_d4h3
var_kh_q053_d4h4
var_kh_q054_d1h2
var_kh_q054_d1h3
var_kh_q054_d2h2
var_kh_q054_d2h3
var_kh_q054_d3h1
var_kh_q054_d3h2
var_kh_q054_d3h3
var_kh_q054_d4h3
var_kh_q054_d4h4
var_kh_q055_d0h0
var_kh_q055_d1h0
var_kh_q055_d2h0
var_kh_q055_d2h1
var_kh_q055_d3h0
var_kh_q055_d4h0
var_kh_q055_d4h1
var_kh_q055_d4h2
var_kh_q056_d0h0
var_kh_q056_d0h1
var_kh_q056_d0h2
var_kh_q056_d1h0
var_kh_q056_d1h1
var_kh_q056_d2h0
var_kh_q056_d2h1
var_kh_q056_d3h0
var_kh_q056_d3h1
var_kh_q056_d4h0
var_kh_q056_d4h1
var_kh_q057_d0h0
var_kh_q057_d1h0
var_kh_q057_d1h1
var_kh_q057_d2h0
var_kh_q057_d2h1
var_kh_q057_d3h0
var_kh_q057_d3h1
var_kh_q057_d4h0
var_kh_q058_d0h2
var_kh_q058_d0h3
var_kh_q058_d1h0
var_kh_q058_d1h1
var_kh_q058_d1h2
var_kh_q058_d2h0
var_kh_q058_d2h1
var_kh_q058_d3h1
var_kh_q058_d3h2
var_kh_q058_d4h1
var_kh_q058_d4h2
var_kh_q058_d4h3
var_kh_q059_d0h0
var_kh_q059_d0h1
var_kh_q059_d0h2
var_kh_q059_d0h3
var_kh_q059_d1h2
var_kh_q059_d1h3
var_kh_q059_d2h0
var_kh_q059_d2h1
var_kh_q059_d2h2
var_kh_q059_d2h3
var_kh_q059_d3h0
var_kh_q059_d3h1
var_kh_q059_d4h0
var_kh_q059_d4h1
var_kh_q059_d4h2
var_kh_q060_d0h0
var_kh_q060_d0h1
var_kh_q060_d0h2
var_kh_q060_d1h2
var_kh_q060_d1h3
var_kh_q060_d2h0
var_kh_q060_d2h1
var_kh_q060_d2h2
var_kh_q060_d3h0
var_kh_q060_d3h1
var_kh_q060_d4h1
var_kh_q060_d4h2
var_kh_q061_d0h2
var_kh_q061_d0h3
var_kh_q061_d1h0
var_kh_q061_d1h1
var_kh_q061_d2h1
var_kh_q061_d2h2
var_kh_q061_d3h0
var_kh_q061_d3h1
var_kh_q061_d3h3
var_kh_q061_d3h4
var_kh_q061_d4h0
var_kh_q061_d4h1
var_kh_q062_d0h2
var_kh_q062_d0h3
var_kh_q062_d0h4
var_kh_q062_d1h0
var_kh_q062_d1h1
var_kh_q062_d1h2
var_kh_q062_d2h1
var_kh_q062_d2h2
var_kh_q062_d2h3
var_kh_q062_d3h0
var_kh_q062_d3h1
var_kh_q062_d3h2
var_kh_q062_d3h3
var_kh_q062_d4h0
var_kh_q062_d4h1
var_kh_q063_d0h2
var_kh_q063_d0h3
var_kh_q063_d0h4
var_kh_q063_d1h1
var_kh_q063_d1h2
var_kh_q063_d2h2
var_kh_q063_d2h3
var_kh_q063_d3h1
var_kh_q063_d3h2
var_kh_q063_d3h3
var_kh_q063_d4h0
var_kh_q063_d4h1
var_cr_c0793_25
var_cr_c0816_25
var_cr_c1067_25
var_cr_c0484_25
var_cr_c0826_36
var_cr_c0011_36
var_cr_c0433_36
var_cr_c0442_36
var_cr_c0820_37
var_cr_c0821_37
var_cr_c1068_37
var_cr_c0006_37
var_cr_c0027_37
var_cr_c0823_38
var_cr_c0080_38
var_cr_c0495_38
var_cr_c0516_38
var_cr_c0533_38
var_cr_c0803_34
var_cr_c0806_34
var_cr_c0824_34
var_cr_c0524_34
var_cr_c0600_34
var_cr_c1013_27
var_cr_c0064_27
var_cr_c0452_27
var_cr_c1058_27
var_cr_c0189_B
var_cr_c0243_B
var_cr_c0247_B
var_cr_c0422_B
var_cr_c0429_B
var_cr_c1089_B
var_cr_c1009_D
var_cr_c0051_D
var_cr_c0109_D
var_cr_c0180_D
var_cr_c0184_D
var_cr_c0212_D
var_cr_c0281_D
var_cr_c1033_F
var_cr_c0101_F
var_cr_c0105_F
var_cr_c0220_F
var_cr_c0228_F
var_cr_c1027_G
var_cr_c0059_G
var_cr_c0099_G
var_cr_c0199_G
var_cr_c0261_G
var_cr_c0767_G
var_cr_c1031_A
var_cr_c0097_A
var_cr_c0215_A
var_cr_c0450_A
var_cr_c0463_A
var_cr_c0935_L
var_cr_c0185_L
var_cr_c0216_L
var_cr_c0462_L
var_cr_c0046_Dis
var_cr_c0050_Dis
var_cr_c0073_Dis
var_cr_c0200_Dis
var_cr_c0519_Dis
var_cr_c1180_Dis
var_cr_c0772_N
var_cr_c0018_N
var_cr_c0446_N
var_cr_c0536_N
var_cr_c1057_Er1
var_cr_c0091_Er1
var_cr_c0440_Er1
var_cr_c0474_Er1
var_cr_c1020_Er1
var_cr_c0231_Er2
var_cr_c0718_Er2
var_cr_c0513_Er2
var_cr_c0768_Er2
var_cr_c0830_52
var_cr_c0836_52
var_cr_c1074_52
var_cr_c0026_52
var_cr_c0427_52
var_cr_c0439_52
