itc2007/comp06.ctt SAT 37.962877792 28
var_cd_c0006_0
var_ch_c0006_d0h3
var_cd_c0006_1
var_ch_c0006_d1h3
var_cd_c0006_4
var_ch_c0006_d4h1
var_cd_c0011_0
var_ch_c0011_d0h2
var_cd_c0011_2
var_ch_c0011_d2h1
var_cd_c0011_3
var_ch_c0011_d3h1
var_cd_c0018_1
var_ch_c0018_d1h1
var_cd_c0018_2
var_ch_c0018_d2h2
var_cd_c0018_3
var_ch_c0018_d3h3
var_cd_c0026_0
var_ch_c0026_d0h3
var_cd_c0026_1
var_ch_c0026_d1h3
var_cd_c0026_4
var_ch_c0026_d4h1
var_cd_c0027_1
var_ch_c0027_d1h4
var_cd_c0027_3
var_ch_c0027_d3h2
var_ch_c0027_d4h0
var_cd_c0027_4
var_cd_c0046_0
var_ch_c0046_d0h1
var_cd_c0046_2
var_ch_c0046_d2h1
var_cd_c0046_3
var_ch_c0046_d3h1
var_cd_c0050_0
var_ch_c0050_d0h2
var_ch_c0050_d0h3
var_cd_c0050_1
var_ch_c0050_d1h3
var_ch_c0051_d0h0
var_cd_c0051_0
var_ch_c0051_d3h0
var_cd_c0051_3
var_ch_c0051_d4h0
var_cd_c0051_4
var_cd_c0059_0
var_ch_c0059_d0h2
var_cd_c0059_2
var_ch_c0059_d2h2
var_cd_c0059_4
var_ch_c0059_d4h1
var_cd_c0064_1
var_ch_c0064_d1h4
var_cd_c0064_2
var_ch_c0064_d2h2
var_cd_c0064_3
var_ch_c0064_d3h2
var_ch_c0073_d1h0
var_cd_c0073_1
var_cd_c0073_2
var_ch_c0073_d2h4
var_cd_c0073_3
var_ch_c0073_d3h4
var_cd_c0080_1
var_ch_c0080_d1h1
var_cd_c0080_2
var_ch_c0080_d2h4
var_cd_c0080_4
var_ch_c0080_d4h2
var_cd_c0085_0
var_ch_c0085_d0h4
var_ch_c0085_d2h0
var_cd_c0085_2
var_cd_c0085_4
var_ch_c0085_d4h2
var_cd_c0091_1
var_ch_c0091_d1h3
var_cd_c0091_2
var_ch_c0091_d2h3
var_cd_c0091_4
var_ch_c0091_d4h1
var_cd_c0097_1
var_ch_c0097_d1h3
var_ch_c0097_d2h0
var_cd_c0097_2
var_cd_c0097_3
var_ch_c0097_d3h1
var_cd_c0099_2
var_ch_c0099_d2h4
var_cd_c0099_3
var_ch_c0099_d3h2
var_cd_c0099_4
var_ch_c0099_d4h3
var_ch_c0101_d0h0
var_cd_c0101_0
var_cd_c0101_1
var_ch_c0101_d1h1
var_cd_c0101_3
var_ch_c0101_d3h3
var_cd_c0105_1
var_ch_c0105_d1h2
var_cd_c0105_2
var_ch_c0105_d2h1
var_ch_c0105_d2h3
var_cd_c0109_0
var_ch_c0109_d0h1
var_cd_c0109_1
var_ch_c0109_d1h4
var_cd_c0109_3
var_ch_c0109_d3h2
var_cd_c0128_2
var_ch_c0128_d2h3
var_cd_c0128_3
var_ch_c0128_d3h3
var_cd_c0128_4
var_ch_c0128_d4h3
var_cd_c0137_0
var_ch_c0137_d0h3
var_cd_c0137_1
var_ch_c0137_d1h1
var_cd_c0137_2
var_ch_c0137_d2h1
var_cd_c0142_1
var_ch_c0142_d1h3
var_cd_c0142_3
var_ch_c0142_d3h2
var_cd_c0142_4
var_ch_c0142_d4h2
var_cd_c0143_0
var_ch_c0143_d0h2
var_ch_c0143_d1h0
var_cd_c0143_1
var_ch_c0143_d2h0
var_cd_c0143_2
var_ch_c0154_d0h0
var_cd_c0154_0
var_ch_c0154_d1h0
var_cd_c0154_1
var_ch_c0154_d4h0
var_cd_c0154_4
var_cd_c0180_1
var_ch_c0180_d1h2
var_cd_c0180_2
var_ch_c0180_d2h1
var_cd_c0180_3
var_ch_c0180_d3h4
var_cd_c0184_0
var_ch_c0184_d0h4
var_cd_c0184_1
var_ch_c0184_d1h3
var_cd_c0184_3
var_ch_c0184_d3h1
var_cd_c0185_0
var_ch_c0185_d0h3
var_ch_c0185_d2h0
var_cd_c0185_2
var_cd_c0185_3
var_ch_c0185_d3h2
var_cd_c0600_1
var_ch_c0600_d1h3
var_cd_c0600_3
var_ch_c0600_d3h1
var_cd_c0600_4
var_ch_c0600_d4h2
var_cd_c0718_1
var_ch_c0718_d1h2
var_cd_c0718_3
var_ch_c0718_d3h4
var_cd_c0718_4
var_ch_c0718_d4h4
var_cd_c0724_0
var_ch_c0724_d0h3
var_cd_c0724_1
var_ch_c0724_d1h3
var_cd_c0724_3
var_ch_c0724_d3h4
var_cd_c0793_0
var_ch_c0793_d0h2
var_cd_c0793_1
var_ch_c0793_d1h1
var_cd_c0793_2
var_ch_c0793_d2h1
var_cd_c0803_0
var_ch_c0803_d0h4
var_cd_c0803_2
var_ch_c0803_d2h2
var_cd_c0803_4
var_ch_c0803_d4h3
var_cd_c0806_0
var_ch_c0806_d0h2
var_ch_c0806_d1h0
var_cd_c0806_1
var_ch_c0806_d4h0
var_cd_c0806_4
var_ch_c0816_d1h0
var_cd_c0816_1
var_cd_c0816_3
var_ch_c0816_d3h4
var_cd_c0816_4
var_ch_c0816_d4h4
var_cd_c0820_1
var_ch_c0820_d1h1
var_cd_c0820_2
var_ch_c0820_d2h1
var_cd_c0820_4
var_ch_c0820_d4h3
var_cd_c0821_1
var_ch_c0821_d1h4
var_cd_c0821_2
var_ch_c0821_d2h2
var_cd_c0821_4
var_ch_c0821_d4h1
var_ch_c0823_d0h0
var_cd_c0823_0
var_cd_c0823_1
var_ch_c0823_d1h3
var_cd_c0823_3
var_ch_c0823_d3h2
var_cd_c0824_0
var_ch_c0824_d0h2
var_cd_c0824_3
var_ch_c0824_d3h1
var_ch_c0824_d4h0
var_cd_c0824_4
var_cd_c0826_0
var_ch_c0826_d0h1
var_cd_c0826_1
var_ch_c0826_d1h2
var_cd_c0826_2
var_ch_c0826_d2h3
var_ch_c0189_d0h0
var_cd_c0189_0
var_cd_c0189_2
var_ch_c0189_d2h2
var_cd_c0189_3
var_ch_c0189_d3h3
var_cd_c0199_0
var_ch_c0199_d0h1
var_cd_c0199_2
var_ch_c0199_d2h3
var_cd_c0199_3
var_ch_c0199_d3h1
var_cd_c0200_1
var_ch_c0200_d1h3
var_cd_c0200_2
var_ch_c0200_d2h4
var_ch_c0200_d3h0
var_cd_c0200_3
var_cd_c0202_0
var_ch_c0202_d0h2
var_cd_c0202_1
var_ch_c0202_d1h4
var_cd_c0202_2
var_ch_c0202_d2h4
var_cd_c0212_2
var_ch_c0212_d2h1
var_cd_c0212_3
var_ch_c0212_d3h1
var_ch_c0212_d4h0
var_cd_c0212_4
var_cd_c0216_1
var_ch_c0216_d1h4
var_cd_c0216_2
var_ch_c0216_d2h2
var_ch_c0216_d3h0
var_cd_c0216_3
var_ch_c0220_d0h0
var_cd_c0220_0
var_ch_c0220_d1h0
var_cd_c0220_1
var_ch_c0220_d3h0
var_cd_c0220_3
var_cd_c0228_0
var_ch_c0228_d0h2
var_cd_c0228_1
var_ch_c0228_d1h2
var_cd_c0228_4
var_ch_c0228_d4h2
var_cd_c0231_0
var_ch_c0231_d0h1
var_cd_c0231_3
var_ch_c0231_d3h1
var_cd_c0231_4
var_ch_c0231_d4h3
var_cd_c0243_0
var_ch_c0243_d0h4
var_cd_c0243_1
var_ch_c0243_d1h2
var_cd_c0243_3
var_ch_c0243_d3h2
var_cd_c0247_0
var_ch_c0247_d0h1
var_ch_c0247_d2h0
var_cd_c0247_2
var_cd_c0247_3
var_ch_c0247_d3h1
var_cd_c0261_0
var_ch_c0261_d0h1
var_cd_c0261_1
var_ch_c0261_d1h2
var_cd_c0261_2
var_ch_c0261_d2h1
var_ch_c0281_d0h0
var_cd_c0281_0
var_cd_c0281_1
var_ch_c0281_d1h1
var_cd_c0281_3
var_ch_c0281_d3h3
var_cd_c0417_0
var_ch_c0417_d0h1
var_cd_c0417_1
var_ch_c0417_d1h1
var_cd_c0417_3
var_ch_c0417_d3h3
var_cd_c0422_0
var_ch_c0422_d0h3
var_cd_c0422_2
var_ch_c0422_d2h1
var_cd_c0422_4
var_ch_c0422_d4h3
var_cd_c0427_0
var_ch_c0427_d0h2
var_cd_c0427_1
var_ch_c0427_d1h2
var_cd_c0427_3
var_ch_c0427_d3h2
var_cd_c0429_1
var_ch_c0429_d1h1
var_cd_c0429_2
var_ch_c0429_d2h2
var_cd_c0429_3
var_ch_c0429_d3h3
var_cd_c0433_0
var_ch_c0433_d0h4
var_cd_c0433_1
var_ch_c0433_d1h4
var_cd_c0433_2
var_ch_c0433_d2h4
var_ch_c0439_d0h0
var_cd_c0439_0
var_cd_c0439_2
var_ch_c0439_d2h1
var_ch_c0439_d4h0
var_cd_c0439_4
var_cd_c0440_1
var_ch_c0440_d1h3
var_cd_c0440_2
var_ch_c0440_d2h3
var_cd_c0440_4
var_ch_c0440_d4h2
var_cd_c0442_1
var_ch_c0442_d1h2
var_cd_c0442_2
var_ch_c0442_d2h2
var_ch_c0442_d3h0
var_cd_c0442_3
var_ch_c0446_d1h0
var_cd_c0446_1
var_cd_c0446_3
var_ch_c0446_d3h2
var_cd_c0446_4
var_ch_c0446_d4h4
var_cd_c1009_0
var_ch_c1009_d0h1
var_cd_c1009_3
var_ch_c1009_d3h2
var_cd_c1009_4
var_ch_c1009_d4h3
var_cd_c1013_2
var_ch_c1013_d2h3
var_cd_c1013_3
var_ch_c1013_d3h1
var_cd_c1013_4
var_ch_c1013_d4h2
var_ch_c1020_d1h0
var_cd_c1020_1
var_ch_c1020_d2h0
var_cd_c1020_2
var_cd_c1020_3
var_ch_c1020_d3h4
var_cd_c1023_0
var_ch_c1023_d0h3
var_cd_c1023_1
var_ch_c1023_d1h3
var_cd_c1023_4
var_ch_c1023_d4h3
var_cd_c1027_1
var_ch_c1027_d1h2
var_cd_c1027_2
var_ch_c1027_d2h2
var_cd_c1027_3
var_ch_c1027_d3h2
var_cd_c1027_4
var_ch_c1027_d4h3
var_ch_c1027_d4h4
var_cd_c1028_1
var_ch_c1028_d1h3
var_cd_c1028_2
var_ch_c1028_d2h3
var_cd_c1028_3
var_ch_c1028_d3h3
var_cd_c1031_0
var_ch_c1031_d0h4
var_cd_c1031_2
var_ch_c1031_d2h1
var_ch_c1031_d2h2
var_cd_c1031_3
var_ch_c1031_d3h4
var_cd_c1031_4
var_ch_c1031_d4h4
var_cd_c1032_0
var_ch_c1032_d0h3
var_cd_c1032_3
var_ch_c1032_d3h3
var_cd_c1032_4
var_ch_c1032_d4h3
var_ch_c1033_d0h0
var_cd_c1033_0
var_ch_c1033_d2h0
var_cd_c1033_2
var_ch_c1033_d3h0
var_cd_c1033_3
var_ch_c1033_d4h0
var_cd_c1033_4
var_ch_c1033_d4h1
var_cd_c1034_2
var_ch_c1034_d2h3
var_cd_c1034_3
var_ch_c1034_d3h3
var_cd_c1034_4
var_ch_c1034_d4h3
var_cd_c1042_0
var_ch_c1042_d0h4
var_cd_c1042_1
var_ch_c1042_d1h2
var_cd_c1042_2
var_ch_c1042_d2h2
var_cd_c0450_0
var_ch_c0450_d0h3
var_ch_c0450_d1h0
var_cd_c0450_1
var_cd_c0450_2
var_ch_c0450_d2h3
var_cd_c0452_1
var_ch_c0452_d1h3
var_ch_c0452_d2h0
var_cd_c0452_2
var_cd_c0452_3
var_ch_c0452_d3h4
var_cd_c0462_1
var_ch_c0462_d1h2
var_cd_c0462_2
var_ch_c0462_d2h3
var_cd_c0462_3
var_ch_c0462_d3h1
var_cd_c0463_1
var_ch_c0463_d1h1
var_cd_c0463_3
var_ch_c0463_d3h3
var_cd_c0463_4
var_ch_c0463_d4h2
var_cd_c0474_2
var_ch_c0474_d2h2
var_ch_c0474_d3h0
var_cd_c0474_3
var_cd_c0474_4
var_ch_c0474_d4h1
var_cd_c0484_1
var_ch_c0484_d1h1
var_ch_c0484_d2h0
var_cd_c0484_2
var_cd_c0484_3
var_ch_c0484_d3h2
var_ch_c0489_d1h0
var_cd_c0489_1
var_cd_c0489_2
var_ch_c0489_d2h1
var_cd_c0489_3
var_ch_c0489_d3h4
var_cd_c0495_1
var_ch_c0495_d1h3
var_cd_c0495_3
var_ch_c0495_d3h2
var_cd_c0495_4
var_ch_c0495_d4h3
var_cd_c0513_0
var_ch_c0513_d0h4
var_cd_c0513_1
var_ch_c0513_d1h2
var_cd_c0513_2
var_ch_c0513_d2h1
var_cd_c0516_0
var_ch_c0516_d0h2
var_ch_c0516_d2h0
var_cd_c0516_2
var_cd_c0516_3
var_ch_c0516_d3h3
var_cd_c0519_1
var_ch_c0519_d1h1
var_cd_c0519_3
var_ch_c0519_d3h3
var_ch_c0521_d1h0
var_cd_c0521_1
var_cd_c0521_2
var_ch_c0521_d2h2
var_cd_c0521_3
var_ch_c0521_d3h2
var_cd_c0524_2
var_ch_c0524_d2h1
var_ch_c0524_d2h3
var_cd_c0524_3
var_ch_c0524_d3h4
var_cd_c0533_0
var_ch_c0533_d0h3
var_cd_c0533_2
var_ch_c0533_d2h3
var_cd_c0533_4
var_ch_c0533_d4h1
var_cd_c0536_1
var_ch_c0536_d1h2
var_cd_c0536_2
var_ch_c0536_d2h3
var_cd_c0536_3
var_ch_c0536_d3h4
var_cd_c0830_2
var_ch_c0830_d2h2
var_cd_c0830_3
var_ch_c0830_d3h3
var_cd_c0830_4
var_ch_c0830_d4h2
var_cd_c0836_0
var_ch_c0836_d0h3
var_ch_c0836_d2h0
var_cd_c0836_2
var_cd_c0836_4
var_ch_c0836_d4h1
var_ch_c0840_d0h0
var_cd_c0840_0
var_ch_c0840_d2h0
var_cd_c0840_2
var_ch_c0840_d4h0
var_cd_c0840_4
var_cd_c0846_0
var_ch_c0846_d0h3
var_cd_c0846_1
var_ch_c0846_d1h4
var_cd_c0846_2
var_ch_c0846_d2h3
var_cd_c0852_1
var_ch_c0852_d1h3
var_ch_c0852_d3h0
var_cd_c0852_3
var_ch_c0852_d3h1
var_cd_c0855_0
var_ch_c0855_d0h1
var_ch_c0855_d0h2
var_cd_c0855_2
var_ch_c0855_d2h1
var_ch_c0855_d2h4
var_cd_c0855_4
var_ch_c0855_d4h1
var_ch_c0855_d4h3
var_ch_c0855_d4h4
var_cd_c0881_1
var_ch_c0881_d1h1
var_cd_c0881_3
var_ch_c0881_d3h4
var_cd_c0881_4
var_ch_c0881_d4h4
var_cd_c0896_0
var_ch_c0896_d0h1
var_ch_c0896_d0h4
var_cd_c0896_3
var_ch_c0896_d3h3
var_cd_c0898_1
var_ch_c0898_d1h4
var_cd_c0898_2
var_ch_c0898_d2h4
var_cd_c0898_4
var_ch_c0898_d4h1
var_cd_c0935_0
var_ch_c0935_d0h1
var_ch_c0935_d0h2
var_cd_c0935_1
var_ch_c0935_d1h1
var_ch_c0935_d2h0
var_cd_c0935_2
var_cd_c0935_3
var_ch_c0935_d3h3
var_ch_c0949_d0h0
var_cd_c0949_0
var_ch_c0949_d0h1
var_ch_c0949_d0h3
var_ch_c0949_d0h4
var_ch_c0949_d1h0
var_cd_c0949_1
var_ch_c0949_d1h4
var_cd_c0949_2
var_ch_c0949_d2h4
var_cd_c0951_0
var_ch_c0951_d0h3
var_ch_c0951_d0h4
var_ch_c0951_d1h0
var_cd_c0951_1
var_ch_c0951_d1h4
var_cd_c0951_2
var_ch_c0951_d2h2
var_ch_c0951_d3h0
var_cd_c0951_3
var_ch_c0951_d3h1
var_cd_c0957_0
var_ch_c0957_d0h3
var_cd_c0957_1
var_ch_c0957_d1h1
var_ch_c0957_d1h2
var_ch_c0957_d1h3
var_cd_c0957_3
var_ch_c0957_d3h2
var_cd_c0957_4
var_ch_c0957_d4h1
var_ch_c0957_d4h2
var_cd_c0959_0
var_ch_c0959_d0h3
var_cd_c0959_1
var_ch_c0959_d1h1
var_cd_c0959_3
var_ch_c0959_d3h2
var_cd_c0959_4
var_ch_c0959_d4h1
var_ch_c0959_d4h2
var_ch_c0959_d4h3
var_ch_c0959_d4h4
var_cd_c0961_0
var_ch_c0961_d0h3
var_cd_c0961_1
var_ch_c0961_d1h1
var_cd_c0961_3
var_ch_c0961_d3h4
var_cd_c0961_4
var_ch_c0961_d4h1
var_ch_c0961_d4h2
var_ch_c0961_d4h3
var_ch_c0961_d4h4
var_cd_c0965_0
var_ch_c0965_d0h1
var_ch_c0965_d0h2
var_ch_c0965_d1h0
var_cd_c0965_1
var_ch_c0965_d1h4
var_cd_c0965_2
var_ch_c0965_d2h4
var_ch_c0965_d3h0
var_cd_c0965_3
var_ch_c0965_d3h1
var_cd_c1057_0
var_ch_c1057_d0h2
var_cd_c1057_2
var_ch_c1057_d2h4
var_ch_c1057_d4h0
var_cd_c1057_4
var_cd_c1058_1
var_ch_c1058_d1h1
var_cd_c1058_2
var_ch_c1058_d2h3
var_cd_c1058_3
var_ch_c1058_d3h3
var_cd_c1067_2
var_ch_c1067_d2h1
var_cd_c1067_3
var_ch_c1067_d3h4
var_cd_c1067_4
var_ch_c1067_d4h1
var_cd_c1068_1
var_ch_c1068_d1h2
var_cd_c1068_2
var_ch_c1068_d2h2
var_cd_c1068_3
var_ch_c1068_d3h3
var_cd_c1089_0
var_ch_c1089_d0h4
var_cd_c1089_1
var_ch_c1089_d1h2
var_cd_c1089_2
var_ch_c1089_d2h3
var_ch_c1089_d2h4
var_cd_c1089_4
var_ch_c1089_d4h4
var_kh_q000_d0h0
var_kh_q000_d2h0
var_kh_q000_d2h3
var_kh_q000_d3h0
var_kh_q000_d3h3
var_kh_q000_d4h0
var_kh_q000_d4h1
var_kh_q000_d4h3
var_kh_q001_d0h0
var_kh_q001_d0h1
var_kh_q001_d1h1
var_kh_q001_d1h2
var_kh_q001_d1h3
var_kh_q001_d1h4
var_kh_q001_d2h0
var_kh_q001_d2h1
var_kh_q001_d3h1
var_kh_q001_d3h2
var_kh_q001_d3h3
var_kh_q001_d3h4
var_kh_q002_d0h1
var_kh_q002_d0h2
var_kh_q002_d1h1
var_kh_q002_d1h2
var_kh_q002_d2h0
var_kh_q002_d2h1
var_kh_q002_d2h3
var_kh_q002_d2h4
var_kh_q002_d3h2
var_kh_q002_d3h3
var_kh_q002_d4h3
var_kh_q003_d0h3
var_kh_q003_d0h4
var_kh_q003_d1h2
var_kh_q003_d1h3
var_kh_q003_d2h3
var_kh_q003_d2h4
var_kh_q003_d4h3
var_kh_q003_d4h4
var_kh_q004_d0h3
var_kh_q004_d1h3
var_kh_q004_d1h4
var_kh_q004_d2h1
var_kh_q004_d2h2
var_kh_q004_d3h0
var_kh_q004_d3h1
var_kh_q004_d4h0
var_kh_q004_d4h1
var_kh_q005_d0h3
var_kh_q005_d0h4
var_kh_q005_d1h3
var_kh_q005_d1h4
var_kh_q005_d2h0
var_kh_q005_d2h1
var_kh_q005_d2h2
var_kh_q005_d3h0
var_kh_q005_d3h1
var_kh_q005_d4h0
var_kh_q005_d4h1
var_kh_q005_d4h2
var_kh_q006_d0h2
var_kh_q006_d0h3
var_kh_q006_d1h2
var_kh_q006_d1h3
var_kh_q006_d1h4
var_kh_q006_d2h1
var_kh_q006_d2h2
var_kh_q006_d3h0
var_kh_q006_d3h1
var_kh_q006_d3h2
var_kh_q006_d4h0
var_kh_q006_d4h1
var_kh_q007_d0h2
var_kh_q007_d0h3
var_kh_q007_d1h0
var_kh_q007_d1h1
var_kh_q007_d1h3
var_kh_q007_d1h4
var_kh_q007_d2h0
var_kh_q007_d2h1
var_kh_q007_d2h2
var_kh_q007_d3h1
var_kh_q007_d3h2
var_kh_q007_d3h3
var_kh_q007_d3h4
var_kh_q007_d4h0
var_kh_q007_d4h1
var_kh_q008_d0h0
var_kh_q008_d0h1
var_kh_q008_d0h2
var_kh_q008_d1h0
var_kh_q008_d1h1
var_kh_q008_d1h2
var_kh_q008_d1h3
var_kh_q008_d2h3
var_kh_q008_d2h4
var_kh_q008_d3h0
var_kh_q008_d3h1
var_kh_q008_d3h2
var_kh_q008_d4h1
var_kh_q008_d4h2
var_kh_q008_d4h3
var_kh_q009_d0h0
var_kh_q009_d0h1
var_kh_q009_d0h2
var_kh_q009_d1h2
var_kh_q009_d1h3
var_kh_q009_d1h4
var_kh_q009_d2h1
var_kh_q009_d2h2
var_kh_q009_d2h3
var_kh_q009_d2h4
var_kh_q009_d3h1
var_kh_q009_d3h2
var_kh_q009_d3h3
var_kh_q009_d4h1
var_kh_q009_d4h2
var_kh_q010_d1h2
var_kh_q010_d1h3
var_kh_q010_d2h2
var_kh_q010_d2h3
var_kh_q010_d3h2
var_kh_q010_d3h3
var_kh_q010_d4h3
var_kh_q010_d4h4
var_kh_q011_d0h0
var_kh_q011_d0h1
var_kh_q011_d0h2
var_kh_q011_d2h2
var_kh_q011_d2h3
var_kh_q011_d3h0
var_kh_q011_d3h1
var_kh_q011_d3h2
var_kh_q011_d4h0
var_kh_q011_d4h1
var_kh_q011_d4h2
var_kh_q011_d4h3
var_kh_q012_d0h1
var_kh_q012_d0h2
var_kh_q012_d0h3
var_kh_q012_d1h1
var_kh_q012_d1h3
var_kh_q012_d1h4
var_kh_q012_d2h1
var_kh_q012_d2h2
var_kh_q012_d2h3
var_kh_q012_d3h1
var_kh_q012_d3h2
var_kh_q012_d3h3
var_kh_q013_d0h2
var_kh_q013_d0h3
var_kh_q013_d1h0
var_kh_q013_d1h1
var_kh_q013_d1h3
var_kh_q013_d1h4
var_kh_q013_d2h2
var_kh_q013_d2h3
var_kh_q013_d2h4
var_kh_q013_d3h2
var_kh_q013_d3h3
var_kh_q013_d3h4
var_kh_q014_d0h1
var_kh_q014_d0h2
var_kh_q014_d0h3
var_kh_q014_d1h1
var_kh_q014_d1h2
var_kh_q014_d1h3
var_kh_q014_d1h4
var_kh_q014_d2h1
var_kh_q014_d2h2
var_kh_q014_d2h3
var_kh_q014_d3h2
var_kh_q014_d3h3
var_kh_q017_d0h2
var_kh_q017_d0h3
var_kh_q017_d1h2
var_kh_q017_d1h3
var_kh_q017_d1h4
var_kh_q017_d2h1
var_kh_q017_d2h2
var_kh_q017_d3h0
var_kh_q017_d3h1
var_kh_q017_d4h0
var_kh_q017_d4h1
var_kh_q017_d4h2
var_kh_q019_d0h0
var_kh_q019_d0h1
var_kh_q019_d0h3
var_kh_q019_d0h4
var_kh_q019_d1h0
var_kh_q019_d1h1
var_kh_q019_d2h0
var_kh_q019_d2h1
var_kh_q019_d3h0
var_kh_q019_d3h1
var_kh_q019_d4h2
var_kh_q019_d4h3
var_kh_q020_d0h0
var_kh_q020_d0h1
var_kh_q020_d0h3
var_kh_q020_d0h4
var_kh_q020_d1h0
var_kh_q020_d1h1
var_kh_q020_d1h2
var_kh_q020_d2h0
var_kh_q020_d2h1
var_kh_q020_d3h0
var_kh_q020_d3h1
var_kh_q020_d3h2
var_kh_q021_d0h0
var_kh_q021_d0h1
var_kh_q021_d0h2
var_kh_q021_d0h3
var_kh_q021_d1h0
var_kh_q021_d1h1
var_kh_q021_d1h2
var_kh_q021_d2h0
var_kh_q021_d2h1
var_kh_q021_d3h0
var_kh_q021_d3h1
var_kh_q021_d3h2
var_kh_q022_d0h3
var_kh_q022_d0h4
var_kh_q022_d2h1
var_kh_q022_d2h2
var_kh_q022_d3h3
var_kh_q022_d3h4
var_kh_q022_d4h3
var_kh_q022_d4h4
var_kh_q023_d0h0
var_kh_q023_d0h1
var_kh_q023_d1h2
var_kh_q023_d1h3
var_kh_q023_d2h1
var_kh_q023_d2h2
var_kh_q023_d2h3
var_kh_q023_d2h4
var_kh_q023_d3h0
var_kh_q023_d3h1
var_kh_q023_d3h3
var_kh_q023_d3h4
var_kh_q024_d0h2
var_kh_q024_d0h3
var_kh_q024_d0h4
var_kh_q024_d1h2
var_kh_q024_d1h3
var_kh_q024_d1h4
var_kh_q024_d2h0
var_kh_q024_d2h1
var_kh_q024_d2h3
var_kh_q024_d2h4
var_kh_q024_d3h1
var_kh_q024_d3h2
var_kh_q025_d0h3
var_kh_q025_d0h4
var_kh_q025_d1h1
var_kh_q025_d1h2
var_kh_q025_d1h3
var_kh_q025_d2h0
var_kh_q025_d2h1
var_kh_q025_d2h2
var_kh_q025_d2h3
var_kh_q025_d3h1
var_kh_q025_d3h2
var_kh_q025_d3h3
var_kh_q026_d0h3
var_kh_q026_d0h4
var_kh_q026_d1h1
var_kh_q026_d1h2
var_kh_q026_d1h3
var_kh_q026_d2h0
var_kh_q026_d2h1
var_kh_q026_d2h2
var_kh_q026_d2h3
var_kh_q026_d3h1
var_kh_q026_d3h2
var_kh_q026_d3h3
var_kh_q027_d0h0
var_kh_q027_d0h1
var_kh_q027_d0h3
var_kh_q027_d0h4
var_kh_q027_d1h0
var_kh_q027_d1h1
var_kh_q027_d3h3
var_kh_q027_d3h4
var_kh_q027_d4h0
var_kh_q027_d4h1
var_kh_q027_d4h2
var_kh_q027_d4h3
var_kh_q027_d4h4
var_kh_q028_d0h0
var_kh_q028_d0h1
var_kh_q028_d0h3
var_kh_q028_d0h4
var_kh_q028_d1h0
var_kh_q028_d1h1
var_kh_q028_d1h2
var_kh_q028_d1h3
var_kh_q028_d3h2
var_kh_q028_d3h3
var_kh_q028_d4h0
var_kh_q028_d4h1
var_kh_q028_d4h2
var_kh_q029_d0h0
var_kh_q029_d0h1
var_kh_q029_d0h3
var_kh_q029_d0h4
var_kh_q029_d1h0
var_kh_q029_d1h1
var_kh_q029_d3h2
var_kh_q029_d3h3
var_kh_q029_d4h0
var_kh_q029_d4h1
var_kh_q029_d4h2
var_kh_q029_d4h3
var_kh_q029_d4h4
var_kh_q030_d0h3
var_kh_q030_d0h4
var_kh_q030_d1h0
var_kh_q030_d1h1
var_kh_q030_d1h3
var_kh_q030_d1h4
var_kh_q030_d2h2
var_kh_q030_d2h3
var_kh_q030_d3h0
var_kh_q030_d3h1
var_kh_q030_d3h2
var_kh_q030_d3h3
var_kh_q030_d3h4
var_kh_q030_d4h2
var_kh_q030_d4h3
var_kh_q030_d4h4
var_kh_q031_d0h1
var_kh_q031_d0h2
var_kh_q031_d1h0
var_kh_q031_d1h1
var_kh_q031_d1h3
var_kh_q031_d1h4
var_kh_q031_d2h3
var_kh_q031_d2h4
var_kh_q031_d3h0
var_kh_q031_d3h1
var_kh_q031_d3h2
var_kh_q031_d3h3
var_kh_q031_d3h4
var_kh_q031_d4h2
var_kh_q031_d4h3
var_kh_q031_d4h4
var_kh_q032_d1h3
var_kh_q032_d1h4
var_kh_q032_d2h3
var_kh_q032_d2h4
var_kh_q032_d3h2
var_kh_q032_d3h3
var_kh_q032_d4h1
var_kh_q032_d4h2
var_kh_q032_d4h3
var_kh_q033_d0h0
var_kh_q033_d0h1
var_kh_q033_d0h3
var_kh_q033_d0h4
var_kh_q033_d1h0
var_kh_q033_d1h1
var_kh_q033_d1h3
var_kh_q033_d1h4
var_kh_q033_d2h3
var_kh_q033_d2h4
var_kh_q033_d3h2
var_kh_q033_d3h3
var_kh_q033_d3h4
var_kh_q033_d4h2
var_kh_q033_d4h3
var_kh_q033_d4h4
var_kh_q034_d0h2
var_kh_q034_d0h3
var_kh_q034_d0h4
var_kh_q034_d1h0
var_kh_q034_d1h1
var_kh_q034_d1h2
var_kh_q034_d2h0
var_kh_q034_d2h1
var_kh_q034_d2h2
var_kh_q035_d0h2
var_kh_q035_d0h3
var_kh_q035_d1h0
var_kh_q035_d1h1
var_kh_q035_d2h0
var_kh_q035_d2h1
var_kh_q038_d0h0
var_kh_q038_d0h1
var_kh_q038_d0h2
var_kh_q038_d2h1
var_kh_q038_d2h2
var_kh_q038_d3h0
var_kh_q038_d3h1
var_kh_q038_d4h0
var_kh_q038_d4h1
var_kh_q039_d0h1
var_kh_q039_d0h2
var_kh_q039_d0h3
var_kh_q039_d0h4
var_kh_q039_d1h2
var_kh_q039_d1h3
var_kh_q039_d1h4
var_kh_q039_d2h0
var_kh_q039_d2h1
var_kh_q039_d2h4
var_kh_q039_d3h1
var_kh_q039_d3h2
var_kh_q040_d0h1
var_kh_q040_d0h3
var_kh_q040_d0h4
var_kh_q040_d1h2
var_kh_q040_d1h3
var_kh_q040_d2h0
var_kh_q040_d2h1
var_kh_q040_d2h2
var_kh_q040_d3h0
var_kh_q040_d3h1
var_kh_q040_d3h2
var_kh_q040_d4h1
var_kh_q041_d0h0
var_kh_q041_d0h1
var_kh_q041_d0h3
var_kh_q041_d0h4
var_kh_q041_d1h1
var_kh_q041_d1h2
var_kh_q041_d1h3
var_kh_q041_d2h0
var_kh_q041_d2h1
var_kh_q041_d3h1
var_kh_q041_d3h2
var_kh_q041_d3h3
var_kh_q042_d0h1
var_kh_q042_d0h2
var_kh_q042_d0h3
var_kh_q042_d1h0
var_kh_q042_d1h3
var_kh_q042_d1h4
var_kh_q042_d2h2
var_kh_q042_d2h3
var_kh_q042_d2h4
var_kh_q042_d3h0
var_kh_q042_d3h1
var_kh_q042_d3h2
var_kh_q042_d4h1
var_kh_q042_d4h2
var_kh_q042_d4h3
var_kh_q043_d0h0
var_kh_q043_d0h1
var_kh_q043_d0h2
var_kh_q043_d0h3
var_kh_q043_d1h0
var_kh_q043_d1h1
var_kh_q043_d1h3
var_kh_q043_d1h4
var_kh_q043_d2h3
var_kh_q043_d2h4
var_kh_q043_d3h1
var_kh_q043_d3h2
var_kh_q043_d3h3
var_kh_q043_d4h2
var_kh_q043_d4h3
var_kh_q044_d0h1
var_kh_q044_d0h2
var_kh_q044_d0h3
var_kh_q044_d1h0
var_kh_q044_d1h1
var_kh_q044_d1h2
var_kh_q044_d1h3
var_kh_q044_d1h4
var_kh_q044_d2h0
var_kh_q044_d2h1
var_kh_q044_d2h2
var_kh_q044_d2h3
var_kh_q044_d2h4
var_kh_q044_d3h3
var_kh_q044_d3h4
var_kh_q045_d0h1
var_kh_q045_d0h2
var_kh_q045_d0h3
var_kh_q045_d1h0
var_kh_q045_d1h1
var_kh_q045_d1h2
var_kh_q045_d1h3
var_kh_q045_d1h4
var_kh_q045_d2h0
var_kh_q045_d2h1
var_kh_q045_d2h2
var_kh_q045_d2h3
var_kh_q045_d2h4
var_kh_q045_d3h3
var_kh_q045_d3h4
var_kh_q046_d1h0
var_kh_q046_d1h1
var_kh_q046_d1h2
var_kh_q046_d1h3
var_kh_q046_d2h3
var_kh_q046_d2h4
var_kh_q046_d3h1
var_kh_q046_d3h2
var_kh_q046_d3h3
var_kh_q046_d3h4
var_kh_q046_d4h2
var_kh_q046_d4h3
var_kh_q047_d1h0
var_kh_q047_d1h1
var_kh_q047_d1h2
var_kh_q047_d2h1
var_kh_q047_d2h2
var_kh_q047_d2h3
var_kh_q047_d3h0
var_kh_q047_d3h1
var_kh_q047_d3h3
var_kh_q047_d3h4
var_kh_q047_d4h1
var_kh_q047_d4h2
var_kh_q048_d1h1
var_kh_q048_d1h2
var_kh_q048_d2h3
var_kh_q048_d2h4
var_kh_q048_d3h1
var_kh_q048_d3h2
var_kh_q048_d3h3
var_kh_q048_d4h2
var_kh_q048_d4h3
var_kh_q049_d0h3
var_kh_q049_d0h4
var_kh_q049_d1h1
var_kh_q049_d1h2
var_kh_q049_d1h3
var_kh_q049_d1h4
var_kh_q049_d2h2
var_kh_q049_d2h3
var_kh_q049_d3h1
var_kh_q049_d3h2
var_kh_q049_d3h3
var_kh_q049_d4h0
var_kh_q049_d4h1
var_kh_q049_d4h2
var_kh_q049_d4h3
var_kh_q050_d0h0
var_kh_q050_d0h1
var_kh_q050_d0h3
var_kh_q050_d0h4
var_kh_q050_d1h1
var_kh_q050_d1h2
var_kh_q050_d2h0
var_kh_q050_d2h1
var_kh_q050_d3h2
var_kh_q050_d3h3
var_kh_q050_d4h0
var_kh_q050_d4h1
var_kh_q051_d0h0
var_kh_q051_d0h1
var_kh_q051_d0h3
var_kh_q051_d0h4
var_kh_q051_d1h2
var_kh_q051_d1h3
var_kh_q051_d1h4
var_kh_q051_d2h0
var_kh_q051_d2h1
var_kh_q051_d2h2
var_kh_q051_d2h3
var_kh_q051_d2h4
var_kh_q051_d3h0
var_kh_q051_d3h1
var_kh_q051_d4h0
var_kh_q051_d4h1
var_kh_q051_d4h2
var_kh_q051_d4h3
var_kh_q052_d0h1
var_kh_q052_d0h2
var_kh_q052_d0h3
var_kh_q052_d1h0
var_kh_q052_d1h1
var_kh_q052_d1h2
var_kh_q052_d2h0
var_kh_q052_d2h1
var_kh_q052_d2h2
var_kh_q052_d3h1
var_kh_q052_d3h2
var_kh_q052_d3h3
var_kh_q052_d3h4
var_kh_q052_d4h3
var_kh_q052_d4h4
var_kh_q053_d0h3
var_kh_q053_d0h4
var_kh_q053_d1h0
var_kh_q053_d1h1
var_kh_q053_d2h0
var_kh_q053_d2h1
var_kh_q053_d2h2
var_kh_q053_d3h2
var_kh_q053_d3h3
var_kh_q053_d4h2
var_kh_q053_d4h3
var_kh_q053_d4h4
var_kh_q054_d0h3
var_kh_q054_d0h4
var_kh_q054_d1h0
var_kh_q054_d1h1
var_kh_q054_d2h0
var_kh_q054_d2h1
var_kh_q054_d2h2
var_kh_q054_d3h3
var_kh_q054_d3h4
var_kh_q054_d4h2
var_kh_q054_d4h3
var_kh_q054_d4h4
var_kh_q055_d0h3
var_kh_q055_d0h4
var_kh_q055_d1h1
var_kh_q055_d1h2
var_kh_q055_d2h0
var_kh_q055_d2h1
var_kh_q055_d2h2
var_kh_q055_d3h3
var_kh_q055_d3h4
var_kh_q055_d4h2
var_kh_q055_d4h3
var_kh_q055_d4h4
var_kh_q056_d0h2
var_kh_q056_d0h3
var_kh_q056_d0h4
var_kh_q056_d1h1
var_kh_q056_d1h2
var_kh_q056_d2h0
var_kh_q056_d2h1
var_kh_q056_d2h2
var_kh_q056_d3h2
var_kh_q056_d3h3
var_kh_q056_d4h2
var_kh_q056_d4h3
var_kh_q057_d0h0
var_kh_q057_d0h1
var_kh_q057_d1h0
var_kh_q057_d1h1
var_kh_q057_d1h2
var_kh_q057_d2h1
var_kh_q057_d2h2
var_kh_q057_d2h3
var_kh_q057_d2h4
var_kh_q057_d3h0
var_kh_q057_d3h1
var_kh_q057_d3h3
var_kh_q057_d3h4
var_kh_q057_d4h1
var_kh_q057_d4h2
var_kh_q058_d0h0
var_kh_q058_d0h1
var_kh_q058_d1h1
var_kh_q058_d1h2
var_kh_q058_d1h3
var_kh_q058_d2h1
var_kh_q058_d2h2
var_kh_q058_d2h3
var_kh_q058_d3h0
var_kh_q058_d3h1
var_kh_q058_d3h2
var_kh_q058_d3h3
var_kh_q058_d4h1
var_kh_q058_d4h2
var_kh_q058_d4h3
var_kh_q059_d0h0
var_kh_q059_d1h0
var_kh_q059_d1h1
var_kh_q059_d2h2
var_kh_q059_d2h3
var_kh_q059_d2h4
var_kh_q059_d3h0
var_kh_q059_d3h1
var_kh_q059_d3h3
var_kh_q059_d3h4
var_kh_q059_d4h1
var_kh_q059_d4h2
var_kh_q060_d1h0
var_kh_q060_d1h1
var_kh_q060_d1h2
var_kh_q060_d2h0
var_kh_q060_d2h1
var_kh_q060_d2h2
var_kh_q060_d3h2
var_kh_q060_d3h3
var_kh_q060_d3h4
var_kh_q061_d1h1
var_kh_q061_d1h2
var_kh_q061_d1h3
var_kh_q061_d2h0
var_kh_q061_d2h1
var_kh_q061_d2h2
var_kh_q061_d3h1
var_kh_q061_d3h2
var_kh_q061_d3h3
var_kh_q061_d3h4
var_kh_q061_d4h1
var_kh_q061_d4h2
var_kh_q062_d1h1
var_kh_q062_d1h2
var_kh_q062_d2h0
var_kh_q062_d2h1
var_kh_q062_d2h2
var_kh_q062_d2h3
var_kh_q062_d3h2
var_kh_q062_d3h3
var_kh_q062_d3h4
var_kh_q063_d0h2
var_kh_q063_d0h3
var_kh_q063_d0h4
var_kh_q063_d1h2
var_kh_q063_d1h3
var_kh_q063_d2h0
var_kh_q063_d2h1
var_kh_q063_d3h3
var_kh_q063_d3h4
var_kh_q064_d0h3
var_kh_q064_d0h4
var_kh_q064_d1h1
var_kh_q064_d1h2
var_kh_q064_d1h3
var_kh_q064_d2h1
var_kh_q064_d2h2
var_kh_q064_d3h3
var_kh_q064_d3h4
var_kh_q065_d1h0
var_kh_q065_d1h1
var_kh_q065_d2h1
var_kh_q065_d2h2
var_kh_q065_d2h3
var_kh_q065_d3h2
var_kh_q065_d3h3
var_kh_q065_d3h4
var_kh_q066_d0h2
var_kh_q066_d0h3
var_kh_q066_d1h0
var_kh_q066_d1h1
var_kh_q066_d2h2
var_kh_q066_d2h3
var_kh_q066_d2h4
var_kh_q066_d3h2
var_kh_q066_d3h3
var_kh_q066_d4h0
var_kh_q066_d4h1
var_kh_q067_d1h0
var_kh_q067_d1h1
var_kh_q067_d1h2
var_kh_q067_d2h2
var_kh_q067_d2h3
var_kh_q067_d3h2
var_kh_q067_d3h3
var_kh_q067_d3h4
var_kh_q068_d0h2
var_kh_q068_d0h3
var_kh_q068_d1h0
var_kh_q068_d1h1
var_kh_q068_d1h3
var_kh_q068_d1h4
var_kh_q068_d2h0
var_kh_q068_d2h1
var_kh_q068_d2h2
var_kh_q068_d3h2
var_kh_q068_d3h3
var_kh_q068_d3h4
var_kh_q068_d4h0
var_kh_q068_d4h1
var_kh_q068_d4h2
var_kh_q069_d0h2
var_kh_q069_d0h3
var_kh_q069_d1h0
var_kh_q069_d1h1
var_kh_q069_d1h2
var_kh_q069_d2h0
var_kh_q069_d2h1
var_kh_q069_d2h2
var_kh_q069_d3h2
var_kh_q069_d3h3
var_kh_q069_d3h4
var_kh_q069_d4h1
var_kh_q069_d4h2
var_kh_q069_d4h3
var_kh_q069_d4h4
var_kh_q070_d0h2
var_kh_q070_d0h3
var_kh_q070_d1h1
var_kh_q070_d1h2
var_kh_q070_d2h0
var_kh_q070_d2h1
var_kh_q070_d2h2
var_kh_q070_d3h2
var_kh_q070_d3h3
var_kh_q070_d4h1
var_kh_q070_d4h2
var_kh_q070_d4h3
var_kh_q071_d0h2
var_kh_q071_d0h3
var_kh_q071_d0h4
var_kh_q071_d1h0
var_kh_q071_d1h1
var_kh_q071_d2h2
var_kh_q071_d2h3
var_kh_q071_d2h4
var_kh_q071_d4h0
var_kh_q071_d4h1
var_kh_q071_d4h2
var_kh_q071_d4h3
var_kh_q072_d0h0
var_kh_q072_d0h1
var_kh_q072_d0h2
var_kh_q072_d1h1
var_kh_q072_d1h2
var_kh_q072_d1h3
var_kh_q072_d1h4
var_kh_q072_d2h2
var_kh_q072_d2h3
var_kh_q072_d2h4
var_kh_q072_d3h1
var_kh_q072_d3h2
var_kh_q072_d4h0
var_kh_q072_d4h1
var_kh_q072_d4h2
var_kh_q073_d0h0
var_kh_q073_d0h1
var_kh_q073_d0h2
var_kh_q073_d1h2
var_kh_q073_d1h3
var_kh_q073_d1h4
var_kh_q073_d2h2
var_kh_q073_d2h3
var_kh_q073_d3h1
var_kh_q073_d3h2
var_kh_q073_d4h0
var_kh_q073_d4h1
var_kh_q074_d0h0
var_kh_q074_d0h1
var_kh_q074_d0h2
var_kh_q074_d0h3
var_kh_q074_d1h3
var_kh_q074_d1h4
var_kh_q074_d2h0
var_kh_q074_d2h1
var_kh_q074_d2h3
var_kh_q074_d2h4
var_kh_q074_d3h0
var_kh_q074_d3h1
var_kh_q074_d4h0
var_kh_q074_d4h1
var_kh_q074_d4h3
var_kh_q074_d4h4
var_cr_c0080_25
var_cr_c0826_25
var_cr_c0495_25
var_cr_c0516_25
var_cr_c0951_25
var_cr_c1067_25
var_cr_c0091_36
var_cr_c0820_36
var_cr_c0830_36
var_cr_c0949_36
var_cr_c0018_37
var_cr_c0600_37
var_cr_c0422_37
var_cr_c0446_37
var_cr_c0536_37
var_cr_c0898_37
var_cr_c0026_38
var_cr_c0824_38
var_cr_c0433_38
var_cr_c0484_38
var_cr_c0524_38
var_cr_c1068_38
var_cr_c0442_31
var_cr_c1028_31
var_cr_c0489_31
var_cr_c0959_31
var_cr_c1057_31
var_cr_c0793_27
var_cr_c0816_27
var_cr_c0821_27
var_cr_c0243_27
var_cr_c0247_27
var_cr_c0440_27
var_cr_c1032_27
var_cr_c0199_51
var_cr_c0200_51
var_cr_c0281_51
var_cr_c0513_51
var_cr_c0521_51
var_cr_c0836_51
var_cr_c0142_B
var_cr_c0212_B
var_cr_c0220_B
var_cr_c1042_B
var_cr_c0846_B
var_cr_c0935_B
var_cr_c0006_D
var_cr_c0180_D
var_cr_c0202_D
var_cr_c0429_D
var_cr_c1009_D
var_cr_c1013_D
var_cr_c0840_D
var_cr_c0051_F
var_cr_c0059_F
var_cr_c0128_F
var_cr_c0184_F
var_cr_c0185_F
var_cr_c0261_F
var_cr_c0881_F
var_cr_c0105_G
var_cr_c0109_G
var_cr_c0143_G
var_cr_c0189_G
var_cr_c0852_G
var_cr_c0961_G
var_cr_c0064_A
var_cr_c0085_A
var_cr_c0101_A
var_cr_c0724_A
var_cr_c0462_A
var_cr_c0855_A
var_cr_c0097_L
var_cr_c0099_L
var_cr_c0137_L
var_cr_c0154_L
var_cr_c0216_L
var_cr_c0228_L
var_cr_c0896_L
var_cr_c0231_50
var_cr_c0427_50
var_cr_c0439_50
var_cr_c0450_50
var_cr_c0452_50
var_cr_c0463_50
var_cr_c0474_50
var_cr_c0011_52
var_cr_c0027_52
var_cr_c1020_52
var_cr_c1023_52
var_cr_c0519_52
var_cr_c1089_52
var_cr_c0046_DS1
var_cr_c0050_DS1
var_cr_c0073_DS1
var_cr_c1027_DS1
var_cr_c1033_DS1
var_cr_c1058_DS1
var_cr_c1031_DS2
var_cr_c1034_DS2
var_cr_c0957_DS2
var_cr_c0965_DS2
var_cr_c0718_N
var_cr_c0803_N
var_cr_c0806_N
var_cr_c0823_N
var_cr_c0417_N
var_cr_c0533_N
