itc2007/comp19.ctt SAT 26.942129646 58
var_cd_c0012_0
var_ch_c0012_d0h1
var_cd_c0012_1
var_ch_c0012_d1h3
var_cd_c0012_3
var_ch_c0012_d3h4
var_cd_c0013_1
var_ch_c0013_d1h4
var_cd_c0013_2
var_ch_c0013_d2h3
var_cd_c0013_3
var_ch_c0013_d3h3
var_cd_c0035_0
var_ch_c0035_d0h3
var_cd_c0035_1
var_ch_c0035_d1h1
var_cd_c0035_2
var_ch_c0035_d2h2
var_cd_c0036_0
var_ch_c0036_d0h2
var_cd_c0036_1
var_ch_c0036_d1h2
var_ch_c0036_d4h0
var_cd_c0036_4
var_cd_c0042_0
var_ch_c0042_d0h1
var_cd_c0042_1
var_ch_c0042_d1h1
var_cd_c0042_4
var_ch_c0042_d4h1
var_cd_c0045_0
var_ch_c0045_d0h2
var_cd_c0045_3
var_ch_c0045_d3h1
var_cd_c0045_4
var_ch_c0045_d4h2
var_cd_c0052_1
var_ch_c0052_d1h4
var_cd_c0052_3
var_ch_c0052_d3h4
var_ch_c0052_d4h0
var_cd_c0052_4
var_cd_c0053_0
var_ch_c0053_d0h3
var_ch_c0053_d0h4
var_cd_c0053_4
var_ch_c0053_d4h1
var_cd_c0055_0
var_ch_c0055_d0h2
var_cd_c0055_1
var_ch_c0055_d1h1
var_ch_c0055_d1h2
var_cd_c0055_3
var_ch_c0055_d3h2
var_ch_c0055_d3h3
var_cd_c0055_4
var_ch_c0055_d4h2
var_ch_c0057_d1h0
var_cd_c0057_1
var_ch_c0057_d3h0
var_cd_c0057_3
var_ch_c0057_d4h0
var_cd_c0057_4
var_cd_c0094_0
var_ch_c0094_d0h1
var_ch_c0094_d1h0
var_cd_c0094_1
var_ch_c0094_d2h0
var_cd_c0094_2
var_cd_c0098_1
var_ch_c0098_d1h2
var_cd_c0098_2
var_ch_c0098_d2h2
var_cd_c0098_3
var_ch_c0098_d3h2
var_cd_c0104_0
var_ch_c0104_d0h3
var_cd_c0104_1
var_ch_c0104_d1h4
var_cd_c0104_3
var_ch_c0104_d3h1
var_ch_c0107_d0h0
var_cd_c0107_0
var_ch_c0107_d3h0
var_cd_c0107_3
var_ch_c0107_d4h0
var_cd_c0107_4
var_cd_c0112_1
var_ch_c0112_d1h1
var_cd_c0112_2
var_ch_c0112_d2h1
var_cd_c0112_4
var_ch_c0112_d4h1
var_cd_c0114_0
var_ch_c0114_d0h4
var_cd_c0114_1
var_ch_c0114_d1h3
var_cd_c0114_2
var_ch_c0114_d2h1
var_cd_c0116_0
var_ch_c0116_d0h1
var_cd_c0116_2
var_ch_c0116_d2h4
var_cd_c0116_3
var_ch_c0116_d3h2
var_cd_c0117_0
var_ch_c0117_d0h2
var_cd_c0117_2
var_ch_c0117_d2h3
var_cd_c0117_3
var_ch_c0117_d3h1
var_cd_c0130_1
var_ch_c0130_d1h1
var_ch_c0130_d1h3
var_cd_c0130_2
var_ch_c0130_d2h3
var_cd_c0151_1
var_ch_c0151_d1h4
var_cd_c0151_2
var_ch_c0151_d2h4
var_cd_c0151_4
var_ch_c0151_d4h3
var_cd_c0158_0
var_ch_c0158_d0h2
var_ch_c0158_d0h3
var_ch_c0158_d0h4
var_ch_c0158_d1h0
var_cd_c0158_1
var_ch_c0158_d4h0
var_cd_c0158_4
var_ch_c0158_d4h1
var_ch_c0158_d4h2
var_cd_c0159_0
var_ch_c0159_d0h2
var_ch_c0159_d0h3
var_ch_c0159_d1h0
var_cd_c0159_1
var_cd_c0159_2
var_ch_c0159_d2h2
var_cd_c0159_3
var_ch_c0159_d3h2
var_ch_c0159_d3h3
var_cd_c0159_4
var_ch_c0159_d4h4
var_cd_c0160_1
var_ch_c0160_d1h2
var_cd_c0160_2
var_ch_c0160_d2h2
var_ch_c0160_d3h0
var_cd_c0160_3
var_ch_c0160_d3h1
var_ch_c0160_d3h3
var_ch_c0160_d3h4
var_cd_c0160_4
var_ch_c0160_d4h4
var_ch_c0177_d0h0
var_cd_c0177_0
var_cd_c0177_1
var_ch_c0177_d1h1
var_cd_c0177_3
var_ch_c0177_d3h1
var_cd_c0179_0
var_ch_c0179_d0h1
var_ch_c0179_d3h0
var_cd_c0179_3
var_cd_c0179_4
var_ch_c0179_d4h1
var_ch_c0181_d1h0
var_cd_c0181_1
var_cd_c0181_2
var_ch_c0181_d2h1
var_ch_c0181_d4h0
var_cd_c0181_4
var_cd_c0198_3
var_ch_c0198_d3h4
var_cd_c0198_4
var_ch_c0198_d4h2
var_ch_c0198_d4h3
var_cd_c0210_0
var_ch_c0210_d0h1
var_ch_c0210_d1h0
var_cd_c0210_1
var_ch_c0210_d2h0
var_cd_c0210_2
var_cd_c0214_2
var_ch_c0214_d2h1
var_ch_c0214_d3h0
var_cd_c0214_3
var_ch_c0214_d4h0
var_cd_c0214_4
var_cd_c0218_0
var_ch_c0218_d0h4
var_cd_c0218_2
var_ch_c0218_d2h1
var_cd_c0218_3
var_ch_c0218_d3h3
var_cd_c0223_0
var_ch_c0223_d0h3
var_cd_c0223_1
var_ch_c0223_d1h1
var_ch_c0223_d3h0
var_cd_c0223_3
var_ch_c0226_d0h0
var_cd_c0226_0
var_cd_c0226_1
var_ch_c0226_d1h1
var_cd_c0226_3
var_ch_c0226_d3h1
var_cd_c0227_1
var_ch_c0227_d1h4
var_cd_c0227_2
var_ch_c0227_d2h2
var_cd_c0227_3
var_ch_c0227_d3h2
var_cd_c0254_0
var_ch_c0254_d0h3
var_cd_c0254_2
var_ch_c0254_d2h3
var_cd_c0254_3
var_ch_c0254_d3h3
var_cd_c0259_1
var_ch_c0259_d1h3
var_cd_c0259_2
var_ch_c0259_d2h1
var_ch_c0259_d2h2
var_cd_c0271_0
var_ch_c0271_d0h4
var_cd_c0271_2
var_ch_c0271_d2h4
var_cd_c0271_4
var_ch_c0271_d4h1
var_cd_c0457_0
var_ch_c0457_d0h4
var_ch_c0457_d2h0
var_cd_c0457_2
var_cd_c0457_3
var_ch_c0457_d3h4
var_cd_c0481_1
var_ch_c0481_d1h2
var_ch_c0481_d3h0
var_cd_c0481_3
var_cd_c0481_4
var_ch_c0481_d4h2
var_cd_c0511_1
var_ch_c0511_d1h2
var_cd_c0511_2
var_ch_c0511_d2h2
var_cd_c0511_4
var_ch_c0511_d4h2
var_cd_c0579_1
var_ch_c0579_d1h3
var_cd_c0579_3
var_ch_c0579_d3h3
var_cd_c0579_4
var_ch_c0579_d4h4
var_cd_c0580_0
var_ch_c0580_d0h3
var_cd_c0580_2
var_ch_c0580_d2h1
var_cd_c0580_4
var_ch_c0580_d4h3
var_cd_c0595_1
var_ch_c0595_d1h3
var_cd_c0595_2
var_ch_c0595_d2h1
var_cd_c0595_3
var_ch_c0595_d3h3
var_ch_c0632_d0h0
var_cd_c0632_0
var_cd_c0632_2
var_ch_c0632_d2h2
var_cd_c0632_3
var_ch_c0632_d3h1
var_cd_c0625_1
var_ch_c0625_d1h4
var_cd_c0625_2
var_ch_c0625_d2h3
var_ch_c0625_d2h4
var_ch_c0625_d3h0
var_cd_c0625_3
var_ch_c0625_d4h0
var_cd_c0625_4
var_cd_c0624_0
var_ch_c0624_d0h3
var_ch_c0624_d1h0
var_cd_c0624_1
var_ch_c0624_d1h1
var_ch_c0624_d2h0
var_cd_c0624_2
var_cd_c0624_3
var_ch_c0624_d3h3
var_ch_c0063_d0h0
var_cd_c0063_0
var_ch_c0063_d0h1
var_cd_c0063_1
var_ch_c0063_d1h3
var_cd_c0063_3
var_ch_c0063_d3h1
var_cd_c0063_4
var_ch_c0063_d4h1
var_cd_c0286_1
var_ch_c0286_d1h3
var_cd_c0286_2
var_ch_c0286_d2h1
var_cd_c0286_3
var_ch_c0286_d3h3
var_cd_c0286_4
var_ch_c0286_d4h3
var_ch_c0286_d4h4
var_cd_c0308_1
var_ch_c0308_d1h2
var_cd_c0308_2
var_ch_c0308_d2h2
var_cd_c0308_3
var_ch_c0308_d3h1
var_ch_c0308_d3h2
var_cd_c0308_4
var_ch_c0308_d4h2
var_cd_c0299_0
var_ch_c0299_d0h2
var_cd_c0299_1
var_ch_c0299_d1h2
var_cd_c0299_3
var_ch_c0299_d3h1
var_cd_c299b_0
var_ch_c299b_d0h1
var_ch_c299b_d3h0
var_cd_c299b_3
var_ch_c0309_d1h0
var_cd_c0309_1
var_ch_c0309_d1h1
var_cd_c0309_2
var_ch_c0309_d2h4
var_cd_c309b_2
var_ch_c309b_d2h3
var_cd_c309b_3
var_ch_c309b_d3h2
var_cd_c0312_1
var_ch_c0312_d1h4
var_cd_c0312_2
var_ch_c0312_d2h4
var_cd_c0312_3
var_ch_c0312_d3h4
var_cd_c0301_0
var_ch_c0301_d0h1
var_cd_c0301_2
var_ch_c0301_d2h3
var_ch_c0301_d3h0
var_cd_c0301_3
var_cd_c0301_4
var_ch_c0301_d4h1
var_ch_c0301_d4h2
var_cd_c0317_1
var_ch_c0317_d1h4
var_ch_c0317_d2h0
var_cd_c0317_2
var_cd_c0317_3
var_ch_c0317_d3h4
var_ch_c0291_d0h0
var_cd_c0291_0
var_ch_c0291_d0h1
var_cd_c0291_1
var_ch_c0291_d1h3
var_cd_c0291_2
var_ch_c0291_d2h3
var_cd_c0291_3
var_ch_c0291_d3h3
var_cd_c0284_0
var_ch_c0284_d0h2
var_cd_c0284_1
var_ch_c0284_d1h2
var_cd_c0284_2
var_ch_c0284_d2h2
var_cd_c0284_3
var_ch_c0284_d3h1
var_ch_c0284_d3h2
var_cd_c0330_0
var_ch_c0330_d0h3
var_ch_c0330_d0h4
var_ch_c0330_d2h0
var_cd_c0330_2
var_ch_c0330_d2h1
var_cd_c0330_4
var_ch_c0330_d4h3
var_ch_c0342_d2h0
var_cd_c0342_2
var_cd_c0342_3
var_ch_c0342_d3h1
var_cd_c0342_4
var_ch_c0342_d4h1
var_cd_c0343_2
var_ch_c0343_d2h2
var_cd_c0343_3
var_ch_c0343_d3h2
var_cd_c0343_4
var_ch_c0343_d4h2
var_cd_c0331_1
var_ch_c0331_d1h3
var_ch_c0331_d1h4
var_ch_c0331_d2h0
var_cd_c0331_2
var_cd_c0331_3
var_ch_c0331_d3h1
var_ch_c0331_d3h2
var_cd_c0344_2
var_ch_c0344_d2h1
var_cd_c0344_3
var_ch_c0344_d3h3
var_ch_c0344_d3h4
var_ch_c0356_d0h0
var_cd_c0356_0
var_cd_c0356_1
var_ch_c0356_d1h3
var_cd_c0356_3
var_ch_c0356_d3h2
var_cd_c0356_4
var_ch_c0356_d4h3
var_ch_c0356_d4h4
var_cd_c0369_0
var_ch_c0369_d0h1
var_cd_c0369_2
var_ch_c0369_d2h3
var_ch_c0369_d2h4
var_cd_c0369_3
var_ch_c0369_d3h4
var_cd_c0369_4
var_ch_c0369_d4h1
var_cd_c0352_1
var_ch_c0352_d1h1
var_cd_c0352_2
var_ch_c0352_d2h1
var_ch_c0352_d2h2
var_cd_c0352_3
var_ch_c0352_d3h3
var_cd_c0352_4
var_ch_c0352_d4h3
var_cd_c0363_0
var_ch_c0363_d0h1
var_ch_c0363_d1h0
var_cd_c0363_1
var_cd_c0363_2
var_ch_c0363_d2h3
var_ch_c0363_d2h4
var_cd_c0363_4
var_ch_c0363_d4h1
var_cd_c0348_0
var_ch_c0348_d0h2
var_ch_c0348_d0h3
var_cd_c0348_1
var_ch_c0348_d1h2
var_cd_c0348_3
var_ch_c0348_d3h2
var_cd_c0348_4
var_ch_c0348_d4h2
var_cd_c0358_1
var_ch_c0358_d1h3
var_cd_c0358_2
var_ch_c0358_d2h1
var_cd_c0358_3
var_ch_c0358_d3h1
var_ch_c0358_d3h2
var_cd_c0358_4
var_ch_c0358_d4h1
var_ch_c0364_d0h0
var_cd_c0364_0
var_cd_c0364_1
var_ch_c0364_d1h3
var_ch_c0364_d1h4
var_cd_c0364_2
var_ch_c0364_d2h3
var_cd_c0364_3
var_ch_c0364_d3h1
var_cd_c0365_0
var_ch_c0365_d0h1
var_cd_c0365_2
var_ch_c0365_d2h4
var_ch_c0365_d3h0
var_cd_c0365_3
var_ch_c0365_d4h0
var_cd_c0365_4
var_ch_c0365_d4h1
var_cd_c0353_0
var_ch_c0353_d0h4
var_cd_c0353_1
var_ch_c0353_d1h1
var_cd_c0353_3
var_ch_c0353_d3h3
var_cd_c0353_4
var_ch_c0353_d4h3
var_ch_c0353_d4h4
var_cd_c0381_0
var_ch_c0381_d0h1
var_ch_c0381_d0h2
var_cd_c0381_1
var_ch_c0381_d1h2
var_ch_c0381_d2h0
var_cd_c0381_2
var_cd_c0381_4
var_ch_c0381_d4h2
var_cd_c0402_1
var_ch_c0402_d1h3
var_cd_c0402_2
var_ch_c0402_d2h1
var_cd_c0402_4
var_ch_c0402_d4h1
var_cd_c0395_0
var_ch_c0395_d0h4
var_cd_c0395_2
var_ch_c0395_d2h1
var_cd_c0395_3
var_ch_c0395_d3h4
var_cd_c0395_4
var_ch_c0395_d4h3
var_ch_c0395_d4h4
var_kh_q000_d0h0
var_kh_q000_d0h1
var_kh_q000_d1h0
var_kh_q000_d1h1
var_kh_q000_d2h0
var_kh_q000_d2h1
var_kh_q000_d3h0
var_kh_q000_d4h0
var_kh_q000_d4h1
var_kh_q001_d0h3
var_kh_q001_d0h4
var_kh_q001_d1h2
var_kh_q001_d1h3
var_kh_q001_d1h4
var_kh_q001_d2h1
var_kh_q001_d2h2
var_kh_q001_d3h1
var_kh_q001_d3h2
var_kh_q002_d0h1
var_kh_q002_d0h2
var_kh_q002_d2h3
var_kh_q002_d2h4
var_kh_q002_d3h1
var_kh_q002_d3h2
var_kh_q003_d0h0
var_kh_q003_d0h1
var_kh_q003_d1h0
var_kh_q003_d1h1
var_kh_q003_d2h0
var_kh_q003_d2h1
var_kh_q003_d3h0
var_kh_q003_d3h1
var_kh_q003_d4h0
var_kh_q004_d0h1
var_kh_q004_d0h2
var_kh_q004_d0h3
var_kh_q004_d0h4
var_kh_q004_d1h1
var_kh_q004_d1h2
var_kh_q004_d1h3
var_kh_q004_d2h1
var_kh_q004_d2h2
var_kh_q004_d3h0
var_kh_q004_d3h1
var_kh_q004_d3h2
var_kh_q004_d3h3
var_kh_q004_d3h4
var_kh_q005_d0h1
var_kh_q005_d0h2
var_kh_q005_d1h0
var_kh_q005_d1h1
var_kh_q005_d1h2
var_kh_q005_d1h3
var_kh_q005_d1h4
var_kh_q005_d2h2
var_kh_q005_d2h3
var_kh_q005_d2h4
var_kh_q005_d3h1
var_kh_q005_d3h2
var_kh_q005_d3h3
var_kh_q005_d3h4
var_kh_q006_d0h1
var_kh_q006_d0h2
var_kh_q006_d1h0
var_kh_q006_d1h1
var_kh_q006_d1h2
var_kh_q006_d2h3
var_kh_q006_d2h4
var_kh_q006_d3h0
var_kh_q006_d3h1
var_kh_q006_d4h1
var_kh_q006_d4h2
var_kh_q007_d0h2
var_kh_q007_d1h2
var_kh_q007_d2h2
var_kh_q007_d3h1
var_kh_q007_d3h2
var_kh_q008_d0h2
var_kh_q008_d0h3
var_kh_q008_d1h1
var_kh_q008_d1h2
var_kh_q008_d2h2
var_kh_q008_d4h0
var_kh_q009_d0h1
var_kh_q009_d0h2
var_kh_q009_d1h0
var_kh_q009_d1h1
var_kh_q009_d3h0
var_kh_q009_d3h1
var_kh_q009_d4h0
var_kh_q009_d4h1
var_kh_q009_d4h2
var_kh_q010_d0h2
var_kh_q010_d0h3
var_kh_q010_d0h4
var_kh_q010_d1h1
var_kh_q010_d1h2
var_kh_q010_d1h3
var_kh_q010_d1h4
var_kh_q010_d2h1
var_kh_q010_d2h2
var_kh_q010_d3h2
var_kh_q010_d3h3
var_kh_q010_d3h4
var_kh_q010_d4h0
var_kh_q010_d4h1
var_kh_q010_d4h2
var_kh_q011_d0h0
var_kh_q011_d0h1
var_kh_q011_d1h3
var_kh_q011_d3h1
var_kh_q011_d4h1
var_kh_q013_d0h2
var_kh_q013_d0h3
var_kh_q013_d0h4
var_kh_q013_d1h1
var_kh_q013_d1h2
var_kh_q013_d2h1
var_kh_q013_d2h2
var_kh_q013_d3h0
var_kh_q013_d3h1
var_kh_q013_d3h2
var_kh_q013_d3h3
var_kh_q014_d1h3
var_kh_q014_d1h4
var_kh_q014_d2h1
var_kh_q014_d2h2
var_kh_q014_d3h2
var_kh_q014_d3h3
var_kh_q014_d4h3
var_kh_q014_d4h4
var_kh_q015_d0h0
var_kh_q015_d0h1
var_kh_q015_d0h2
var_kh_q015_d1h2
var_kh_q015_d1h3
var_kh_q015_d1h4
var_kh_q015_d2h2
var_kh_q015_d2h3
var_kh_q015_d3h1
var_kh_q015_d3h2
var_kh_q015_d3h3
var_kh_q016_d0h0
var_kh_q016_d0h1
var_kh_q016_d1h0
var_kh_q016_d1h1
var_kh_q016_d2h1
var_kh_q016_d3h0
var_kh_q016_d3h1
var_kh_q016_d4h0
var_kh_q016_d4h1
var_kh_q017_d0h3
var_kh_q017_d0h4
var_kh_q017_d2h3
var_kh_q017_d2h4
var_kh_q017_d3h3
var_kh_q017_d3h4
var_kh_q017_d4h1
var_kh_q017_d4h2
var_kh_q017_d4h3
var_kh_q018_d0h0
var_kh_q018_d0h1
var_kh_q018_d0h2
var_kh_q018_d0h3
var_kh_q018_d1h2
var_kh_q018_d1h3
var_kh_q018_d3h1
var_kh_q018_d3h2
var_kh_q018_d4h1
var_kh_q018_d4h2
var_kh_q019_d0h2
var_kh_q019_d0h3
var_kh_q019_d0h4
var_kh_q019_d1h0
var_kh_q019_d1h1
var_kh_q019_d1h3
var_kh_q019_d1h4
var_kh_q019_d2h3
var_kh_q019_d2h4
var_kh_q019_d4h0
var_kh_q019_d4h1
var_kh_q019_d4h2
var_kh_q019_d4h3
var_kh_q020_d0h2
var_kh_q020_d0h3
var_kh_q020_d1h0
var_kh_q020_d1h1
var_kh_q020_d1h3
var_kh_q020_d1h4
var_kh_q020_d2h2
var_kh_q020_d2h3
var_kh_q020_d2h4
var_kh_q020_d3h2
var_kh_q020_d3h3
var_kh_q020_d4h3
var_kh_q020_d4h4
var_kh_q021_d1h1
var_kh_q021_d1h2
var_kh_q021_d1h3
var_kh_q021_d1h4
var_kh_q021_d2h2
var_kh_q021_d2h3
var_kh_q021_d2h4
var_kh_q021_d3h0
var_kh_q021_d3h1
var_kh_q021_d3h3
var_kh_q021_d3h4
var_kh_q021_d4h3
var_kh_q021_d4h4
var_kh_q023_d0h3
var_kh_q023_d0h4
var_kh_q023_d1h3
var_kh_q023_d1h4
var_kh_q023_d2h1
var_kh_q023_d2h2
var_kh_q023_d2h3
var_kh_q023_d2h4
var_kh_q023_d3h3
var_kh_q023_d3h4
var_kh_q023_d4h0
var_kh_q023_d4h1
var_kh_q025_d0h0
var_kh_q025_d0h1
var_kh_q025_d0h2
var_kh_q025_d1h2
var_kh_q025_d1h3
var_kh_q025_d2h2
var_kh_q025_d2h3
var_kh_q025_d3h1
var_kh_q025_d3h2
var_kh_q025_d3h3
var_kh_q026_d0h2
var_kh_q026_d0h3
var_kh_q026_d1h2
var_kh_q026_d1h3
var_kh_q026_d2h1
var_kh_q026_d2h2
var_kh_q026_d3h1
var_kh_q026_d3h2
var_kh_q026_d3h3
var_kh_q026_d4h3
var_kh_q026_d4h4
var_kh_q027_d0h0
var_kh_q027_d0h1
var_kh_q027_d0h2
var_kh_q027_d1h2
var_kh_q027_d1h3
var_kh_q027_d1h4
var_kh_q027_d2h2
var_kh_q027_d2h3
var_kh_q027_d2h4
var_kh_q027_d3h1
var_kh_q027_d3h2
var_kh_q027_d3h3
var_kh_q027_d3h4
var_kh_q028_d0h1
var_kh_q028_d0h2
var_kh_q028_d1h2
var_kh_q028_d1h3
var_kh_q028_d1h4
var_kh_q028_d2h0
var_kh_q028_d2h1
var_kh_q028_d3h0
var_kh_q028_d3h1
var_kh_q028_d3h3
var_kh_q028_d3h4
var_kh_q028_d4h3
var_kh_q028_d4h4
var_kh_q029_d0h0
var_kh_q029_d0h1
var_kh_q029_d1h3
var_kh_q029_d1h4
var_kh_q029_d2h0
var_kh_q029_d2h1
var_kh_q029_d2h2
var_kh_q029_d2h3
var_kh_q029_d3h0
var_kh_q029_d3h1
var_kh_q029_d3h3
var_kh_q029_d3h4
var_kh_q029_d4h1
var_kh_q029_d4h2
var_kh_q029_d4h3
var_kh_q029_d4h4
var_kh_q030_d1h3
var_kh_q030_d1h4
var_kh_q030_d2h0
var_kh_q030_d2h1
var_kh_q030_d3h3
var_kh_q030_d3h4
var_kh_q030_d4h3
var_kh_q030_d4h4
var_kh_q031_d1h2
var_kh_q031_d1h3
var_kh_q031_d1h4
var_kh_q031_d2h0
var_kh_q031_d2h1
var_kh_q031_d2h2
var_kh_q031_d3h1
var_kh_q031_d3h2
var_kh_q031_d3h3
var_kh_q031_d3h4
var_kh_q031_d4h2
var_kh_q031_d4h3
var_kh_q031_d4h4
var_kh_q032_d1h0
var_kh_q032_d1h1
var_kh_q032_d1h3
var_kh_q032_d1h4
var_kh_q032_d2h0
var_kh_q032_d2h1
var_kh_q032_d2h3
var_kh_q032_d2h4
var_kh_q032_d3h2
var_kh_q032_d3h3
var_kh_q032_d3h4
var_kh_q032_d4h3
var_kh_q032_d4h4
var_kh_q033_d0h0
var_kh_q033_d0h1
var_kh_q033_d0h2
var_kh_q033_d1h1
var_kh_q033_d1h2
var_kh_q033_d1h3
var_kh_q033_d3h1
var_kh_q033_d3h2
var_kh_q033_d3h3
var_kh_q033_d4h1
var_kh_q033_d4h2
var_kh_q034_d0h2
var_kh_q034_d0h3
var_kh_q034_d0h4
var_kh_q034_d1h1
var_kh_q034_d1h2
var_kh_q034_d2h0
var_kh_q034_d2h1
var_kh_q034_d3h2
var_kh_q034_d3h3
var_kh_q034_d4h2
var_kh_q034_d4h3
var_kh_q035_d1h4
var_kh_q035_d2h0
var_kh_q035_d2h1
var_kh_q035_d2h2
var_kh_q035_d2h3
var_kh_q035_d2h4
var_kh_q035_d3h0
var_kh_q035_d3h1
var_kh_q035_d3h2
var_kh_q035_d3h3
var_kh_q035_d3h4
var_kh_q035_d4h0
var_kh_q035_d4h1
var_kh_q035_d4h2
var_kh_q036_d1h3
var_kh_q036_d1h4
var_kh_q036_d2h0
var_kh_q036_d2h1
var_kh_q036_d3h1
var_kh_q036_d3h2
var_kh_q036_d3h3
var_kh_q036_d3h4
var_kh_q037_d2h1
var_kh_q037_d2h2
var_kh_q037_d3h2
var_kh_q037_d3h3
var_kh_q037_d3h4
var_kh_q037_d4h2
var_kh_q038_d0h0
var_kh_q038_d1h3
var_kh_q038_d3h2
var_kh_q038_d4h3
var_kh_q038_d4h4
var_kh_q039_d1h3
var_kh_q039_d1h4
var_kh_q039_d2h1
var_kh_q039_d2h3
var_kh_q039_d2h4
var_kh_q039_d3h0
var_kh_q039_d3h1
var_kh_q039_d3h2
var_kh_q039_d4h0
var_kh_q039_d4h1
var_kh_q040_d1h3
var_kh_q040_d1h4
var_kh_q040_d2h1
var_kh_q040_d2h3
var_kh_q040_d2h4
var_kh_q040_d3h0
var_kh_q040_d4h0
var_kh_q040_d4h1
var_kh_q041_d0h1
var_kh_q041_d0h2
var_kh_q041_d1h2
var_kh_q041_d1h4
var_kh_q041_d2h0
var_kh_q041_d2h3
var_kh_q041_d2h4
var_kh_q041_d3h0
var_kh_q041_d4h0
var_kh_q041_d4h2
var_kh_q042_d0h0
var_kh_q042_d0h1
var_kh_q042_d1h3
var_kh_q042_d1h4
var_kh_q042_d2h3
var_kh_q042_d2h4
var_kh_q042_d3h0
var_kh_q042_d3h1
var_kh_q042_d4h0
var_kh_q042_d4h1
var_kh_q043_d0h1
var_kh_q043_d0h2
var_kh_q043_d0h3
var_kh_q043_d1h0
var_kh_q043_d1h1
var_kh_q043_d1h2
var_kh_q043_d2h1
var_kh_q043_d2h2
var_kh_q043_d2h3
var_kh_q043_d2h4
var_kh_q043_d3h2
var_kh_q043_d3h3
var_kh_q043_d4h1
var_kh_q043_d4h2
var_kh_q043_d4h3
var_kh_q044_d0h1
var_kh_q044_d0h2
var_kh_q044_d0h3
var_kh_q044_d0h4
var_kh_q044_d1h0
var_kh_q044_d1h1
var_kh_q044_d1h2
var_kh_q044_d2h3
var_kh_q044_d2h4
var_kh_q044_d3h2
var_kh_q044_d3h3
var_kh_q044_d4h1
var_kh_q044_d4h2
var_kh_q044_d4h3
var_kh_q044_d4h4
var_kh_q045_d0h0
var_kh_q045_d0h1
var_kh_q045_d0h2
var_kh_q045_d0h3
var_kh_q045_d1h1
var_kh_q045_d1h2
var_kh_q045_d1h3
var_kh_q045_d1h4
var_kh_q045_d2h1
var_kh_q045_d2h2
var_kh_q045_d2h3
var_kh_q045_d2h4
var_kh_q045_d3h0
var_kh_q045_d3h1
var_kh_q045_d3h2
var_kh_q045_d3h3
var_kh_q045_d4h0
var_kh_q045_d4h1
var_kh_q045_d4h2
var_kh_q045_d4h3
var_kh_q046_d0h0
var_kh_q046_d0h1
var_kh_q046_d0h2
var_kh_q046_d0h3
var_kh_q046_d0h4
var_kh_q046_d1h1
var_kh_q046_d1h2
var_kh_q046_d1h3
var_kh_q046_d1h4
var_kh_q046_d2h3
var_kh_q046_d2h4
var_kh_q046_d3h0
var_kh_q046_d3h1
var_kh_q046_d3h2
var_kh_q046_d3h3
var_kh_q046_d4h0
var_kh_q046_d4h1
var_kh_q046_d4h2
var_kh_q046_d4h3
var_kh_q046_d4h4
var_kh_q047_d0h2
var_kh_q047_d0h3
var_kh_q047_d1h1
var_kh_q047_d1h2
var_kh_q047_d2h1
var_kh_q047_d2h2
var_kh_q047_d3h2
var_kh_q047_d3h3
var_kh_q047_d4h2
var_kh_q047_d4h3
var_kh_q048_d0h2
var_kh_q048_d0h3
var_kh_q048_d0h4
var_kh_q048_d1h1
var_kh_q048_d1h2
var_kh_q048_d3h2
var_kh_q048_d3h3
var_kh_q048_d4h2
var_kh_q048_d4h3
var_kh_q048_d4h4
var_kh_q049_d0h1
var_kh_q049_d0h2
var_kh_q049_d0h3
var_kh_q049_d1h1
var_kh_q049_d1h2
var_kh_q049_d2h1
var_kh_q049_d2h2
var_kh_q049_d2h3
var_kh_q049_d2h4
var_kh_q049_d3h2
var_kh_q049_d3h3
var_kh_q049_d3h4
var_kh_q049_d4h1
var_kh_q049_d4h2
var_kh_q049_d4h3
var_kh_q050_d0h1
var_kh_q050_d0h2
var_kh_q050_d0h3
var_kh_q050_d0h4
var_kh_q050_d1h1
var_kh_q050_d1h2
var_kh_q050_d2h3
var_kh_q050_d2h4
var_kh_q050_d3h2
var_kh_q050_d3h3
var_kh_q050_d3h4
var_kh_q050_d4h1
var_kh_q050_d4h2
var_kh_q050_d4h3
var_kh_q050_d4h4
var_kh_q053_d0h1
var_kh_q053_d0h2
var_kh_q053_d1h2
var_kh_q053_d1h3
var_kh_q053_d2h0
var_kh_q053_d2h1
var_kh_q053_d2h2
var_kh_q053_d4h2
var_kh_q054_d0h1
var_kh_q054_d0h2
var_kh_q054_d1h2
var_kh_q054_d1h3
var_kh_q054_d2h0
var_kh_q054_d2h1
var_kh_q054_d3h1
var_kh_q054_d3h2
var_kh_q054_d4h1
var_kh_q054_d4h2
var_kh_q055_d0h1
var_kh_q055_d0h2
var_kh_q055_d1h2
var_kh_q055_d1h3
var_kh_q055_d2h0
var_kh_q055_d2h1
var_kh_q055_d4h1
var_kh_q055_d4h2
var_kh_q057_d0h3
var_kh_q057_d0h4
var_kh_q057_d1h0
var_kh_q057_d1h1
var_kh_q057_d2h0
var_kh_q057_d2h1
var_kh_q057_d3h3
var_kh_q057_d3h4
var_kh_q057_d4h3
var_kh_q057_d4h4
var_kh_q058_d0h1
var_kh_q058_d2h3
var_kh_q058_d2h4
var_kh_q058_d3h4
var_kh_q058_d4h1
var_kh_q059_d0h0
var_kh_q059_d0h1
var_kh_q059_d1h3
var_kh_q059_d1h4
var_kh_q059_d2h3
var_kh_q059_d2h4
var_kh_q059_d3h0
var_kh_q059_d3h1
var_kh_q059_d4h0
var_kh_q059_d4h1
var_kh_q060_d0h0
var_kh_q060_d0h1
var_kh_q060_d0h2
var_kh_q060_d0h3
var_kh_q060_d1h1
var_kh_q060_d1h2
var_kh_q060_d1h3
var_kh_q060_d1h4
var_kh_q060_d2h1
var_kh_q060_d2h2
var_kh_q060_d2h3
var_kh_q060_d2h4
var_kh_q060_d3h0
var_kh_q060_d3h1
var_kh_q060_d3h2
var_kh_q060_d3h3
var_kh_q060_d4h0
var_kh_q060_d4h1
var_kh_q060_d4h2
var_kh_q060_d4h3
var_kh_q061_d0h0
var_kh_q061_d0h1
var_kh_q061_d0h2
var_kh_q061_d0h3
var_kh_q061_d0h4
var_kh_q061_d1h1
var_kh_q061_d1h2
var_kh_q061_d1h3
var_kh_q061_d2h0
var_kh_q061_d2h1
var_kh_q061_d2h2
var_kh_q061_d3h1
var_kh_q061_d3h2
var_kh_q061_d3h3
var_kh_q061_d3h4
var_kh_q061_d4h1
var_kh_q061_d4h2
var_kh_q061_d4h3
var_kh_q062_d0h0
var_kh_q062_d0h1
var_kh_q062_d0h3
var_kh_q062_d0h4
var_kh_q062_d1h2
var_kh_q062_d1h3
var_kh_q062_d2h0
var_kh_q062_d2h1
var_kh_q062_d3h0
var_kh_q062_d3h1
var_kh_q062_d4h1
var_kh_q062_d4h2
var_kh_q062_d4h3
var_kh_q063_d0h0
var_kh_q063_d0h1
var_kh_q063_d0h2
var_kh_q063_d0h3
var_kh_q063_d0h4
var_kh_q063_d1h1
var_kh_q063_d1h2
var_kh_q063_d1h3
var_kh_q063_d2h0
var_kh_q063_d2h1
var_kh_q063_d3h1
var_kh_q063_d3h2
var_kh_q063_d3h3
var_kh_q063_d4h1
var_kh_q063_d4h2
var_kh_q063_d4h3
var_kh_q064_d0h0
var_kh_q064_d0h1
var_kh_q064_d0h3
var_kh_q064_d0h4
var_kh_q064_d1h3
var_kh_q064_d1h4
var_kh_q064_d2h0
var_kh_q064_d2h1
var_kh_q064_d2h2
var_kh_q064_d2h3
var_kh_q064_d2h4
var_kh_q064_d3h0
var_kh_q064_d3h1
var_kh_q064_d3h2
var_kh_q064_d4h0
var_kh_q064_d4h1
var_kh_q064_d4h2
var_kh_q064_d4h3
var_kh_q065_d0h1
var_kh_q065_d0h2
var_kh_q065_d0h3
var_kh_q065_d0h4
var_kh_q065_d1h0
var_kh_q065_d1h1
var_kh_q065_d1h2
var_kh_q065_d2h0
var_kh_q065_d2h1
var_kh_q065_d2h2
var_kh_q065_d2h3
var_kh_q065_d2h4
var_kh_q065_d3h1
var_kh_q065_d3h2
var_kh_q065_d3h3
var_kh_q065_d3h4
var_kh_q065_d4h2
var_kh_q065_d4h3
var_kh_q065_d4h4
var_kh_q066_d0h1
var_kh_q066_d0h2
var_kh_q066_d0h3
var_kh_q066_d1h0
var_kh_q066_d1h1
var_kh_q066_d1h2
var_kh_q066_d1h3
var_kh_q066_d2h0
var_kh_q066_d2h1
var_kh_q066_d2h2
var_kh_q066_d2h3
var_kh_q066_d2h4
var_kh_q066_d3h1
var_kh_q066_d3h2
var_kh_q066_d3h3
var_kh_q066_d4h1
var_kh_q066_d4h2
var_kh_q067a_d0h1
var_kh_q067a_d0h2
var_kh_q067a_d0h3
var_kh_q067a_d0h4
var_kh_q067a_d1h0
var_kh_q067a_d1h1
var_kh_q067a_d1h2
var_kh_q067a_d2h0
var_kh_q067a_d2h1
var_kh_q067a_d2h2
var_kh_q067a_d2h3
var_kh_q067a_d2h4
var_kh_q067a_d3h0
var_kh_q067a_d3h1
var_kh_q067a_d3h3
var_kh_q067a_d3h4
var_kh_q067a_d4h0
var_kh_q067a_d4h1
var_kh_q067a_d4h2
var_kh_q067a_d4h3
var_kh_q067a_d4h4
var_kh_q067b_d0h0
var_kh_q067b_d0h1
var_kh_q067b_d0h3
var_kh_q067b_d0h4
var_kh_q067b_d1h0
var_kh_q067b_d1h1
var_kh_q067b_d1h2
var_kh_q067b_d1h3
var_kh_q067b_d1h4
var_kh_q067b_d2h0
var_kh_q067b_d2h1
var_kh_q067b_d2h2
var_kh_q067b_d2h3
var_kh_q067b_d2h4
var_kh_q067b_d3h1
var_kh_q067b_d3h2
var_kh_q067b_d3h3
var_kh_q067b_d3h4
var_kh_q067b_d4h2
var_kh_q067b_d4h3
var_kh_q067b_d4h4
var_kh_q068_d0h1
var_kh_q068_d0h2
var_kh_q068_d0h3
var_kh_q068_d1h0
var_kh_q068_d1h1
var_kh_q068_d1h2
var_kh_q068_d1h3
var_kh_q068_d1h4
var_kh_q068_d2h0
var_kh_q068_d2h1
var_kh_q068_d2h2
var_kh_q068_d2h3
var_kh_q068_d2h4
var_kh_q068_d3h0
var_kh_q068_d3h1
var_kh_q068_d3h2
var_kh_q068_d3h3
var_kh_q068_d3h4
var_kh_q068_d4h1
var_kh_q068_d4h2
var_kh_q068_d4h3
var_kh_q068_d4h4
var_kh_q069_d0h1
var_kh_q069_d0h2
var_kh_q069_d0h3
var_kh_q069_d1h0
var_kh_q069_d1h1
var_kh_q069_d1h2
var_kh_q069_d2h2
var_kh_q069_d2h3
var_kh_q069_d2h4
var_kh_q069_d4h0
var_kh_q069_d4h1
var_kh_q070_d0h1
var_kh_q070_d0h2
var_kh_q070_d1h0
var_kh_q070_d1h1
var_kh_q070_d1h2
var_kh_q070_d1h3
var_kh_q070_d1h4
var_kh_q070_d2h0
var_kh_q070_d2h1
var_kh_q070_d2h2
var_kh_q070_d2h3
var_kh_q070_d2h4
var_kh_q070_d3h0
var_kh_q070_d3h1
var_kh_q070_d3h2
var_kh_q070_d3h3
var_kh_q070_d3h4
var_kh_q070_d4h1
var_kh_q070_d4h2
var_cr_c0632_r36
var_cr_c0624_r36
var_cr_c299b_r36
var_cr_c309b_r36
var_cr_c0312_r36
var_cr_c0402_r36
var_cr_c0035_r37
var_cr_c0481_r37
var_cr_c0331_r37
var_cr_c0363_r37
var_cr_c0395_r37
var_cr_c0579_r38
var_cr_c0308_r38
var_cr_c0330_r38
var_cr_c0369_r38
var_cr_c0012_r31
var_cr_c0013_r31
var_cr_c0036_r31
var_cr_c0580_r31
var_cr_c0342_r31
var_cr_c0343_r31
var_cr_c0112_r27
var_cr_c0159_r27
var_cr_c0198_r27
var_cr_c0364_r27
var_cr_c0181_rB
var_cr_c0226_rB
var_cr_c0227_rB
var_cr_c0254_rB
var_cr_c0381_rB
var_cr_c0052_rD
var_cr_c0116_rD
var_cr_c0117_rD
var_cr_c0223_rD
var_cr_c0259_rD
var_cr_c0130_rE
var_cr_c0158_rE
var_cr_c0160_rE
var_cr_c0053_rF
var_cr_c0098_rF
var_cr_c0177_rF
var_cr_c0210_rF
var_cr_c0625_rF
var_cr_c0286_rF
var_cr_c0055_rG
var_cr_c0104_rG
var_cr_c0114_rG
var_cr_c0179_rG
var_cr_c0057_rA
var_cr_c0151_rA
var_cr_c0218_rA
var_cr_c0063_rA
var_cr_c0348_rA
var_cr_c0214_rL
var_cr_c0271_rL
var_cr_c0317_rL
var_cr_c0291_rL
var_cr_c0284_rL
var_cr_c0352_r50
var_cr_c0365_r50
var_cr_c0299_r52
var_cr_c0309_r52
var_cr_c0301_r52
var_cr_c0344_r52
var_cr_c0356_r52
var_cr_c0094_rDS1
var_cr_c0511_rDS1
var_cr_c0358_rDS1
var_cr_c0353_rDS1
var_cr_c0042_rDS2
var_cr_c0045_rDS2
var_cr_c0107_rDS2
var_cr_c0457_rDS2
var_cr_c0595_rDS2
