itc2007/comp16.ctt SAT 3.1304596950000017 22
var_cd_c0006_0
var_ch_c0006_d0h2
var_cd_c0006_1
var_ch_c0006_d1h1
var_cd_c0006_2
var_ch_c0006_d2h1
var_cd_c0011_0
var_ch_c0011_d0h4
var_cd_c0011_1
var_ch_c0011_d1h3
var_cd_c0011_4
var_ch_c0011_d4h1
var_cd_c0018_0
var_ch_c0018_d0h3
var_cd_c0018_1
var_ch_c0018_d1h2
var_cd_c0018_2
var_ch_c0018_d2h2
var_cd_c0026_0
var_ch_c0026_d0h2
var_cd_c0026_2
var_ch_c0026_d2h1
var_cd_c0026_3
var_ch_c0026_d3h1
var_cd_c0027_1
var_ch_c0027_d1h4
var_cd_c0027_2
var_ch_c0027_d2h4
var_cd_c0027_3
var_ch_c0027_d3h2
var_cd_c0046_1
var_ch_c0046_d1h3
var_cd_c0046_2
var_ch_c0046_d2h3
var_cd_c0046_3
var_ch_c0046_d3h1
var_cd_c0050_3
var_ch_c0050_d3h3
var_ch_c0050_d4h0
var_cd_c0050_4
var_ch_c0050_d4h3
var_ch_c0051_d0h0
var_cd_c0051_0
var_cd_c0051_1
var_ch_c0051_d1h1
var_ch_c0051_d3h0
var_cd_c0051_3
var_cd_c0059_0
var_ch_c0059_d0h1
var_cd_c0059_1
var_ch_c0059_d1h2
var_cd_c0059_2
var_ch_c0059_d2h4
var_cd_c0064_2
var_ch_c0064_d2h2
var_cd_c0064_3
var_ch_c0064_d3h2
var_cd_c0064_4
var_ch_c0064_d4h2
var_ch_c0073_d1h0
var_cd_c0073_1
var_ch_c0073_d1h1
var_cd_c0073_2
var_ch_c0073_d2h1
var_cd_c0080_1
var_ch_c0080_d1h3
var_cd_c0080_2
var_ch_c0080_d2h4
var_cd_c0080_3
var_ch_c0080_d3h3
var_cd_c0085_0
var_ch_c0085_d0h4
var_cd_c0085_1
var_ch_c0085_d1h3
var_cd_c0085_3
var_ch_c0085_d3h1
var_cd_c0091_0
var_ch_c0091_d0h2
var_cd_c0091_1
var_ch_c0091_d1h1
var_cd_c0091_3
var_ch_c0091_d3h4
var_cd_c0097_2
var_ch_c0097_d2h1
var_cd_c0097_3
var_ch_c0097_d3h4
var_cd_c0097_4
var_ch_c0097_d4h1
var_cd_c0099_1
var_ch_c0099_d1h2
var_cd_c0099_3
var_ch_c0099_d3h2
var_cd_c0099_4
var_ch_c0099_d4h2
var_cd_c0101_0
var_ch_c0101_d0h3
var_cd_c0101_3
var_ch_c0101_d3h2
var_cd_c0101_4
var_ch_c0101_d4h4
var_cd_c0105_1
var_ch_c0105_d1h3
var_cd_c0105_2
var_ch_c0105_d2h1
var_ch_c0105_d2h3
var_ch_c0105_d3h0
var_cd_c0105_3
var_ch_c0105_d3h1
var_ch_c0109_d2h0
var_cd_c0109_2
var_cd_c0109_3
var_ch_c0109_d3h3
var_ch_c0109_d4h0
var_cd_c0109_4
var_cd_c0128_1
var_ch_c0128_d1h3
var_cd_c0128_3
var_ch_c0128_d3h3
var_cd_c0128_4
var_ch_c0128_d4h4
var_cd_c0137_0
var_ch_c0137_d0h2
var_cd_c0137_1
var_ch_c0137_d1h1
var_cd_c0137_4
var_ch_c0137_d4h1
var_cd_c0142_3
var_ch_c0142_d3h4
var_cd_c0142_4
var_ch_c0142_d4h1
var_ch_c0142_d4h2
var_cd_c0143_0
var_ch_c0143_d0h3
var_ch_c0143_d1h0
var_cd_c0143_1
var_cd_c0143_4
var_ch_c0143_d4h2
var_cd_c0154_0
var_ch_c0154_d0h2
var_cd_c0154_1
var_ch_c0154_d1h3
var_cd_c0154_2
var_ch_c0154_d2h3
var_cd_c0180_0
var_ch_c0180_d0h4
var_cd_c0180_2
var_ch_c0180_d2h2
var_cd_c0180_4
var_ch_c0180_d4h3
var_cd_c0184_0
var_ch_c0184_d0h1
var_cd_c0184_1
var_ch_c0184_d1h4
var_cd_c0184_2
var_ch_c0184_d2h4
var_cd_c0185_0
var_ch_c0185_d0h2
var_cd_c0185_4
var_ch_c0185_d4h2
var_ch_c0185_d4h3
var_cd_c0189_0
var_ch_c0189_d0h3
var_ch_c0189_d2h0
var_cd_c0189_2
var_cd_c0189_3
var_ch_c0189_d3h4
var_cd_c0199_0
var_ch_c0199_d0h2
var_cd_c0199_1
var_ch_c0199_d1h4
var_cd_c0199_2
var_ch_c0199_d2h1
var_cd_c0200_1
var_ch_c0200_d1h3
var_cd_c0200_3
var_ch_c0200_d3h3
var_cd_c0200_4
var_ch_c0200_d4h4
var_cd_c0202_2
var_ch_c0202_d2h2
var_cd_c0202_3
var_ch_c0202_d3h2
var_cd_c0202_4
var_ch_c0202_d4h4
var_cd_c0212_0
var_ch_c0212_d0h3
var_ch_c0212_d2h0
var_cd_c0212_2
var_cd_c0212_3
var_ch_c0212_d3h3
var_cd_c0215_0
var_ch_c0215_d0h4
var_cd_c0215_2
var_ch_c0215_d2h3
var_cd_c0215_4
var_ch_c0215_d4h2
var_cd_c0216_1
var_ch_c0216_d1h2
var_cd_c0216_2
var_ch_c0216_d2h2
var_cd_c0216_3
var_ch_c0216_d3h2
var_cd_c0220_1
var_ch_c0220_d1h2
var_cd_c0220_3
var_ch_c0220_d3h2
var_cd_c0220_4
var_ch_c0220_d4h2
var_cd_c0228_1
var_ch_c0228_d1h3
var_cd_c0228_2
var_ch_c0228_d2h1
var_cd_c0228_4
var_ch_c0228_d4h1
var_cd_c0231_0
var_ch_c0231_d0h3
var_cd_c0231_1
var_ch_c0231_d1h4
var_cd_c0231_4
var_ch_c0231_d4h3
var_cd_c0243_0
var_ch_c0243_d0h1
var_ch_c0243_d1h0
var_cd_c0243_1
var_cd_c0243_2
var_ch_c0243_d2h3
var_cd_c0247_1
var_ch_c0247_d1h3
var_cd_c0247_2
var_ch_c0247_d2h4
var_cd_c0247_3
var_ch_c0247_d3h1
var_cd_c0261_1
var_ch_c0261_d1h3
var_cd_c0261_2
var_ch_c0261_d2h3
var_cd_c0261_3
var_ch_c0261_d3h1
var_cd_c0281_2
var_ch_c0281_d2h2
var_ch_c0281_d3h0
var_cd_c0281_3
var_cd_c0281_4
var_ch_c0281_d4h1
var_cd_c0417_1
var_ch_c0417_d1h2
var_cd_c0417_2
var_ch_c0417_d2h2
var_ch_c0417_d3h0
var_cd_c0417_3
var_cd_c0422_0
var_ch_c0422_d0h2
var_cd_c0422_1
var_ch_c0422_d1h1
var_ch_c0422_d3h0
var_cd_c0422_3
var_cd_c0427_0
var_ch_c0427_d0h1
var_ch_c0427_d1h0
var_cd_c0427_1
var_cd_c0427_2
var_ch_c0427_d2h3
var_cd_c0429_0
var_ch_c0429_d0h3
var_cd_c0429_1
var_ch_c0429_d1h2
var_cd_c0429_2
var_ch_c0429_d2h2
var_cd_c0433_0
var_ch_c0433_d0h1
var_ch_c0433_d1h0
var_cd_c0433_1
var_cd_c0433_2
var_ch_c0433_d2h1
var_cd_c0439_0
var_ch_c0439_d0h4
var_cd_c0439_1
var_ch_c0439_d1h3
var_cd_c0439_3
var_ch_c0439_d3h1
var_cd_c0440_2
var_ch_c0440_d2h2
var_cd_c0440_3
var_ch_c0440_d3h3
var_cd_c0440_4
var_ch_c0440_d4h2
var_cd_c0442_1
var_ch_c0442_d1h2
var_cd_c0442_2
var_ch_c0442_d2h3
var_cd_c0442_3
var_ch_c0442_d3h2
var_ch_c0446_d1h0
var_cd_c0446_1
var_cd_c0446_2
var_ch_c0446_d2h1
var_cd_c0446_3
var_ch_c0446_d3h2
var_cd_c0450_0
var_ch_c0450_d0h4
var_cd_c0450_1
var_ch_c0450_d1h1
var_ch_c0450_d2h0
var_cd_c0450_2
var_ch_c0452_d1h0
var_cd_c0452_1
var_cd_c0452_2
var_ch_c0452_d2h1
var_cd_c0452_3
var_ch_c0452_d3h2
var_cd_c0462_1
var_ch_c0462_d1h3
var_cd_c0462_2
var_ch_c0462_d2h3
var_cd_c0462_3
var_ch_c0462_d3h4
var_cd_c0463_2
var_ch_c0463_d2h2
var_cd_c0463_3
var_ch_c0463_d3h3
var_cd_c0463_4
var_ch_c0463_d4h1
var_cd_c0474_1
var_ch_c0474_d1h2
var_cd_c0474_3
var_ch_c0474_d3h2
var_ch_c0474_d4h0
var_cd_c0474_4
var_cd_c0484_1
var_ch_c0484_d1h3
var_cd_c0484_2
var_ch_c0484_d2h4
var_cd_c0484_3
var_ch_c0484_d3h3
var_cd_c0495_1
var_ch_c0495_d1h4
var_cd_c0495_2
var_ch_c0495_d2h4
var_cd_c0495_4
var_ch_c0495_d4h2
var_cd_c0513_0
var_ch_c0513_d0h4
var_cd_c0513_1
var_ch_c0513_d1h1
var_cd_c0513_2
var_ch_c0513_d2h1
var_cd_c0513_4
var_ch_c0513_d4h1
var_ch_c0513_d4h2
var_ch_c0513_d4h3
var_cd_c0516_0
var_ch_c0516_d0h3
var_ch_c0516_d1h0
var_cd_c0516_1
var_ch_c0516_d2h0
var_cd_c0516_2
var_cd_c0524_1
var_ch_c0524_d1h4
var_cd_c0524_2
var_ch_c0524_d2h2
var_cd_c0524_3
var_ch_c0524_d3h1
var_cd_c0519_0
var_ch_c0519_d0h3
var_cd_c0519_1
var_ch_c0519_d1h3
var_cd_c0519_2
var_ch_c0519_d2h3
var_ch_c0519_d3h0
var_cd_c0519_3
var_cd_c0519_4
var_ch_c0519_d4h2
var_cd_c0533_0
var_ch_c0533_d0h2
var_cd_c0533_1
var_ch_c0533_d1h2
var_cd_c0533_3
var_ch_c0533_d3h1
var_cd_c0536_0
var_ch_c0536_d0h4
var_cd_c0536_1
var_ch_c0536_d1h4
var_cd_c0536_2
var_ch_c0536_d2h2
var_cd_c0600_2
var_ch_c0600_d2h1
var_cd_c0600_3
var_ch_c0600_d3h1
var_cd_c0600_4
var_ch_c0600_d4h2
var_cd_c0718_0
var_ch_c0718_d0h1
var_ch_c0718_d1h0
var_cd_c0718_1
var_cd_c0718_2
var_ch_c0718_d2h3
var_cd_c0793_0
var_ch_c0793_d0h1
var_cd_c0793_1
var_ch_c0793_d1h3
var_cd_c0793_4
var_ch_c0793_d4h1
var_cd_c0803_0
var_ch_c0803_d0h3
var_ch_c0803_d3h0
var_cd_c0803_3
var_cd_c0803_4
var_ch_c0803_d4h2
var_cd_c0806_2
var_ch_c0806_d2h3
var_cd_c0806_3
var_ch_c0806_d3h2
var_cd_c0806_4
var_ch_c0806_d4h1
var_cd_c0816_1
var_ch_c0816_d1h4
var_cd_c0816_2
var_ch_c0816_d2h1
var_cd_c0816_3
var_ch_c0816_d3h2
var_cd_c0820_1
var_ch_c0820_d1h3
var_cd_c0820_3
var_ch_c0820_d3h1
var_cd_c0820_4
var_ch_c0820_d4h3
var_cd_c0821_0
var_ch_c0821_d0h2
var_cd_c0821_1
var_ch_c0821_d1h2
var_cd_c0821_4
var_ch_c0821_d4h1
var_cd_c0823_0
var_ch_c0823_d0h3
var_ch_c0823_d1h0
var_cd_c0823_1
var_cd_c0823_3
var_ch_c0823_d3h1
var_cd_c0824_2
var_ch_c0824_d2h2
var_cd_c0824_3
var_ch_c0824_d3h2
var_ch_c0824_d4h0
var_cd_c0824_4
var_cd_c0826_1
var_ch_c0826_d1h1
var_cd_c0826_2
var_ch_c0826_d2h3
var_cd_c0826_4
var_ch_c0826_d4h2
var_cd_c0830_1
var_ch_c0830_d1h2
var_cd_c0830_2
var_ch_c0830_d2h2
var_ch_c0830_d3h0
var_cd_c0830_3
var_ch_c0836_d0h0
var_cd_c0836_0
var_cd_c0836_1
var_ch_c0836_d1h1
var_cd_c0836_4
var_ch_c0836_d4h4
var_cd_c0839_1
var_ch_c0839_d1h3
var_cd_c0839_2
var_ch_c0839_d2h1
var_cd_c0839_4
var_ch_c0839_d4h1
var_cd_c0840_0
var_ch_c0840_d0h4
var_ch_c0840_d1h0
var_cd_c0840_1
var_ch_c0840_d2h0
var_cd_c0840_2
var_cd_c0841_0
var_ch_c0841_d0h4
var_cd_c0841_3
var_ch_c0841_d3h2
var_ch_c0841_d4h0
var_cd_c0841_4
var_cd_c0846_1
var_ch_c0846_d1h1
var_cd_c0846_2
var_ch_c0846_d2h1
var_cd_c0846_3
var_ch_c0846_d3h3
var_ch_c0848_d1h0
var_cd_c0848_1
var_cd_c0848_2
var_ch_c0848_d2h3
var_cd_c0848_3
var_ch_c0848_d3h1
var_cd_c0852_0
var_ch_c0852_d0h3
var_cd_c0852_2
var_ch_c0852_d2h3
var_ch_c0852_d3h0
var_cd_c0852_3
var_cd_c0855_1
var_ch_c0855_d1h3
var_cd_c0855_2
var_ch_c0855_d2h2
var_cd_c0855_3
var_ch_c0855_d3h1
var_ch_c0855_d3h4
var_cd_c0855_4
var_ch_c0855_d4h1
var_ch_c0855_d4h2
var_ch_c0855_d4h4
var_cd_c0857_0
var_ch_c0857_d0h2
var_ch_c0857_d0h3
var_cd_c0857_1
var_ch_c0857_d1h1
var_ch_c0857_d1h4
var_ch_c0857_d2h0
var_cd_c0857_2
var_ch_c0857_d2h4
var_cd_c0857_3
var_ch_c0857_d3h3
var_cd_c0881_0
var_ch_c0881_d0h3
var_cd_c0881_1
var_ch_c0881_d1h1
var_cd_c0881_3
var_ch_c0881_d3h2
var_cd_c0896_0
var_ch_c0896_d0h1
var_cd_c0896_1
var_ch_c0896_d1h4
var_cd_c0896_2
var_ch_c0896_d2h4
var_cd_c0899_1
var_ch_c0899_d1h4
var_ch_c0899_d4h0
var_cd_c0899_4
var_ch_c0899_d4h3
var_ch_c0935_d1h0
var_cd_c0935_1
var_ch_c0935_d1h1
var_cd_c0935_2
var_ch_c0935_d2h2
var_ch_c0935_d2h4
var_cd_c0935_3
var_ch_c0935_d3h3
var_cd_c0935_4
var_ch_c0935_d4h1
var_ch_c0949_d0h0
var_cd_c0949_0
var_ch_c0949_d0h1
var_ch_c0949_d0h2
var_ch_c0949_d0h4
var_ch_c0949_d1h0
var_cd_c0949_1
var_ch_c0949_d1h4
var_cd_c0949_4
var_ch_c0949_d4h3
var_cd_c0951_0
var_ch_c0951_d0h2
var_cd_c0951_1
var_ch_c0951_d1h2
var_cd_c0951_2
var_ch_c0951_d2h1
var_ch_c0951_d2h2
var_ch_c0951_d2h3
var_ch_c0951_d2h4
var_cd_c0951_4
var_ch_c0951_d4h3
var_ch_c0961_d0h0
var_cd_c0961_0
var_ch_c0961_d0h3
var_ch_c0961_d0h4
var_ch_c0961_d1h0
var_cd_c0961_1
var_ch_c0961_d1h1
var_cd_c0961_4
var_ch_c0961_d4h2
var_ch_c0961_d4h3
var_ch_c0965_d0h0
var_cd_c0965_0
var_ch_c0965_d0h1
var_ch_c0965_d0h4
var_cd_c0965_1
var_ch_c0965_d1h2
var_ch_c0965_d1h4
var_cd_c0965_3
var_ch_c0965_d3h1
var_cd_c0965_4
var_ch_c0965_d4h3
var_cd_c1009_0
var_ch_c1009_d0h2
var_ch_c1009_d0h3
var_ch_c1009_d1h0
var_cd_c1009_1
var_cd_c1013_1
var_ch_c1013_d1h3
var_cd_c1013_2
var_ch_c1013_d2h3
var_cd_c1013_3
var_ch_c1013_d3h1
var_ch_c1023_d1h0
var_cd_c1023_1
var_cd_c1023_2
var_ch_c1023_d2h3
var_ch_c1023_d4h0
var_cd_c1023_4
var_cd_c1027_0
var_ch_c1027_d0h1
var_cd_c1027_2
var_ch_c1027_d2h1
var_cd_c1027_3
var_ch_c1027_d3h4
var_cd_c1027_4
var_ch_c1027_d4h3
var_ch_c1027_d4h4
var_cd_c1028_0
var_ch_c1028_d0h2
var_cd_c1028_2
var_ch_c1028_d2h2
var_cd_c1028_3
var_ch_c1028_d3h3
var_cd_c1031_0
var_ch_c1031_d0h1
var_ch_c1031_d2h0
var_cd_c1031_2
var_ch_c1031_d2h1
var_ch_c1031_d3h0
var_cd_c1031_3
var_ch_c1031_d4h0
var_cd_c1031_4
var_ch_c1032_d0h0
var_cd_c1032_0
var_cd_c1032_3
var_ch_c1032_d3h1
var_cd_c1032_4
var_ch_c1032_d4h1
var_ch_c1033_d0h0
var_cd_c1033_0
var_ch_c1033_d1h0
var_cd_c1033_1
var_ch_c1033_d2h0
var_cd_c1033_2
var_ch_c1033_d3h0
var_cd_c1033_3
var_ch_c1033_d4h0
var_cd_c1033_4
var_cd_c1034_0
var_ch_c1034_d0h1
var_cd_c1034_1
var_ch_c1034_d1h1
var_cd_c1034_2
var_ch_c1034_d2h1
var_cd_c1042_0
var_ch_c1042_d0h4
var_cd_c1042_1
var_ch_c1042_d1h2
var_cd_c1042_4
var_ch_c1042_d4h3
var_cd_c1057_1
var_ch_c1057_d1h4
var_cd_c1057_2
var_ch_c1057_d2h2
var_cd_c1057_4
var_ch_c1057_d4h1
var_ch_c1067_d2h0
var_cd_c1067_2
var_cd_c1067_3
var_ch_c1067_d3h4
var_cd_c1067_4
var_ch_c1067_d4h1
var_cd_c1068_1
var_ch_c1068_d1h2
var_cd_c1068_2
var_ch_c1068_d2h3
var_cd_c1068_3
var_ch_c1068_d3h2
var_cd_c1089_1
var_ch_c1089_d1h1
var_cd_c1089_2
var_ch_c1089_d2h4
var_cd_c1089_3
var_ch_c1089_d3h3
var_ch_c1089_d3h4
var_cd_c1089_4
var_ch_c1089_d4h1
var_cd_c1020_1
var_ch_c1020_d1h1
var_cd_c1020_2
var_ch_c1020_d2h3
var_ch_c1020_d4h0
var_cd_c1020_4
var_cd_c1058_1
var_ch_c1058_d1h2
var_cd_c1058_3
var_ch_c1058_d3h4
var_cd_c1058_4
var_ch_c1058_d4h1
var_kh_q000_d0h0
var_kh_q000_d0h1
var_kh_q000_d1h0
var_kh_q000_d1h1
var_kh_q000_d2h0
var_kh_q000_d2h1
var_kh_q000_d3h0
var_kh_q000_d4h0
var_kh_q001_d0h3
var_kh_q001_d0h4
var_kh_q001_d2h0
var_kh_q001_d2h1
var_kh_q001_d2h2
var_kh_q001_d3h2
var_kh_q001_d3h3
var_kh_q001_d3h4
var_kh_q001_d4h0
var_kh_q001_d4h1
var_kh_q001_d4h3
var_kh_q001_d4h4
var_kh_q002_d1h0
var_kh_q002_d1h1
var_kh_q002_d1h2
var_kh_q002_d1h3
var_kh_q002_d2h1
var_kh_q002_d2h2
var_kh_q002_d2h3
var_kh_q002_d2h4
var_kh_q002_d3h0
var_kh_q002_d3h1
var_kh_q002_d3h2
var_kh_q002_d3h3
var_kh_q002_d4h1
var_kh_q002_d4h2
var_kh_q003_d1h0
var_kh_q003_d1h1
var_kh_q003_d2h3
var_kh_q003_d2h4
var_kh_q003_d3h3
var_kh_q003_d3h4
var_kh_q003_d4h0
var_kh_q003_d4h1
var_kh_q004_d0h2
var_kh_q004_d0h3
var_kh_q004_d1h1
var_kh_q004_d1h2
var_kh_q004_d2h0
var_kh_q004_d2h1
var_kh_q004_d2h2
var_kh_q004_d3h2
var_kh_q004_d3h3
var_kh_q005_d0h2
var_kh_q005_d0h3
var_kh_q005_d0h4
var_kh_q005_d1h1
var_kh_q005_d1h2
var_kh_q005_d1h3
var_kh_q005_d2h0
var_kh_q005_d2h1
var_kh_q005_d2h2
var_kh_q005_d3h1
var_kh_q005_d3h2
var_kh_q005_d3h3
var_kh_q006_d0h1
var_kh_q006_d0h2
var_kh_q006_d0h3
var_kh_q006_d1h0
var_kh_q006_d1h1
var_kh_q006_d1h2
var_kh_q006_d2h0
var_kh_q006_d2h1
var_kh_q006_d2h2
var_kh_q006_d2h3
var_kh_q006_d3h2
var_kh_q006_d3h3
var_kh_q007_d0h2
var_kh_q007_d0h3
var_kh_q007_d0h4
var_kh_q007_d1h1
var_kh_q007_d1h2
var_kh_q007_d1h3
var_kh_q007_d1h4
var_kh_q007_d2h1
var_kh_q007_d2h2
var_kh_q007_d2h3
var_kh_q007_d2h4
var_kh_q007_d3h1
var_kh_q007_d3h2
var_kh_q007_d4h0
var_kh_q007_d4h1
var_kh_q008_d0h1
var_kh_q008_d0h2
var_kh_q008_d0h3
var_kh_q008_d1h0
var_kh_q008_d1h1
var_kh_q008_d1h2
var_kh_q008_d1h3
var_kh_q008_d1h4
var_kh_q008_d2h3
var_kh_q008_d2h4
var_kh_q008_d3h2
var_kh_q008_d3h3
var_kh_q008_d3h4
var_kh_q008_d4h2
var_kh_q008_d4h3
var_kh_q009_d0h3
var_kh_q009_d0h4
var_kh_q009_d1h0
var_kh_q009_d1h1
var_kh_q009_d1h2
var_kh_q009_d1h3
var_kh_q009_d1h4
var_kh_q009_d2h2
var_kh_q009_d2h3
var_kh_q009_d3h0
var_kh_q009_d3h1
var_kh_q009_d4h0
var_kh_q009_d4h1
var_kh_q009_d4h2
var_kh_q009_d4h3
var_kh_q010_d0h1
var_kh_q010_d0h2
var_kh_q010_d2h1
var_kh_q010_d2h2
var_kh_q010_d3h3
var_kh_q010_d3h4
var_kh_q010_d4h3
var_kh_q010_d4h4
var_kh_q011_d0h0
var_kh_q011_d0h1
var_kh_q011_d0h2
var_kh_q011_d0h3
var_kh_q011_d1h0
var_kh_q011_d1h1
var_kh_q011_d1h2
var_kh_q011_d1h3
var_kh_q011_d2h3
var_kh_q011_d2h4
var_kh_q011_d3h0
var_kh_q011_d3h1
var_kh_q012_d1h2
var_kh_q012_d1h3
var_kh_q012_d2h2
var_kh_q012_d2h3
var_kh_q012_d3h1
var_kh_q012_d3h2
var_kh_q012_d3h3
var_kh_q012_d3h4
var_kh_q012_d4h0
var_kh_q012_d4h1
var_kh_q012_d4h2
var_kh_q012_d4h3
var_kh_q013_d1h0
var_kh_q013_d1h1
var_kh_q013_d1h2
var_kh_q013_d2h1
var_kh_q013_d2h2
var_kh_q013_d3h2
var_kh_q013_d3h3
var_kh_q013_d3h4
var_kh_q013_d4h0
var_kh_q013_d4h1
var_kh_q013_d4h2
var_kh_q013_d4h3
var_kh_q014_d1h2
var_kh_q014_d1h3
var_kh_q014_d2h2
var_kh_q014_d2h3
var_kh_q014_d3h1
var_kh_q014_d3h2
var_kh_q014_d3h3
var_kh_q014_d3h4
var_kh_q014_d4h0
var_kh_q014_d4h1
var_kh_q014_d4h2
var_kh_q014_d4h3
var_kh_q017_d0h3
var_kh_q017_d0h4
var_kh_q017_d1h2
var_kh_q017_d1h3
var_kh_q017_d2h0
var_kh_q017_d2h1
var_kh_q017_d2h2
var_kh_q017_d2h3
var_kh_q017_d3h2
var_kh_q017_d3h3
var_kh_q017_d4h1
var_kh_q017_d4h2
var_kh_q018_d0h3
var_kh_q018_d0h4
var_kh_q018_d1h2
var_kh_q018_d1h3
var_kh_q018_d1h4
var_kh_q018_d2h0
var_kh_q018_d2h1
var_kh_q018_d2h2
var_kh_q018_d2h3
var_kh_q018_d3h2
var_kh_q018_d3h3
var_kh_q018_d4h0
var_kh_q018_d4h1
var_kh_q018_d4h2
var_kh_q018_d4h3
var_kh_q019_d0h2
var_kh_q019_d0h3
var_kh_q019_d0h4
var_kh_q019_d1h1
var_kh_q019_d1h2
var_kh_q019_d1h3
var_kh_q019_d1h4
var_kh_q019_d3h1
var_kh_q019_d3h2
var_kh_q019_d4h1
var_kh_q019_d4h2
var_kh_q019_d4h3
var_kh_q020_d0h1
var_kh_q020_d0h2
var_kh_q020_d1h0
var_kh_q020_d1h1
var_kh_q020_d1h2
var_kh_q020_d1h3
var_kh_q020_d2h3
var_kh_q020_d2h4
var_kh_q020_d3h1
var_kh_q020_d3h2
var_kh_q020_d4h1
var_kh_q020_d4h2
var_kh_q021_d0h1
var_kh_q021_d0h2
var_kh_q021_d1h0
var_kh_q021_d1h1
var_kh_q021_d1h2
var_kh_q021_d1h3
var_kh_q021_d2h3
var_kh_q021_d2h4
var_kh_q021_d3h1
var_kh_q021_d3h2
var_kh_q021_d4h1
var_kh_q021_d4h2
var_kh_q022_d0h0
var_kh_q022_d0h1
var_kh_q022_d2h0
var_kh_q022_d2h1
var_kh_q022_d3h0
var_kh_q022_d3h1
var_kh_q022_d4h0
var_kh_q022_d4h1
var_kh_q023_d0h2
var_kh_q023_d0h3
var_kh_q023_d0h4
var_kh_q023_d1h3
var_kh_q023_d1h4
var_kh_q023_d2h0
var_kh_q023_d2h1
var_kh_q023_d2h2
var_kh_q023_d3h3
var_kh_q023_d3h4
var_kh_q023_d4h3
var_kh_q023_d4h4
var_kh_q024_d0h1
var_kh_q024_d0h2
var_kh_q024_d1h3
var_kh_q024_d1h4
var_kh_q024_d2h1
var_kh_q024_d2h2
var_kh_q024_d2h3
var_kh_q024_d2h4
var_kh_q024_d3h0
var_kh_q024_d3h1
var_kh_q024_d3h2
var_kh_q024_d4h2
var_kh_q024_d4h3
var_kh_q024_d4h4
var_kh_q025_d0h1
var_kh_q025_d0h2
var_kh_q025_d0h3
var_kh_q025_d1h2
var_kh_q025_d1h3
var_kh_q025_d1h4
var_kh_q025_d2h1
var_kh_q025_d2h2
var_kh_q025_d2h3
var_kh_q025_d2h4
var_kh_q025_d3h0
var_kh_q025_d3h1
var_kh_q025_d4h2
var_kh_q025_d4h3
var_kh_q026_d0h1
var_kh_q026_d0h2
var_kh_q026_d0h3
var_kh_q026_d1h2
var_kh_q026_d1h3
var_kh_q026_d1h4
var_kh_q026_d2h1
var_kh_q026_d2h2
var_kh_q026_d2h3
var_kh_q026_d2h4
var_kh_q026_d3h0
var_kh_q026_d3h1
var_kh_q026_d4h2
var_kh_q026_d4h3
var_kh_q027_d0h0
var_kh_q027_d0h1
var_kh_q027_d0h2
var_kh_q027_d0h3
var_kh_q027_d0h4
var_kh_q027_d1h0
var_kh_q027_d1h1
var_kh_q027_d1h3
var_kh_q027_d1h4
var_kh_q027_d2h3
var_kh_q027_d2h4
var_kh_q027_d4h2
var_kh_q027_d4h3
var_kh_q028_d0h1
var_kh_q028_d0h2
var_kh_q028_d1h3
var_kh_q028_d1h4
var_kh_q028_d2h3
var_kh_q028_d2h4
var_kh_q030_d0h2
var_kh_q030_d0h3
var_kh_q030_d1h1
var_kh_q030_d1h2
var_kh_q030_d1h3
var_kh_q030_d2h1
var_kh_q030_d2h2
var_kh_q030_d2h3
var_kh_q030_d2h4
var_kh_q030_d3h2
var_kh_q030_d3h3
var_kh_q030_d3h4
var_kh_q030_d4h1
var_kh_q030_d4h2
var_kh_q030_d4h3
var_kh_q030_d4h4
var_kh_q031_d0h0
var_kh_q031_d0h1
var_kh_q031_d0h3
var_kh_q031_d0h4
var_kh_q031_d1h1
var_kh_q031_d1h2
var_kh_q031_d1h3
var_kh_q031_d1h4
var_kh_q031_d3h1
var_kh_q031_d3h2
var_kh_q031_d3h3
var_kh_q031_d3h4
var_kh_q031_d4h1
var_kh_q031_d4h2
var_kh_q031_d4h3
var_kh_q031_d4h4
var_kh_q032_d1h3
var_kh_q032_d1h4
var_kh_q032_d3h3
var_kh_q032_d3h4
var_kh_q032_d4h0
var_kh_q032_d4h1
var_kh_q032_d4h2
var_kh_q032_d4h3
var_kh_q032_d4h4
var_kh_q033_d0h0
var_kh_q033_d0h1
var_kh_q033_d0h2
var_kh_q033_d0h3
var_kh_q033_d0h4
var_kh_q033_d1h0
var_kh_q033_d1h1
var_kh_q033_d1h3
var_kh_q033_d1h4
var_kh_q033_d3h2
var_kh_q033_d3h3
var_kh_q033_d3h4
var_kh_q033_d4h1
var_kh_q033_d4h2
var_kh_q033_d4h3
var_kh_q033_d4h4
var_kh_q034_d0h2
var_kh_q034_d0h3
var_kh_q034_d0h4
var_kh_q034_d1h0
var_kh_q034_d1h1
var_kh_q034_d1h2
var_kh_q034_d4h1
var_kh_q034_d4h2
var_kh_q034_d4h3
var_kh_q035_d0h2
var_kh_q035_d0h3
var_kh_q035_d1h0
var_kh_q035_d1h1
var_kh_q035_d4h1
var_kh_q035_d4h2
var_kh_q038_d0h0
var_kh_q038_d0h1
var_kh_q038_d1h1
var_kh_q038_d1h2
var_kh_q038_d1h3
var_kh_q038_d2h3
var_kh_q038_d2h4
var_kh_q038_d3h0
var_kh_q038_d3h1
var_kh_q039_d0h1
var_kh_q039_d0h2
var_kh_q039_d1h3
var_kh_q039_d1h4
var_kh_q039_d2h2
var_kh_q039_d2h3
var_kh_q039_d2h4
var_kh_q039_d3h1
var_kh_q039_d3h2
var_kh_q039_d4h2
var_kh_q039_d4h3
var_kh_q039_d4h4
var_kh_q040_d0h1
var_kh_q040_d0h2
var_kh_q040_d1h2
var_kh_q040_d1h3
var_kh_q040_d1h4
var_kh_q040_d2h3
var_kh_q040_d2h4
var_kh_q040_d3h1
var_kh_q040_d3h2
var_kh_q040_d4h0
var_kh_q040_d4h2
var_kh_q040_d4h3
var_kh_q041_d0h1
var_kh_q041_d0h2
var_kh_q041_d1h3
var_kh_q041_d1h4
var_kh_q041_d2h2
var_kh_q041_d2h3
var_kh_q041_d2h4
var_kh_q041_d3h0
var_kh_q041_d3h1
var_kh_q041_d4h1
var_kh_q041_d4h2
var_kh_q041_d4h3
var_kh_q042_d0h2
var_kh_q042_d0h3
var_kh_q042_d0h4
var_kh_q042_d1h0
var_kh_q042_d1h1
var_kh_q042_d1h2
var_kh_q042_d2h0
var_kh_q042_d2h1
var_kh_q042_d3h1
var_kh_q042_d3h2
var_kh_q042_d4h0
var_kh_q042_d4h2
var_kh_q043_d0h2
var_kh_q043_d0h3
var_kh_q043_d0h4
var_kh_q043_d1h0
var_kh_q043_d1h1
var_kh_q043_d2h0
var_kh_q043_d2h1
var_kh_q043_d2h2
var_kh_q043_d3h0
var_kh_q043_d3h1
var_kh_q043_d4h1
var_kh_q043_d4h2
var_kh_q044_d0h3
var_kh_q044_d0h4
var_kh_q044_d1h0
var_kh_q044_d1h1
var_kh_q044_d1h2
var_kh_q044_d1h3
var_kh_q044_d2h0
var_kh_q044_d2h1
var_kh_q044_d2h2
var_kh_q044_d2h3
var_kh_q044_d3h1
var_kh_q044_d3h2
var_kh_q045_d0h3
var_kh_q045_d0h4
var_kh_q045_d1h0
var_kh_q045_d1h1
var_kh_q045_d1h2
var_kh_q045_d1h3
var_kh_q045_d2h0
var_kh_q045_d2h1
var_kh_q045_d2h2
var_kh_q045_d2h3
var_kh_q045_d3h1
var_kh_q045_d3h2
var_kh_q046_d1h0
var_kh_q046_d1h1
var_kh_q046_d1h3
var_kh_q046_d1h4
var_kh_q046_d2h1
var_kh_q046_d2h2
var_kh_q046_d2h3
var_kh_q046_d2h4
var_kh_q046_d3h3
var_kh_q046_d3h4
var_kh_q046_d4h1
var_kh_q046_d4h2
var_kh_q047_d1h2
var_kh_q047_d1h3
var_kh_q047_d2h2
var_kh_q047_d2h3
var_kh_q047_d3h2
var_kh_q047_d3h3
var_kh_q047_d3h4
var_kh_q047_d4h0
var_kh_q047_d4h1
var_kh_q048_d1h2
var_kh_q048_d1h3
var_kh_q048_d2h2
var_kh_q048_d2h3
var_kh_q048_d3h2
var_kh_q048_d3h3
var_kh_q048_d3h4
var_kh_q048_d4h1
var_kh_q048_d4h2
var_kh_q049_d0h2
var_kh_q049_d0h3
var_kh_q049_d1h3
var_kh_q049_d1h4
var_kh_q049_d2h1
var_kh_q049_d2h2
var_kh_q049_d2h3
var_kh_q049_d2h4
var_kh_q049_d3h0
var_kh_q049_d3h1
var_kh_q049_d3h2
var_kh_q049_d3h3
var_kh_q049_d3h4
var_kh_q049_d4h1
var_kh_q049_d4h2
var_kh_q050_d0h0
var_kh_q050_d0h1
var_kh_q050_d0h3
var_kh_q050_d0h4
var_kh_q050_d1h0
var_kh_q050_d1h1
var_kh_q050_d1h2
var_kh_q050_d1h3
var_kh_q050_d1h4
var_kh_q050_d2h2
var_kh_q050_d2h3
var_kh_q050_d3h0
var_kh_q050_d3h1
var_kh_q050_d4h3
var_kh_q050_d4h4
var_kh_q051_d0h0
var_kh_q051_d0h1
var_kh_q051_d0h3
var_kh_q051_d0h4
var_kh_q051_d1h0
var_kh_q051_d1h1
var_kh_q051_d1h2
var_kh_q051_d1h3
var_kh_q051_d1h4
var_kh_q051_d2h1
var_kh_q051_d2h2
var_kh_q051_d2h3
var_kh_q051_d3h1
var_kh_q051_d3h2
var_kh_q051_d3h3
var_kh_q051_d4h2
var_kh_q051_d4h3
var_kh_q051_d4h4
var_kh_q052_d0h1
var_kh_q052_d0h2
var_kh_q052_d0h3
var_kh_q052_d1h0
var_kh_q052_d1h1
var_kh_q052_d1h2
var_kh_q052_d1h3
var_kh_q052_d1h4
var_kh_q052_d2h1
var_kh_q052_d2h2
var_kh_q052_d2h3
var_kh_q052_d2h4
var_kh_q052_d3h0
var_kh_q052_d3h1
var_kh_q052_d3h2
var_kh_q053_d0h2
var_kh_q053_d0h3
var_kh_q053_d0h4
var_kh_q053_d1h0
var_kh_q053_d1h1
var_kh_q053_d1h2
var_kh_q053_d1h3
var_kh_q053_d2h1
var_kh_q053_d2h2
var_kh_q053_d3h0
var_kh_q053_d3h1
var_kh_q053_d3h2
var_kh_q054_d0h2
var_kh_q054_d0h3
var_kh_q054_d0h4
var_kh_q054_d1h1
var_kh_q054_d1h2
var_kh_q054_d1h3
var_kh_q054_d1h4
var_kh_q054_d2h1
var_kh_q054_d2h2
var_kh_q054_d3h0
var_kh_q054_d3h1
var_kh_q054_d3h2
var_kh_q055_d0h1
var_kh_q055_d0h2
var_kh_q055_d0h3
var_kh_q055_d0h4
var_kh_q055_d1h0
var_kh_q055_d1h1
var_kh_q055_d1h2
var_kh_q055_d1h3
var_kh_q055_d2h2
var_kh_q055_d2h3
var_kh_q055_d3h0
var_kh_q055_d3h1
var_kh_q056_d0h1
var_kh_q056_d0h2
var_kh_q056_d0h3
var_kh_q056_d0h4
var_kh_q056_d1h0
var_kh_q056_d1h1
var_kh_q056_d1h2
var_kh_q056_d1h3
var_kh_q056_d2h2
var_kh_q056_d2h3
var_kh_q056_d3h0
var_kh_q056_d3h1
var_kh_q057_d1h0
var_kh_q057_d1h1
var_kh_q057_d1h2
var_kh_q057_d1h3
var_kh_q057_d2h1
var_kh_q057_d2h2
var_kh_q057_d2h3
var_kh_q057_d3h0
var_kh_q057_d3h1
var_kh_q057_d3h2
var_kh_q057_d4h0
var_kh_q057_d4h1
var_kh_q058_d1h2
var_kh_q058_d1h3
var_kh_q058_d1h4
var_kh_q058_d2h2
var_kh_q058_d2h3
var_kh_q058_d2h4
var_kh_q058_d3h0
var_kh_q058_d3h1
var_kh_q058_d3h2
var_kh_q058_d4h0
var_kh_q058_d4h1
var_kh_q058_d4h2
var_kh_q059_d1h0
var_kh_q059_d1h1
var_kh_q059_d1h2
var_kh_q059_d2h1
var_kh_q059_d2h2
var_kh_q059_d3h0
var_kh_q059_d3h2
var_kh_q059_d4h0
var_kh_q059_d4h1
var_kh_q060_d1h2
var_kh_q060_d1h3
var_kh_q060_d2h3
var_kh_q060_d2h4
var_kh_q060_d3h2
var_kh_q060_d3h3
var_kh_q061_d1h2
var_kh_q061_d1h3
var_kh_q061_d2h0
var_kh_q061_d2h1
var_kh_q061_d2h3
var_kh_q061_d2h4
var_kh_q061_d3h1
var_kh_q061_d3h2
var_kh_q061_d3h3
var_kh_q061_d3h4
var_kh_q061_d4h1
var_kh_q061_d4h2
var_kh_q062_d1h2
var_kh_q062_d1h3
var_kh_q062_d1h4
var_kh_q062_d2h2
var_kh_q062_d2h3
var_kh_q062_d2h4
var_kh_q062_d3h1
var_kh_q062_d3h2
var_kh_q062_d3h3
var_kh_q063_d0h3
var_kh_q063_d0h4
var_kh_q063_d1h0
var_kh_q063_d1h1
var_kh_q063_d2h0
var_kh_q063_d2h1
var_kh_q063_d4h1
var_kh_q063_d4h2
var_kh_q063_d4h3
var_kh_q064_d0h3
var_kh_q064_d0h4
var_kh_q064_d1h1
var_kh_q064_d1h2
var_kh_q064_d2h1
var_kh_q064_d2h2
var_kh_q064_d4h1
var_kh_q064_d4h2
var_kh_q064_d4h3
var_kh_q065_d0h3
var_kh_q065_d1h3
var_kh_q065_d1h4
var_kh_q065_d2h2
var_kh_q065_d2h3
var_kh_q065_d3h0
var_kh_q065_d3h1
var_kh_q065_d4h2
var_kh_q066_d0h2
var_kh_q066_d0h3
var_kh_q066_d1h2
var_kh_q066_d1h3
var_kh_q066_d1h4
var_kh_q066_d2h2
var_kh_q066_d2h3
var_kh_q066_d3h0
var_kh_q066_d3h1
var_kh_q066_d4h1
var_kh_q066_d4h2
var_kh_q067_d0h3
var_kh_q067_d0h4
var_kh_q067_d1h3
var_kh_q067_d1h4
var_kh_q067_d2h2
var_kh_q067_d2h3
var_kh_q067_d3h0
var_kh_q067_d4h2
var_kh_q068_d0h1
var_kh_q068_d0h2
var_kh_q068_d1h1
var_kh_q068_d1h2
var_kh_q068_d1h3
var_kh_q068_d1h4
var_kh_q068_d2h1
var_kh_q068_d2h2
var_kh_q068_d2h3
var_kh_q068_d2h4
var_kh_q068_d3h0
var_kh_q068_d3h1
var_kh_q068_d3h2
var_kh_q068_d4h0
var_kh_q068_d4h1
var_kh_q069_d0h0
var_kh_q069_d0h1
var_kh_q069_d1h0
var_kh_q069_d1h1
var_kh_q069_d1h2
var_kh_q069_d1h3
var_kh_q069_d1h4
var_kh_q069_d2h1
var_kh_q069_d2h2
var_kh_q069_d2h3
var_kh_q069_d3h0
var_kh_q069_d3h1
var_kh_q069_d3h2
var_kh_q069_d4h3
var_kh_q069_d4h4
var_kh_q070_d0h0
var_kh_q070_d0h1
var_kh_q070_d1h0
var_kh_q070_d1h1
var_kh_q070_d1h2
var_kh_q070_d1h3
var_kh_q070_d2h2
var_kh_q070_d2h3
var_kh_q070_d3h0
var_kh_q070_d3h1
var_kh_q070_d4h3
var_kh_q070_d4h4
var_kh_q071_d0h2
var_kh_q071_d0h3
var_kh_q071_d1h2
var_kh_q071_d1h3
var_kh_q071_d2h3
var_kh_q071_d2h4
var_kh_q071_d3h0
var_kh_q071_d3h1
var_kh_q071_d3h2
var_kh_q071_d3h3
var_kh_q071_d4h1
var_kh_q071_d4h2
var_kh_q072_d0h2
var_kh_q072_d0h3
var_kh_q072_d1h0
var_kh_q072_d1h1
var_kh_q072_d1h2
var_kh_q072_d1h3
var_kh_q072_d2h2
var_kh_q072_d2h3
var_kh_q072_d2h4
var_kh_q072_d3h1
var_kh_q072_d3h2
var_kh_q072_d3h3
var_kh_q072_d4h0
var_kh_q072_d4h1
var_kh_q072_d4h2
var_kh_q073_d0h2
var_kh_q073_d0h3
var_kh_q073_d1h0
var_kh_q073_d1h1
var_kh_q073_d1h2
var_kh_q073_d2h2
var_kh_q073_d2h3
var_kh_q073_d3h1
var_kh_q073_d3h2
var_kh_q073_d4h0
var_kh_q073_d4h1
var_kh_q073_d4h2
var_kh_q074_d0h3
var_kh_q074_d0h4
var_kh_q074_d1h0
var_kh_q074_d1h1
var_kh_q074_d1h3
var_kh_q074_d1h4
var_kh_q074_d2h0
var_kh_q074_d2h1
var_kh_q074_d2h2
var_kh_q074_d2h3
var_kh_q074_d3h0
var_kh_q074_d3h1
var_kh_q074_d3h3
var_kh_q074_d3h4
var_kh_q074_d4h0
var_kh_q074_d4h1
var_kh_q074_d4h2
var_kh_q074_d4h3
var_kh_q074_d4h4
var_kh_q075_d0h2
var_kh_q075_d0h3
var_kh_q075_d0h4
var_kh_q075_d1h0
var_kh_q075_d1h1
var_kh_q075_d1h3
var_kh_q075_d1h4
var_kh_q075_d2h0
var_kh_q075_d2h1
var_kh_q075_d2h3
var_kh_q075_d2h4
var_kh_q075_d3h1
var_kh_q075_d3h2
var_kh_q075_d3h3
var_kh_q075_d4h0
var_kh_q075_d4h1
var_cr_c0011_r25
var_cr_c0073_r25
var_cr_c0803_r25
var_cr_c1068_r25
var_cr_c0006_r36
var_cr_c0027_r36
var_cr_c0718_r36
var_cr_c0855_r36
var_cr_c0091_r37
var_cr_c0824_r37
var_cr_c0839_r37
var_cr_c0852_r37
var_cr_c0965_r37
var_cr_c0793_r38
var_cr_c0823_r38
var_cr_c0836_r38
var_cr_c0951_r38
var_cr_c0026_r34
var_cr_c0080_r34
var_cr_c0417_r34
var_cr_c0840_r34
var_cr_c1020_r34
var_cr_c0247_r27
var_cr_c0422_r27
var_cr_c0427_r27
var_cr_c0440_r27
var_cr_c0816_r27
var_cr_c1058_r27
var_cr_c0050_r51
var_cr_c0446_r51
var_cr_c0450_r51
var_cr_c0524_r51
var_cr_c0519_r51
var_cr_c0821_r51
var_cr_c0105_rB
var_cr_c0189_rB
var_cr_c0220_rB
var_cr_c0899_rB
var_cr_c0935_rB
var_cr_c0101_rD
var_cr_c0215_rD
var_cr_c0228_rD
var_cr_c0896_rD
var_cr_c1028_rD
var_cr_c1033_rD
var_cr_c0059_rF
var_cr_c0128_rF
var_cr_c0142_rF
var_cr_c0180_rF
var_cr_c0199_rF
var_cr_c0881_rF
var_cr_c1023_rF
var_cr_c0064_rG
var_cr_c0154_rG
var_cr_c0212_rG
var_cr_c1032_rG
var_cr_c1034_rG
var_cr_c1042_rG
var_cr_c0046_rA
var_cr_c0099_rA
var_cr_c0536_rA
var_cr_c1009_rA
var_cr_c1031_rA
var_cr_c1089_rA
var_cr_c0109_rL
var_cr_c0137_rL
var_cr_c0143_rL
var_cr_c0216_rL
var_cr_c0261_rL
var_cr_c1027_rL
var_cr_c0202_r50
var_cr_c0462_r50
var_cr_c0513_r50
var_cr_c0516_r50
var_cr_c0533_r50
var_cr_c0281_r52
var_cr_c0442_r52
var_cr_c0484_r52
var_cr_c0600_r52
var_cr_c0949_r52
var_cr_c0474_rEr1
var_cr_c0961_rEr1
var_cr_c1013_rEr1
var_cr_c1057_rEr1
var_cr_c0085_rEr2
var_cr_c0231_rEr2
var_cr_c0452_rEr2
var_cr_c0463_rEr2
var_cr_c0826_rEr2
var_cr_c0051_rDS1
var_cr_c0097_rDS1
var_cr_c0184_rDS1
var_cr_c0185_rDS1
var_cr_c0200_rDS1
var_cr_c0429_rDS1
var_cr_c0841_rDS1
var_cr_c0848_rDS1
var_cr_c0018_rDS2
var_cr_c0243_rDS2
var_cr_c0439_rDS2
var_cr_c0495_rDS2
var_cr_c0846_rDS2
var_cr_c1067_rDS2
var_cr_c0433_rN
var_cr_c0806_rN
var_cr_c0820_rN
var_cr_c0830_rN
var_cr_c0857_rN
