itc2007/comp20.ctt SAT 151.63434082 4
var_ch_c0007_d1h0
var_cd_c0007_1
var_cd_c0007_2
var_ch_c0007_d2h3
var_cd_c0007_3
var_ch_c0007_d3h2
var_cd_c0009_1
var_ch_c0009_d1h2
var_cd_c0009_2
var_ch_c0009_d2h2
var_cd_c0009_4
var_ch_c0009_d4h2
var_cd_c0015_1
var_ch_c0015_d1h4
var_ch_c0015_d2h0
var_cd_c0015_2
var_ch_c0015_d4h0
var_cd_c0015_4
var_cd_c0019_1
var_ch_c0019_d1h3
var_cd_c0019_3
var_ch_c0019_d3h3
var_cd_c0019_4
var_ch_c0019_d4h3
var_cd_c0020_0
var_ch_c0020_d0h2
var_cd_c0020_3
var_ch_c0020_d3h4
var_cd_c0020_4
var_ch_c0020_d4h2
var_cd_c0023_1
var_ch_c0023_d1h1
var_cd_c0023_2
var_ch_c0023_d2h1
var_cd_c0023_3
var_ch_c0023_d3h4
var_cd_c0024_0
var_ch_c0024_d0h3
var_cd_c0024_2
var_ch_c0024_d2h1
var_cd_c0024_4
var_ch_c0024_d4h1
var_cd_c0044_1
var_ch_c0044_d1h1
var_cd_c0044_2
var_ch_c0044_d2h3
var_ch_c0044_d3h0
var_cd_c0044_3
var_cd_c0047_1
var_ch_c0047_d1h3
var_cd_c0047_3
var_ch_c0047_d3h3
var_cd_c0047_4
var_ch_c0047_d4h3
var_cd_c0049_1
var_ch_c0049_d1h1
var_cd_c0049_2
var_ch_c0049_d2h1
var_cd_c0049_3
var_ch_c0049_d3h1
var_ch_c0056_d1h0
var_cd_c0056_1
var_cd_c0056_3
var_ch_c0056_d3h1
var_cd_c0056_4
var_ch_c0056_d4h1
var_cd_c0058_0
var_ch_c0058_d0h3
var_cd_c0058_1
var_ch_c0058_d1h4
var_cd_c0058_4
var_ch_c0058_d4h2
var_cd_c0061_0
var_ch_c0061_d0h1
var_cd_c0061_1
var_ch_c0061_d1h3
var_cd_c0061_3
var_ch_c0061_d3h2
var_cd_c0062_0
var_ch_c0062_d0h2
var_cd_c0062_1
var_ch_c0062_d1h2
var_cd_c0062_2
var_ch_c0062_d2h2
var_cd_c0069_2
var_ch_c0069_d2h2
var_cd_c0069_3
var_ch_c0069_d3h2
var_ch_c0069_d4h0
var_cd_c0069_4
var_cd_c0072_0
var_ch_c0072_d0h3
var_ch_c0072_d0h4
var_ch_c0072_d1h0
var_cd_c0072_1
var_cd_c0074_2
var_ch_c0074_d2h3
var_cd_c0074_4
var_ch_c0074_d4h3
var_ch_c0074_d4h4
var_cd_c0095_0
var_ch_c0095_d0h2
var_cd_c0095_1
var_ch_c0095_d1h2
var_cd_c0095_2
var_ch_c0095_d2h3
var_ch_c0103_d0h0
var_cd_c0103_0
var_cd_c0103_1
var_ch_c0103_d1h4
var_ch_c0103_d2h0
var_cd_c0103_2
var_ch_c0106_d0h0
var_cd_c0106_0
var_ch_c0106_d1h0
var_cd_c0106_1
var_cd_c0106_4
var_ch_c0106_d4h2
var_cd_c0108_0
var_ch_c0108_d0h4
var_cd_c0108_1
var_ch_c0108_d1h3
var_cd_c0108_4
var_ch_c0108_d4h3
var_cd_c0110_0
var_ch_c0110_d0h1
var_cd_c0110_1
var_ch_c0110_d1h3
var_cd_c0110_4
var_ch_c0110_d4h4
var_cd_c0113_1
var_ch_c0113_d1h1
var_cd_c0113_2
var_ch_c0113_d2h1
var_ch_c0113_d3h0
var_cd_c0113_3
var_cd_c0115_1
var_ch_c0115_d1h1
var_cd_c0115_2
var_ch_c0115_d2h1
var_cd_c0115_3
var_ch_c0115_d3h1
var_cd_c0118_0
var_ch_c0118_d0h1
var_cd_c0118_2
var_ch_c0118_d2h2
var_cd_c0118_4
var_ch_c0118_d4h1
var_cd_c0127_0
var_ch_c0127_d0h3
var_cd_c0127_2
var_ch_c0127_d2h2
var_cd_c0127_4
var_ch_c0127_d4h2
var_cd_c0129_2
var_ch_c0129_d2h1
var_cd_c0129_3
var_ch_c0129_d3h4
var_cd_c0129_4
var_ch_c0129_d4h1
var_ch_c0131_d0h0
var_cd_c0131_0
var_ch_c0131_d0h4
var_cd_c0131_3
var_ch_c0131_d3h3
var_cd_c0132_0
var_ch_c0132_d0h1
var_ch_c0132_d0h3
var_cd_c0132_1
var_ch_c0132_d1h3
var_ch_c0133_d0h0
var_cd_c0133_0
var_cd_c0133_2
var_ch_c0133_d2h4
var_cd_c0133_3
var_ch_c0133_d3h4
var_cd_c0133_4
var_ch_c0133_d4h4
var_cd_c0152_0
var_ch_c0152_d0h3
var_ch_c0152_d2h0
var_cd_c0152_2
var_cd_c0152_4
var_ch_c0152_d4h3
var_cd_c0153_3
var_ch_c0153_d3h2
var_ch_c0153_d3h3
var_ch_c0153_d4h0
var_cd_c0153_4
var_cd_c0178_1
var_ch_c0178_d1h4
var_cd_c0178_2
var_ch_c0178_d2h1
var_cd_c0178_3
var_ch_c0178_d3h1
var_cd_c0191_2
var_ch_c0191_d2h3
var_cd_c0191_3
var_ch_c0191_d3h3
var_ch_c0191_d3h4
var_cd_c0193_1
var_ch_c0193_d1h4
var_cd_c0193_2
var_ch_c0193_d2h4
var_cd_c0193_4
var_ch_c0193_d4h3
var_ch_c0195_d0h0
var_cd_c0195_0
var_ch_c0195_d2h0
var_cd_c0195_2
var_ch_c0195_d3h0
var_cd_c0195_3
var_cd_c0201_0
var_ch_c0201_d0h2
var_cd_c0201_2
var_ch_c0201_d2h4
var_cd_c0201_3
var_ch_c0201_d3h1
var_cd_c0203_1
var_ch_c0203_d1h2
var_cd_c0203_3
var_ch_c0203_d3h3
var_ch_c0203_d4h0
var_cd_c0203_4
var_cd_c0206_0
var_ch_c0206_d0h1
var_cd_c0206_1
var_ch_c0206_d1h3
var_cd_c0206_2
var_ch_c0206_d2h2
var_cd_c0211_1
var_ch_c0211_d1h2
var_cd_c0211_2
var_ch_c0211_d2h2
var_cd_c0211_4
var_ch_c0211_d4h1
var_cd_c0213_1
var_ch_c0213_d1h1
var_ch_c0213_d2h0
var_cd_c0213_2
var_cd_c0213_4
var_ch_c0213_d4h2
var_cd_c0217_1
var_ch_c0217_d1h2
var_ch_c0217_d2h0
var_cd_c0217_2
var_ch_c0217_d4h0
var_cd_c0217_4
var_ch_c0219_d1h0
var_cd_c0219_1
var_cd_c0219_4
var_ch_c0219_d4h3
var_ch_c0219_d4h4
var_cd_c0221_0
var_ch_c0221_d0h3
var_cd_c0221_2
var_ch_c0221_d2h4
var_cd_c0221_4
var_ch_c0221_d4h4
var_cd_c0225_0
var_ch_c0225_d0h4
var_cd_c0225_2
var_ch_c0225_d2h3
var_cd_c0225_4
var_ch_c0225_d4h3
var_cd_c0230_1
var_ch_c0230_d1h3
var_cd_c0230_3
var_ch_c0230_d3h3
var_cd_c0230_4
var_ch_c0230_d4h1
var_cd_c0232_0
var_ch_c0232_d0h1
var_cd_c0232_1
var_ch_c0232_d1h3
var_cd_c0232_3
var_ch_c0232_d3h1
var_ch_c0238_d1h0
var_cd_c0238_1
var_cd_c0238_2
var_ch_c0238_d2h1
var_ch_c0238_d4h0
var_cd_c0238_4
var_cd_c0252_0
var_ch_c0252_d0h2
var_cd_c0252_1
var_ch_c0252_d1h2
var_cd_c0252_3
var_ch_c0252_d3h2
var_cd_c0253_0
var_ch_c0253_d0h1
var_cd_c0253_1
var_ch_c0253_d1h1
var_cd_c0253_3
var_ch_c0253_d3h4
var_cd_c0257_1
var_ch_c0257_d1h1
var_cd_c0257_2
var_ch_c0257_d2h3
var_cd_c0257_3
var_ch_c0257_d3h2
var_cd_c0279_0
var_ch_c0279_d0h1
var_cd_c0279_2
var_ch_c0279_d2h2
var_ch_c0279_d3h0
var_cd_c0279_3
var_cd_c0411_2
var_ch_c0411_d2h4
var_ch_c0411_d3h0
var_cd_c0411_3
var_cd_c0411_4
var_ch_c0411_d4h1
var_cd_c0412_0
var_ch_c0412_d0h3
var_cd_c0412_3
var_ch_c0412_d3h1
var_cd_c0412_4
var_ch_c0412_d4h2
var_cd_c0423_0
var_ch_c0423_d0h4
var_cd_c0423_1
var_ch_c0423_d1h3
var_cd_c0423_3
var_ch_c0423_d3h1
var_cd_c0428_1
var_ch_c0428_d1h2
var_cd_c0428_3
var_ch_c0428_d3h3
var_cd_c0428_4
var_ch_c0428_d4h3
var_cd_c0430_0
var_ch_c0430_d0h3
var_cd_c0430_2
var_ch_c0430_d2h4
var_ch_c0430_d3h0
var_cd_c0430_3
var_cd_c0432_0
var_ch_c0432_d0h2
var_cd_c0432_2
var_ch_c0432_d2h3
var_cd_c0432_4
var_ch_c0432_d4h2
var_cd_c0443_1
var_ch_c0443_d1h2
var_cd_c0443_3
var_ch_c0443_d3h3
var_cd_c0443_4
var_ch_c0443_d4h3
var_cd_c0444_1
var_ch_c0444_d1h1
var_cd_c0444_2
var_ch_c0444_d2h3
var_cd_c0444_3
var_ch_c0444_d3h2
var_cd_c0449_0
var_ch_c0449_d0h2
var_cd_c0449_1
var_ch_c0449_d1h2
var_cd_c0449_3
var_ch_c0449_d3h3
var_cd_c0455_0
var_ch_c0455_d0h2
var_cd_c0455_3
var_ch_c0455_d3h2
var_cd_c0455_4
var_ch_c0455_d4h1
var_cd_c0464_0
var_ch_c0464_d0h2
var_ch_c0464_d2h0
var_cd_c0464_2
var_cd_c0464_3
var_ch_c0464_d3h1
var_ch_c0467_d0h0
var_cd_c0467_0
var_ch_c0467_d1h0
var_cd_c0467_1
var_cd_c0467_4
var_ch_c0467_d4h2
var_cd_c0478_1
var_ch_c0478_d1h3
var_cd_c0478_2
var_ch_c0478_d2h1
var_cd_c0478_3
var_ch_c0478_d3h1
var_cd_c0479_1
var_ch_c0479_d1h2
var_cd_c0479_2
var_ch_c0479_d2h2
var_cd_c0479_3
var_ch_c0479_d3h2
var_cd_c0487_0
var_ch_c0487_d0h2
var_cd_c0487_1
var_ch_c0487_d1h3
var_cd_c0487_3
var_ch_c0487_d3h1
var_cd_c0496_0
var_ch_c0496_d0h3
var_cd_c0496_2
var_ch_c0496_d2h1
var_cd_c0496_3
var_ch_c0496_d3h2
var_cd_c0497_0
var_ch_c0497_d0h4
var_cd_c0497_1
var_ch_c0497_d1h1
var_cd_c0497_3
var_ch_c0497_d3h4
var_cd_c0503_0
var_ch_c0503_d0h3
var_cd_c0503_1
var_ch_c0503_d1h4
var_cd_c0503_4
var_ch_c0503_d4h2
var_cd_c0512_0
var_ch_c0512_d0h2
var_cd_c0512_3
var_ch_c0512_d3h1
var_cd_c0512_4
var_ch_c0512_d4h2
var_cd_c0515_0
var_ch_c0515_d0h1
var_ch_c0515_d3h0
var_cd_c0515_3
var_cd_c0515_4
var_ch_c0515_d4h1
var_cd_c0520_0
var_ch_c0520_d0h1
var_cd_c0520_1
var_ch_c0520_d1h2
var_cd_c0520_2
var_ch_c0520_d2h2
var_cd_c0526_0
var_ch_c0526_d0h2
var_cd_c0526_2
var_ch_c0526_d2h4
var_cd_c0526_3
var_ch_c0526_d3h1
var_cd_c0530_0
var_ch_c0530_d0h1
var_cd_c0530_3
var_ch_c0530_d3h3
var_cd_c0530_4
var_ch_c0530_d4h3
var_cd_c0532_0
var_ch_c0532_d0h4
var_cd_c0532_3
var_ch_c0532_d3h1
var_ch_c0532_d4h0
var_cd_c0532_4
var_ch_c0534_d1h0
var_cd_c0534_1
var_ch_c0534_d2h0
var_cd_c0534_2
var_ch_c0534_d4h0
var_cd_c0534_4
var_ch_c0535_d0h0
var_cd_c0535_0
var_cd_c0535_2
var_ch_c0535_d2h4
var_cd_c0535_4
var_ch_c0535_d4h3
var_cd_c0537_0
var_ch_c0537_d0h4
var_cd_c0537_2
var_ch_c0537_d2h1
var_cd_c0537_4
var_ch_c0537_d4h1
var_cd_c0538_0
var_ch_c0538_d0h3
var_cd_c0538_1
var_ch_c0538_d1h1
var_cd_c0538_2
var_ch_c0538_d2h3
var_cd_c0539_0
var_ch_c0539_d0h1
var_cd_c0539_1
var_ch_c0539_d1h4
var_ch_c0539_d3h0
var_cd_c0539_3
var_cd_c0554_0
var_ch_c0554_d0h3
var_cd_c0554_2
var_ch_c0554_d2h1
var_cd_c0554_3
var_ch_c0554_d3h2
var_cd_c0602_0
var_ch_c0602_d0h4
var_ch_c0602_d2h0
var_cd_c0602_2
var_cd_c0602_4
var_ch_c0602_d4h3
var_ch_c0722_d1h0
var_cd_c0722_1
var_cd_c0722_3
var_ch_c0722_d3h1
var_cd_c0722_4
var_ch_c0722_d4h3
var_cd_c0723_0
var_ch_c0723_d0h1
var_cd_c0723_2
var_ch_c0723_d2h2
var_cd_c0723_4
var_ch_c0723_d4h1
var_cd_c0725_0
var_ch_c0725_d0h4
var_cd_c0725_2
var_ch_c0725_d2h3
var_cd_c0725_3
var_ch_c0725_d3h4
var_cd_c0730_1
var_ch_c0730_d1h4
var_cd_c0730_2
var_ch_c0730_d2h1
var_cd_c0730_3
var_ch_c0730_d3h2
var_cd_c0737_1
var_ch_c0737_d1h1
var_cd_c0737_2
var_ch_c0737_d2h3
var_cd_c0737_3
var_ch_c0737_d3h3
var_cd_c0742_1
var_ch_c0742_d1h4
var_ch_c0742_d2h0
var_cd_c0742_2
var_ch_c0742_d3h0
var_cd_c0742_3
var_cd_c0746_0
var_ch_c0746_d0h4
var_cd_c0746_3
var_ch_c0746_d3h4
var_cd_c0746_4
var_ch_c0746_d4h4
var_cd_c0789_0
var_ch_c0789_d0h4
var_ch_c0789_d2h0
var_cd_c0789_2
var_ch_c0789_d4h0
var_cd_c0789_4
var_cd_c0794_0
var_ch_c0794_d0h1
var_cd_c0794_1
var_ch_c0794_d1h1
var_cd_c0794_4
var_ch_c0794_d4h1
var_cd_c0795_1
var_ch_c0795_d1h2
var_cd_c0795_2
var_ch_c0795_d2h2
var_cd_c0795_3
var_ch_c0795_d3h2
var_cd_c0804_0
var_ch_c0804_d0h4
var_cd_c0804_1
var_ch_c0804_d1h4
var_ch_c0804_d2h0
var_cd_c0804_2
var_cd_c0807_1
var_ch_c0807_d1h3
var_cd_c0807_2
var_ch_c0807_d2h2
var_ch_c0807_d4h0
var_cd_c0807_4
var_cd_c0808_0
var_ch_c0808_d0h3
var_cd_c0808_2
var_ch_c0808_d2h1
var_cd_c0808_4
var_ch_c0808_d4h1
var_cd_c0822_0
var_ch_c0822_d0h4
var_ch_c0822_d2h0
var_cd_c0822_2
var_ch_c0822_d4h0
var_cd_c0822_4
var_cd_c0835_0
var_ch_c0835_d0h3
var_cd_c0835_1
var_ch_c0835_d1h4
var_cd_c0835_3
var_ch_c0835_d3h1
var_cd_c0847_1
var_ch_c0847_d1h3
var_cd_c0847_2
var_ch_c0847_d2h2
var_cd_c0847_4
var_ch_c0847_d4h2
var_cd_c0883_0
var_ch_c0883_d0h4
var_cd_c0883_1
var_ch_c0883_d1h4
var_ch_c0883_d2h0
var_cd_c0883_2
var_ch_c0883_d2h1
var_ch_c0883_d2h3
var_cd_c0883_4
var_ch_c0883_d4h1
var_ch_c0883_d4h3
var_cd_c0897_1
var_ch_c0897_d1h1
var_cd_c0897_2
var_ch_c0897_d2h1
var_cd_c0897_3
var_ch_c0897_d3h4
var_ch_c0932_d0h0
var_cd_c0932_0
var_ch_c0932_d1h0
var_cd_c0932_1
var_cd_c0932_3
var_ch_c0932_d3h3
var_cd_c0936_0
var_ch_c0936_d0h3
var_cd_c0936_1
var_ch_c0936_d1h3
var_cd_c0936_3
var_ch_c0936_d3h3
var_cd_c0955_0
var_ch_c0955_d0h1
var_ch_c0955_d0h2
var_cd_c0955_2
var_ch_c0955_d2h3
var_ch_c0955_d2h4
var_ch_c0955_d3h0
var_cd_c0955_3
var_ch_c0955_d3h1
var_cd_c0955_4
var_ch_c0955_d4h2
var_cd_c0963_0
var_ch_c0963_d0h2
var_cd_c0963_1
var_ch_c0963_d1h2
var_cd_c0963_2
var_ch_c0963_d2h2
var_ch_c0963_d2h3
var_cd_c0963_4
var_ch_c0963_d4h1
var_ch_c0963_d4h2
var_ch_c0963_d4h3
var_cd_c0975_0
var_ch_c0975_d0h1
var_ch_c0975_d1h0
var_cd_c0975_1
var_ch_c0975_d1h1
var_cd_c0975_2
var_ch_c0975_d2h2
var_ch_c0975_d3h0
var_cd_c0975_3
var_ch_c0975_d3h1
var_cd_c0975_4
var_ch_c0975_d4h2
var_cd_c0980_0
var_ch_c0980_d0h2
var_ch_c0980_d0h4
var_cd_c0980_1
var_ch_c0980_d1h2
var_ch_c0980_d1h4
var_cd_c0980_2
var_ch_c0980_d2h3
var_cd_c0980_4
var_ch_c0980_d4h1
var_ch_c0980_d4h3
var_cd_c0983_0
var_ch_c0983_d0h1
var_ch_c0983_d0h2
var_ch_c0983_d3h0
var_cd_c0983_3
var_ch_c0983_d3h1
var_ch_c0983_d3h2
var_ch_c0983_d4h0
var_cd_c0983_4
var_ch_c0983_d4h4
var_ch_c0998_d2h0
var_cd_c0998_2
var_ch_c0998_d3h0
var_cd_c0998_3
var_ch_c0998_d4h0
var_cd_c0998_4
var_cd_c1053_1
var_ch_c1053_d1h2
var_ch_c1053_d2h0
var_cd_c1053_2
var_ch_c1053_d2h4
var_cd_c1062_0
var_ch_c1062_d0h4
var_cd_c1062_1
var_ch_c1062_d1h2
var_cd_c1062_4
var_ch_c1062_d4h1
var_cd_c1066_0
var_ch_c1066_d0h2
var_cd_c1066_2
var_ch_c1066_d2h1
var_cd_c1066_3
var_ch_c1066_d3h4
var_cd_c1069_0
var_ch_c1069_d0h3
var_ch_c1069_d1h0
var_cd_c1069_1
var_cd_c1069_3
var_ch_c1069_d3h3
var_cd_c1072_0
var_ch_c1072_d0h3
var_cd_c1072_3
var_ch_c1072_d3h3
var_ch_c1072_d4h0
var_cd_c1072_4
var_cd_c1074_0
var_ch_c1074_d0h1
var_cd_c1074_1
var_ch_c1074_d1h1
var_cd_c1074_3
var_ch_c1074_d3h2
var_cd_c1077_0
var_ch_c1077_d0h1
var_cd_c1077_2
var_ch_c1077_d2h2
var_cd_c1077_4
var_ch_c1077_d4h1
var_ch_c1001_d0h0
var_cd_c1001_0
var_cd_c1001_3
var_ch_c1001_d3h3
var_ch_c1001_d3h4
var_cd_c0812_0
var_ch_c0812_d0h2
var_cd_c0812_1
var_ch_c0812_d1h3
var_cd_c0812_2
var_ch_c0812_d2h1
var_ch_c0812_d2h3
var_cd_c0812_4
var_ch_c0812_d4h2
var_ch_c0088_d0h0
var_cd_c0088_0
var_cd_c0088_1
var_ch_c0088_d1h4
var_cd_c0088_3
var_ch_c0088_d3h2
var_cd_c0089_0
var_ch_c0089_d0h4
var_cd_c0089_1
var_ch_c0089_d1h2
var_cd_c0089_2
var_ch_c0089_d2h3
var_cd_c1022_1
var_ch_c1022_d1h3
var_cd_c1022_2
var_ch_c1022_d2h1
var_cd_c1022_4
var_ch_c1022_d4h4
var_kh_q000_d0h2
var_kh_q000_d0h3
var_kh_q000_d0h4
var_kh_q000_d1h2
var_kh_q000_d1h3
var_kh_q000_d2h2
var_kh_q000_d2h3
var_kh_q000_d4h2
var_kh_q000_d4h3
var_kh_q001_d0h0
var_kh_q001_d0h1
var_kh_q001_d1h0
var_kh_q001_d1h1
var_kh_q001_d1h3
var_kh_q001_d1h4
var_kh_q001_d2h0
var_kh_q001_d2h1
var_kh_q001_d3h0
var_kh_q001_d3h1
var_kh_q001_d4h3
var_kh_q001_d4h4
var_kh_q002_d0h0
var_kh_q002_d0h1
var_kh_q002_d1h0
var_kh_q002_d1h1
var_kh_q002_d2h0
var_kh_q002_d2h1
var_kh_q002_d2h2
var_kh_q002_d3h0
var_kh_q002_d3h1
var_kh_q002_d4h0
var_kh_q002_d4h1
var_kh_q002_d4h2
var_kh_q003_d0h0
var_kh_q003_d0h1
var_kh_q003_d1h0
var_kh_q003_d1h1
var_kh_q003_d2h0
var_kh_q003_d2h1
var_kh_q003_d2h2
var_kh_q003_d3h0
var_kh_q003_d3h1
var_kh_q003_d4h0
var_kh_q003_d4h1
var_kh_q003_d4h2
var_kh_q004_d0h0
var_kh_q004_d0h1
var_kh_q004_d1h0
var_kh_q004_d1h1
var_kh_q004_d2h0
var_kh_q004_d2h1
var_kh_q004_d2h2
var_kh_q004_d3h0
var_kh_q004_d3h1
var_kh_q004_d4h0
var_kh_q004_d4h1
var_kh_q004_d4h2
var_kh_q005_d1h0
var_kh_q005_d1h1
var_kh_q005_d1h2
var_kh_q005_d2h0
var_kh_q005_d2h1
var_kh_q005_d2h2
var_kh_q005_d4h0
var_kh_q005_d4h1
var_kh_q005_d4h2
var_kh_q006_d1h0
var_kh_q006_d1h1
var_kh_q006_d1h2
var_kh_q006_d1h3
var_kh_q006_d2h1
var_kh_q006_d2h2
var_kh_q006_d2h3
var_kh_q006_d3h2
var_kh_q006_d3h3
var_kh_q006_d3h4
var_kh_q006_d4h1
var_kh_q006_d4h2
var_kh_q007_d1h1
var_kh_q007_d1h2
var_kh_q007_d1h3
var_kh_q007_d2h0
var_kh_q007_d2h1
var_kh_q007_d3h3
var_kh_q007_d3h4
var_kh_q007_d4h0
var_kh_q007_d4h1
var_kh_q008_d1h1
var_kh_q008_d1h2
var_kh_q008_d1h3
var_kh_q008_d2h1
var_kh_q008_d2h2
var_kh_q008_d3h3
var_kh_q008_d3h4
var_kh_q008_d4h2
var_kh_q008_d4h3
var_kh_q009_d0h2
var_kh_q009_d0h3
var_kh_q009_d1h3
var_kh_q009_d1h4
var_kh_q009_d2h0
var_kh_q009_d2h1
var_kh_q009_d3h3
var_kh_q009_d3h4
var_kh_q009_d4h0
var_kh_q009_d4h1
var_kh_q009_d4h2
var_kh_q009_d4h3
var_kh_q010_d0h0
var_kh_q010_d0h1
var_kh_q010_d0h3
var_kh_q010_d0h4
var_kh_q010_d1h1
var_kh_q010_d1h2
var_kh_q010_d1h3
var_kh_q010_d1h4
var_kh_q010_d2h3
var_kh_q010_d2h4
var_kh_q010_d3h2
var_kh_q010_d3h3
var_kh_q010_d3h4
var_kh_q010_d4h3
var_kh_q010_d4h4
var_kh_q011_d1h1
var_kh_q011_d1h2
var_kh_q011_d1h3
var_kh_q011_d1h4
var_kh_q011_d2h0
var_kh_q011_d2h1
var_kh_q011_d2h2
var_kh_q011_d3h2
var_kh_q011_d3h3
var_kh_q011_d3h4
var_kh_q011_d4h0
var_kh_q011_d4h1
var_kh_q012_d1h0
var_kh_q012_d1h1
var_kh_q012_d2h2
var_kh_q012_d2h3
var_kh_q012_d3h0
var_kh_q012_d3h1
var_kh_q012_d3h2
var_kh_q012_d4h0
var_kh_q012_d4h1
var_kh_q013_d0h3
var_kh_q013_d0h4
var_kh_q013_d1h3
var_kh_q013_d1h4
var_kh_q013_d3h3
var_kh_q013_d3h4
var_kh_q013_d4h2
var_kh_q013_d4h3
var_kh_q013_d4h4
var_kh_q014_d0h1
var_kh_q014_d0h2
var_kh_q014_d1h1
var_kh_q014_d1h2
var_kh_q014_d1h3
var_kh_q014_d1h4
var_kh_q014_d2h0
var_kh_q014_d2h1
var_kh_q014_d2h2
var_kh_q014_d3h0
var_kh_q014_d3h1
var_kh_q014_d3h2
var_kh_q015_d0h1
var_kh_q015_d0h2
var_kh_q015_d1h1
var_kh_q015_d1h2
var_kh_q015_d1h3
var_kh_q015_d2h1
var_kh_q015_d2h2
var_kh_q015_d2h3
var_kh_q015_d3h1
var_kh_q015_d3h2
var_kh_q015_d4h3
var_kh_q015_d4h4
var_kh_q016_d0h1
var_kh_q016_d0h2
var_kh_q016_d0h3
var_kh_q016_d1h0
var_kh_q016_d1h1
var_kh_q016_d1h2
var_kh_q016_d1h3
var_kh_q016_d2h1
var_kh_q016_d2h2
var_kh_q016_d3h1
var_kh_q016_d3h2
var_kh_q016_d3h3
var_kh_q017_d0h1
var_kh_q017_d0h2
var_kh_q017_d0h3
var_kh_q017_d0h4
var_kh_q017_d1h0
var_kh_q017_d1h1
var_kh_q017_d1h2
var_kh_q017_d1h3
var_kh_q017_d2h1
var_kh_q017_d2h2
var_kh_q017_d3h1
var_kh_q017_d3h2
var_kh_q019_d1h0
var_kh_q019_d1h1
var_kh_q019_d1h2
var_kh_q019_d1h3
var_kh_q019_d2h0
var_kh_q019_d2h1
var_kh_q019_d3h3
var_kh_q019_d3h4
var_kh_q019_d4h0
var_kh_q019_d4h1
var_kh_q019_d4h3
var_kh_q019_d4h4
var_kh_q020_d1h0
var_kh_q020_d1h1
var_kh_q020_d1h2
var_kh_q020_d1h3
var_kh_q020_d2h0
var_kh_q020_d2h1
var_kh_q020_d3h3
var_kh_q020_d3h4
var_kh_q020_d4h0
var_kh_q020_d4h1
var_kh_q020_d4h3
var_kh_q020_d4h4
var_kh_q021_d0h0
var_kh_q021_d0h1
var_kh_q021_d0h3
var_kh_q021_d0h4
var_kh_q021_d1h3
var_kh_q021_d1h4
var_kh_q021_d2h3
var_kh_q021_d2h4
var_kh_q021_d3h1
var_kh_q021_d3h2
var_kh_q021_d4h3
var_kh_q021_d4h4
var_kh_q022_d0h0
var_kh_q022_d0h1
var_kh_q022_d0h3
var_kh_q022_d0h4
var_kh_q022_d1h0
var_kh_q022_d1h1
var_kh_q022_d2h3
var_kh_q022_d2h4
var_kh_q022_d3h3
var_kh_q022_d3h4
var_kh_q022_d4h3
var_kh_q022_d4h4
var_kh_q023_d0h3
var_kh_q023_d0h4
var_kh_q023_d2h3
var_kh_q023_d2h4
var_kh_q023_d4h3
var_kh_q023_d4h4
var_kh_q024_d0h0
var_kh_q024_d0h1
var_kh_q024_d1h3
var_kh_q024_d1h4
var_kh_q024_d2h0
var_kh_q024_d2h1
var_kh_q024_d2h2
var_kh_q024_d3h0
var_kh_q024_d3h1
var_kh_q025_d0h1
var_kh_q025_d0h2
var_kh_q025_d1h2
var_kh_q025_d1h3
var_kh_q025_d1h4
var_kh_q025_d2h3
var_kh_q025_d2h4
var_kh_q025_d3h2
var_kh_q025_d3h3
var_kh_q025_d3h4
var_kh_q025_d4h3
var_kh_q025_d4h4
var_kh_q026_d0h1
var_kh_q026_d0h2
var_kh_q026_d1h1
var_kh_q026_d1h2
var_kh_q026_d2h3
var_kh_q026_d2h4
var_kh_q026_d3h0
var_kh_q026_d3h1
var_kh_q026_d3h2
var_kh_q026_d3h3
var_kh_q026_d4h0
var_kh_q026_d4h1
var_kh_q027_d0h0
var_kh_q027_d0h1
var_kh_q027_d0h2
var_kh_q027_d1h0
var_kh_q027_d1h1
var_kh_q027_d2h3
var_kh_q027_d2h4
var_kh_q027_d3h0
var_kh_q027_d3h1
var_kh_q027_d3h2
var_kh_q027_d4h1
var_kh_q027_d4h2
var_kh_q028_d0h0
var_kh_q028_d0h1
var_kh_q028_d0h2
var_kh_q028_d1h0
var_kh_q028_d1h1
var_kh_q028_d2h3
var_kh_q028_d2h4
var_kh_q028_d3h0
var_kh_q028_d3h1
var_kh_q028_d3h2
var_kh_q028_d4h1
var_kh_q028_d4h2
var_kh_q029_d0h0
var_kh_q029_d0h1
var_kh_q029_d0h3
var_kh_q029_d0h4
var_kh_q029_d1h0
var_kh_q029_d1h1
var_kh_q029_d2h0
var_kh_q029_d2h1
var_kh_q029_d2h2
var_kh_q029_d3h0
var_kh_q029_d3h1
var_kh_q029_d3h3
var_kh_q029_d3h4
var_kh_q029_d4h1
var_kh_q029_d4h2
var_kh_q029_d4h3
var_kh_q030_d0h0
var_kh_q030_d0h1
var_kh_q030_d0h2
var_kh_q030_d0h3
var_kh_q030_d0h4
var_kh_q030_d2h0
var_kh_q030_d2h1
var_kh_q030_d2h3
var_kh_q030_d2h4
var_kh_q030_d3h0
var_kh_q030_d3h1
var_kh_q030_d3h3
var_kh_q030_d3h4
var_kh_q030_d4h1
var_kh_q030_d4h2
var_kh_q030_d4h3
var_kh_q031_d0h0
var_kh_q031_d0h1
var_kh_q031_d0h2
var_kh_q031_d0h3
var_kh_q031_d0h4
var_kh_q031_d2h0
var_kh_q031_d2h1
var_kh_q031_d3h0
var_kh_q031_d3h1
var_kh_q031_d3h2
var_kh_q031_d3h3
var_kh_q031_d3h4
var_kh_q031_d4h0
var_kh_q031_d4h1
var_kh_q031_d4h3
var_kh_q031_d4h4
var_kh_q032_d0h0
var_kh_q032_d0h1
var_kh_q032_d0h3
var_kh_q032_d0h4
var_kh_q032_d1h3
var_kh_q032_d1h4
var_kh_q032_d2h0
var_kh_q032_d2h1
var_kh_q032_d2h3
var_kh_q032_d2h4
var_kh_q032_d3h2
var_kh_q032_d3h3
var_kh_q032_d3h4
var_kh_q032_d4h0
var_kh_q032_d4h1
var_kh_q032_d4h3
var_kh_q032_d4h4
var_kh_q033_d0h0
var_kh_q033_d0h1
var_kh_q033_d0h2
var_kh_q033_d0h3
var_kh_q033_d0h4
var_kh_q033_d1h2
var_kh_q033_d1h3
var_kh_q033_d1h4
var_kh_q033_d2h3
var_kh_q033_d2h4
var_kh_q033_d3h2
var_kh_q033_d3h3
var_kh_q033_d3h4
var_kh_q033_d4h0
var_kh_q033_d4h1
var_kh_q033_d4h3
var_kh_q033_d4h4
var_kh_q034_d0h1
var_kh_q034_d0h2
var_kh_q034_d0h3
var_kh_q034_d1h1
var_kh_q034_d1h2
var_kh_q034_d1h3
var_kh_q034_d2h1
var_kh_q034_d2h2
var_kh_q034_d2h3
var_kh_q034_d3h2
var_kh_q034_d3h3
var_kh_q034_d3h4
var_kh_q034_d4h0
var_kh_q034_d4h1
var_kh_q034_d4h2
var_kh_q034_d4h3
var_kh_q035_d0h0
var_kh_q035_d0h1
var_kh_q035_d0h2
var_kh_q035_d0h3
var_kh_q035_d1h2
var_kh_q035_d1h3
var_kh_q035_d2h2
var_kh_q035_d2h3
var_kh_q035_d2h4
var_kh_q035_d3h2
var_kh_q035_d3h3
var_kh_q035_d3h4
var_kh_q035_d4h0
var_kh_q035_d4h1
var_kh_q035_d4h2
var_kh_q035_d4h3
var_kh_q035_d4h4
var_kh_q037_d0h2
var_kh_q037_d0h3
var_kh_q037_d0h4
var_kh_q037_d1h2
var_kh_q037_d1h3
var_kh_q037_d1h4
var_kh_q037_d3h2
var_kh_q037_d3h3
var_kh_q037_d3h4
var_kh_q037_d4h2
var_kh_q037_d4h3
var_kh_q037_d4h4
var_kh_q038_d0h2
var_kh_q038_d0h3
var_kh_q038_d0h4
var_kh_q038_d1h0
var_kh_q038_d1h1
var_kh_q038_d1h2
var_kh_q038_d2h3
var_kh_q038_d2h4
var_kh_q038_d3h1
var_kh_q038_d3h2
var_kh_q038_d3h3
var_kh_q038_d4h0
var_kh_q039_d0h2
var_kh_q039_d0h3
var_kh_q039_d0h4
var_kh_q039_d1h0
var_kh_q039_d1h1
var_kh_q039_d2h3
var_kh_q039_d2h4
var_kh_q039_d3h1
var_kh_q039_d3h2
var_kh_q040_d0h1
var_kh_q040_d0h2
var_kh_q040_d0h3
var_kh_q040_d0h4
var_kh_q040_d1h0
var_kh_q040_d1h1
var_kh_q040_d2h2
var_kh_q040_d2h3
var_kh_q040_d2h4
var_kh_q040_d3h0
var_kh_q040_d3h1
var_kh_q040_d3h2
var_kh_q041_d0h2
var_kh_q041_d0h3
var_kh_q041_d0h4
var_kh_q041_d1h2
var_kh_q041_d1h3
var_kh_q041_d1h4
var_kh_q041_d2h0
var_kh_q041_d2h1
var_kh_q041_d3h1
var_kh_q041_d3h2
var_kh_q041_d3h3
var_kh_q041_d4h0
var_kh_q041_d4h1
var_kh_q041_d4h2
var_kh_q041_d4h3
var_kh_q042_d0h1
var_kh_q042_d0h2
var_kh_q042_d0h3
var_kh_q042_d0h4
var_kh_q042_d1h3
var_kh_q042_d1h4
var_kh_q042_d2h0
var_kh_q042_d2h1
var_kh_q042_d2h2
var_kh_q042_d3h0
var_kh_q042_d3h1
var_kh_q042_d3h2
var_kh_q042_d4h1
var_kh_q042_d4h2
var_kh_q042_d4h3
var_kh_q043_d0h1
var_kh_q043_d0h2
var_kh_q043_d0h3
var_kh_q043_d0h4
var_kh_q043_d1h2
var_kh_q043_d1h3
var_kh_q043_d1h4
var_kh_q043_d2h0
var_kh_q043_d2h1
var_kh_q043_d2h2
var_kh_q043_d3h0
var_kh_q043_d3h1
var_kh_q043_d3h2
var_kh_q043_d3h3
var_kh_q043_d4h0
var_kh_q043_d4h1
var_kh_q043_d4h2
var_kh_q043_d4h3
var_kh_q044_d0h0
var_kh_q044_d0h1
var_kh_q044_d0h2
var_kh_q044_d1h0
var_kh_q044_d1h1
var_kh_q044_d2h1
var_kh_q044_d2h2
var_kh_q044_d3h0
var_kh_q044_d3h1
var_kh_q044_d3h2
var_kh_q044_d4h1
var_kh_q044_d4h2
var_kh_q045_d0h0
var_kh_q045_d0h1
var_kh_q045_d0h2
var_kh_q045_d1h0
var_kh_q045_d1h1
var_kh_q045_d1h2
var_kh_q045_d2h1
var_kh_q045_d2h2
var_kh_q045_d3h0
var_kh_q045_d3h1
var_kh_q045_d3h2
var_kh_q045_d3h3
var_kh_q045_d4h0
var_kh_q045_d4h1
var_kh_q045_d4h2
var_kh_q046_d0h0
var_kh_q046_d0h1
var_kh_q046_d0h2
var_kh_q046_d1h0
var_kh_q046_d1h1
var_kh_q046_d2h1
var_kh_q046_d2h2
var_kh_q046_d3h0
var_kh_q046_d3h1
var_kh_q046_d3h2
var_kh_q046_d4h1
var_kh_q046_d4h2
var_kh_q047_d0h0
var_kh_q047_d0h1
var_kh_q047_d0h2
var_kh_q047_d1h0
var_kh_q047_d1h1
var_kh_q047_d1h2
var_kh_q047_d2h1
var_kh_q047_d2h2
var_kh_q047_d3h0
var_kh_q047_d3h1
var_kh_q047_d3h2
var_kh_q047_d3h3
var_kh_q047_d4h0
var_kh_q047_d4h1
var_kh_q047_d4h2
var_kh_q048_d0h1
var_kh_q048_d0h2
var_kh_q048_d0h3
var_kh_q048_d2h0
var_kh_q048_d2h1
var_kh_q048_d2h2
var_kh_q048_d3h0
var_kh_q048_d3h1
var_kh_q048_d3h2
var_kh_q049_d0h2
var_kh_q049_d0h3
var_kh_q049_d2h0
var_kh_q049_d2h1
var_kh_q049_d3h1
var_kh_q049_d3h2
var_kh_q050_d0h1
var_kh_q050_d0h2
var_kh_q050_d0h3
var_kh_q050_d0h4
var_kh_q050_d1h0
var_kh_q050_d1h1
var_kh_q050_d1h2
var_kh_q050_d2h0
var_kh_q050_d2h1
var_kh_q050_d2h2
var_kh_q050_d3h0
var_kh_q050_d3h1
var_kh_q051_d0h2
var_kh_q051_d0h3
var_kh_q051_d2h0
var_kh_q051_d2h1
var_kh_q051_d3h1
var_kh_q051_d3h2
var_kh_q052_d0h0
var_kh_q052_d0h1
var_kh_q052_d0h3
var_kh_q052_d0h4
var_kh_q052_d1h0
var_kh_q052_d1h1
var_kh_q052_d1h2
var_kh_q052_d2h3
var_kh_q052_d2h4
var_kh_q052_d3h0
var_kh_q052_d3h1
var_kh_q052_d3h2
var_kh_q052_d3h3
var_kh_q052_d4h1
var_kh_q052_d4h2
var_kh_q053_d0h0
var_kh_q053_d0h1
var_kh_q053_d0h2
var_kh_q053_d1h2
var_kh_q053_d1h3
var_kh_q053_d1h4
var_kh_q053_d2h3
var_kh_q053_d2h4
var_kh_q053_d3h0
var_kh_q053_d3h1
var_kh_q053_d3h2
var_kh_q053_d3h3
var_kh_q053_d4h1
var_kh_q053_d4h2
var_kh_q053_d4h3
var_kh_q054_d0h1
var_kh_q054_d0h2
var_kh_q054_d0h3
var_kh_q054_d0h4
var_kh_q054_d1h1
var_kh_q054_d1h2
var_kh_q054_d1h3
var_kh_q054_d2h3
var_kh_q054_d2h4
var_kh_q054_d3h0
var_kh_q054_d3h1
var_kh_q054_d3h3
var_kh_q054_d3h4
var_kh_q054_d4h2
var_kh_q054_d4h3
var_kh_q055_d0h2
var_kh_q055_d0h3
var_kh_q055_d0h4
var_kh_q055_d1h1
var_kh_q055_d1h2
var_kh_q055_d1h3
var_kh_q055_d2h3
var_kh_q055_d2h4
var_kh_q055_d3h0
var_kh_q055_d3h1
var_kh_q055_d3h2
var_kh_q055_d3h3
var_kh_q056_d1h2
var_kh_q056_d1h3
var_kh_q056_d2h1
var_kh_q056_d2h2
var_kh_q056_d2h3
var_kh_q056_d3h1
var_kh_q056_d3h2
var_kh_q056_d4h3
var_kh_q056_d4h4
var_kh_q057_d1h2
var_kh_q057_d1h3
var_kh_q057_d1h4
var_kh_q057_d2h0
var_kh_q057_d2h1
var_kh_q057_d2h2
var_kh_q057_d2h3
var_kh_q057_d3h0
var_kh_q057_d3h1
var_kh_q057_d3h2
var_kh_q057_d4h3
var_kh_q057_d4h4
var_kh_q058_d0h3
var_kh_q058_d0h4
var_kh_q058_d1h0
var_kh_q058_d1h1
var_kh_q058_d1h2
var_kh_q058_d1h3
var_kh_q058_d2h1
var_kh_q058_d2h2
var_kh_q058_d3h1
var_kh_q058_d3h2
var_kh_q058_d3h3
var_kh_q058_d3h4
var_kh_q059_d0h3
var_kh_q059_d0h4
var_kh_q059_d1h0
var_kh_q059_d1h1
var_kh_q059_d1h2
var_kh_q059_d1h3
var_kh_q059_d1h4
var_kh_q059_d2h0
var_kh_q059_d2h1
var_kh_q059_d2h2
var_kh_q059_d3h0
var_kh_q059_d3h1
var_kh_q059_d3h2
var_kh_q059_d3h3
var_kh_q059_d3h4
var_kh_q060_d0h3
var_kh_q060_d0h4
var_kh_q060_d1h0
var_kh_q060_d1h1
var_kh_q060_d1h2
var_kh_q060_d1h3
var_kh_q060_d2h1
var_kh_q060_d2h2
var_kh_q060_d2h3
var_kh_q060_d3h1
var_kh_q060_d3h2
var_kh_q060_d3h3
var_kh_q061_d0h3
var_kh_q061_d0h4
var_kh_q061_d1h0
var_kh_q061_d1h1
var_kh_q061_d1h2
var_kh_q061_d1h3
var_kh_q061_d1h4
var_kh_q061_d2h0
var_kh_q061_d2h1
var_kh_q061_d2h2
var_kh_q061_d2h3
var_kh_q061_d3h0
var_kh_q061_d3h1
var_kh_q061_d3h2
var_kh_q061_d3h3
var_kh_q062_d0h2
var_kh_q062_d1h1
var_kh_q062_d1h2
var_kh_q062_d1h3
var_kh_q062_d1h4
var_kh_q062_d2h0
var_kh_q062_d2h1
var_kh_q062_d2h3
var_kh_q062_d2h4
var_kh_q062_d3h1
var_kh_q062_d3h2
var_kh_q062_d3h3
var_kh_q063_d0h1
var_kh_q063_d0h2
var_kh_q063_d0h3
var_kh_q063_d1h1
var_kh_q063_d1h2
var_kh_q063_d1h3
var_kh_q063_d2h0
var_kh_q063_d2h1
var_kh_q063_d2h2
var_kh_q063_d2h3
var_kh_q063_d2h4
var_kh_q063_d3h0
var_kh_q063_d3h1
var_kh_q063_d3h2
var_kh_q063_d3h3
var_kh_q064_d0h1
var_kh_q064_d0h2
var_kh_q064_d0h3
var_kh_q064_d1h3
var_kh_q064_d1h4
var_kh_q064_d2h2
var_kh_q064_d2h3
var_kh_q064_d3h0
var_kh_q064_d3h1
var_kh_q064_d4h2
var_kh_q064_d4h3
var_kh_q064_d4h4
var_kh_q065_d0h1
var_kh_q065_d0h2
var_kh_q065_d0h3
var_kh_q065_d0h4
var_kh_q065_d1h3
var_kh_q065_d1h4
var_kh_q065_d2h3
var_kh_q065_d2h4
var_kh_q065_d3h0
var_kh_q065_d3h1
var_kh_q065_d3h3
var_kh_q065_d3h4
var_kh_q065_d4h1
var_kh_q065_d4h2
var_kh_q065_d4h3
var_kh_q066_d0h1
var_kh_q066_d0h2
var_kh_q066_d0h3
var_kh_q066_d0h4
var_kh_q066_d2h3
var_kh_q066_d2h4
var_kh_q066_d3h0
var_kh_q066_d3h1
var_kh_q066_d3h3
var_kh_q066_d3h4
var_kh_q066_d4h2
var_kh_q066_d4h3
var_kh_q067_d0h0
var_kh_q067_d0h1
var_kh_q067_d0h2
var_kh_q067_d0h3
var_kh_q067_d0h4
var_kh_q067_d1h3
var_kh_q067_d1h4
var_kh_q067_d2h3
var_kh_q067_d2h4
var_kh_q067_d3h0
var_kh_q067_d3h1
var_kh_q067_d3h3
var_kh_q067_d3h4
var_kh_q067_d4h2
var_kh_q067_d4h3
var_kh_q068_d0h0
var_kh_q068_d0h1
var_kh_q068_d0h2
var_kh_q068_d0h3
var_kh_q068_d0h4
var_kh_q068_d1h0
var_kh_q068_d1h1
var_kh_q068_d1h2
var_kh_q068_d2h2
var_kh_q068_d2h3
var_kh_q068_d2h4
var_kh_q068_d3h1
var_kh_q068_d3h2
var_kh_q068_d3h3
var_kh_q068_d3h4
var_kh_q069_d0h0
var_kh_q069_d0h1
var_kh_q069_d0h3
var_kh_q069_d0h4
var_kh_q069_d1h1
var_kh_q069_d1h2
var_kh_q069_d2h1
var_kh_q069_d2h2
var_kh_q069_d2h3
var_kh_q069_d3h1
var_kh_q069_d3h2
var_kh_q069_d3h3
var_kh_q069_d3h4
var_kh_q069_d4h0
var_kh_q069_d4h1
var_kh_q070_d0h0
var_kh_q070_d0h1
var_kh_q070_d0h3
var_kh_q070_d0h4
var_kh_q070_d1h0
var_kh_q070_d1h1
var_kh_q070_d1h2
var_kh_q070_d2h0
var_kh_q070_d2h1
var_kh_q070_d2h2
var_kh_q070_d2h3
var_kh_q070_d3h3
var_kh_q070_d3h4
var_kh_q070_d4h0
var_kh_q070_d4h1
var_kh_q071_d0h0
var_kh_q071_d0h1
var_kh_q071_d0h3
var_kh_q071_d0h4
var_kh_q071_d1h0
var_kh_q071_d1h1
var_kh_q071_d1h2
var_kh_q071_d1h3
var_kh_q071_d1h4
var_kh_q071_d2h0
var_kh_q071_d2h1
var_kh_q071_d2h2
var_kh_q071_d3h1
var_kh_q071_d3h2
var_kh_q071_d4h1
var_kh_q071_d4h2
var_kh_q071_d4h3
var_kh_q071_d4h4
var_kh_q072_d0h2
var_kh_q072_d0h3
var_kh_q072_d0h4
var_kh_q072_d1h3
var_kh_q072_d1h4
var_kh_q072_d2h0
var_kh_q072_d2h1
var_kh_q072_d2h3
var_kh_q072_d2h4
var_kh_q072_d3h0
var_kh_q072_d3h1
var_kh_q072_d4h1
var_kh_q072_d4h2
var_kh_q072_d4h3
var_kh_q073_d0h2
var_kh_q073_d0h3
var_kh_q073_d0h4
var_kh_q073_d1h2
var_kh_q073_d1h3
var_kh_q073_d1h4
var_kh_q073_d2h0
var_kh_q073_d2h1
var_kh_q073_d2h2
var_kh_q073_d2h3
var_kh_q073_d2h4
var_kh_q073_d3h0
var_kh_q073_d3h1
var_kh_q073_d3h2
var_kh_q073_d4h1
var_kh_q073_d4h2
var_kh_q073_d4h3
var_kh_q074_d0h3
var_kh_q074_d0h4
var_kh_q074_d1h3
var_kh_q074_d1h4
var_kh_q074_d2h0
var_kh_q074_d2h1
var_kh_q074_d2h2
var_kh_q074_d4h0
var_kh_q074_d4h1
var_kh_q075_d0h3
var_kh_q075_d0h4
var_kh_q075_d2h0
var_kh_q075_d2h1
var_kh_q075_d4h0
var_kh_q075_d4h1
var_kh_q076_d0h3
var_kh_q076_d0h4
var_kh_q076_d2h0
var_kh_q076_d2h1
var_kh_q076_d4h0
var_kh_q076_d4h1
var_kh_q077_d0h2
var_kh_q077_d0h3
var_kh_q077_d0h4
var_kh_q077_d1h1
var_kh_q077_d1h2
var_kh_q077_d1h3
var_kh_q077_d1h4
var_kh_q077_d2h1
var_kh_q077_d2h2
var_kh_q077_d2h3
var_kh_q077_d3h3
var_kh_q077_d3h4
var_kh_q077_d4h0
var_kh_q077_d4h1
var_kh_q077_d4h2
var_kh_q077_d4h3
var_kh_q078_d0h3
var_kh_q078_d0h4
var_kh_q078_d1h1
var_kh_q078_d1h2
var_kh_q078_d1h3
var_kh_q078_d2h1
var_kh_q078_d2h2
var_kh_q078_d3h3
var_kh_q078_d3h4
var_kh_q078_d4h0
var_kh_q078_d4h1
var_kh_q078_d4h2
var_kh_q079_d0h2
var_kh_q079_d0h3
var_kh_q079_d0h4
var_kh_q079_d1h2
var_kh_q079_d1h3
var_kh_q079_d2h1
var_kh_q079_d2h2
var_kh_q079_d3h3
var_kh_q079_d3h4
var_kh_q079_d4h0
var_kh_q079_d4h1
var_kh_q079_d4h2
var_cr_c0020_r25
var_cr_c0074_r25
var_cr_c0532_r25
var_cr_c0730_r25
var_cr_c0794_r25
var_cr_c1053_r25
var_cr_c1069_r25
var_cr_c0412_r36
var_cr_c0449_r36
var_cr_c0807_r36
var_cr_c0883_r36
var_cr_c1074_r36
var_cr_c0443_r37
var_cr_c0444_r37
var_cr_c0467_r37
var_cr_c0526_r37
var_cr_c0723_r37
var_cr_c0804_r37
var_cr_c1022_r37
var_cr_c0007_r38
var_cr_c0009_r38
var_cr_c0024_r38
var_cr_c0487_r38
var_cr_c0539_r38
var_cr_c0789_r38
var_cr_c0019_r31
var_cr_c0496_r31
var_cr_c0534_r31
var_cr_c0955_r31
var_cr_c1062_r31
var_cr_c0232_r27
var_cr_c0432_r27
var_cr_c0479_r27
var_cr_c0537_r27
var_cr_c0742_r27
var_cr_c1072_r27
var_cr_c0049_r51
var_cr_c0061_r51
var_cr_c0430_r51
var_cr_c0822_r51
var_cr_c0963_r51
var_cr_c1001_r51
var_cr_c0044_rB
var_cr_c0152_rB
var_cr_c0201_rB
var_cr_c0230_rB
var_cr_c0238_rB
var_cr_c0520_rB
var_cr_c0746_rB
var_cr_c0088_rB
var_cr_c0023_rD
var_cr_c0056_rD
var_cr_c0110_rD
var_cr_c0127_rD
var_cr_c0131_rD
var_cr_c0193_rD
var_cr_c0252_rD
var_cr_c0998_rD
var_cr_c0047_rF
var_cr_c0069_rF
var_cr_c0072_rF
var_cr_c0095_rF
var_cr_c0133_rF
var_cr_c0178_rF
var_cr_c0213_rF
var_cr_c0515_rF
var_cr_c0058_rG
var_cr_c0129_rG
var_cr_c0195_rG
var_cr_c0203_rG
var_cr_c0206_rG
var_cr_c0257_rG
var_cr_c0722_rG
var_cr_c0106_rA
var_cr_c0108_rA
var_cr_c0115_rA
var_cr_c0191_rA
var_cr_c0217_rA
var_cr_c0221_rA
var_cr_c0279_rA
var_cr_c0455_rA
var_cr_c0103_rL
var_cr_c0113_rL
var_cr_c0132_rL
var_cr_c0153_rL
var_cr_c0211_rL
var_cr_c0219_rL
var_cr_c0512_rL
var_cr_c0725_rL
var_cr_c0464_r50
var_cr_c0535_r50
var_cr_c0897_r50
var_cr_c0936_r50
var_cr_c1077_r50
var_cr_c0089_r50
var_cr_c0554_r52
var_cr_c0975_r52
var_cr_c0980_r52
var_cr_c0062_rDS1
var_cr_c0225_rDS1
var_cr_c0253_rDS1
var_cr_c0411_rDS1
var_cr_c0478_rDS1
var_cr_c0503_rDS1
var_cr_c0932_rDS1
var_cr_c0602_rDS2
var_cr_c0737_rDS2
var_cr_c0808_rDS2
var_cr_c0847_rDS2
var_cr_c0983_rDS2
var_cr_c0015_rN
var_cr_c0423_rN
var_cr_c0530_rN
var_cr_c0538_rN
var_cr_c0795_rN
var_cr_c1066_rN
var_cr_c0118_rR
var_cr_c0428_rR
var_cr_c0497_rR
var_cr_c0835_rR
var_cr_c0812_rR
